d:\include\freeimage_src\source\libpng\win32\release\pngwutil.obj
d:\include\freeimage_src\source\libpng\win32\release\pngwtran.obj
d:\include\freeimage_src\source\libpng\win32\release\pngwrite.obj
d:\include\freeimage_src\source\libpng\win32\release\pngwio.obj
d:\include\freeimage_src\source\libpng\win32\release\pngtrans.obj
d:\include\freeimage_src\source\libpng\win32\release\pngset.obj
d:\include\freeimage_src\source\libpng\win32\release\pngrutil.obj
d:\include\freeimage_src\source\libpng\win32\release\pngrtran.obj
d:\include\freeimage_src\source\libpng\win32\release\pngrio.obj
d:\include\freeimage_src\source\libpng\win32\release\pngread.obj
d:\include\freeimage_src\source\libpng\win32\release\pngpread.obj
d:\include\freeimage_src\source\libpng\win32\release\pngmem.obj
d:\include\freeimage_src\source\libpng\win32\release\pngget.obj
d:\include\freeimage_src\source\libpng\win32\release\pngerror.obj
d:\include\freeimage_src\source\libpng\win32\release\png.obj
d:\include\freeimage_src\source\libpng\win32\release\libpng.lib
d:\include\freeimage_src\source\libpng\.\win32\release\libpng.lib
d:\include\freeimage_src\source\libpng\win32\release\libpng.tlog\cl.command.1.tlog
d:\include\freeimage_src\source\libpng\win32\release\libpng.tlog\cl.read.1.tlog
d:\include\freeimage_src\source\libpng\win32\release\libpng.tlog\cl.write.1.tlog
d:\include\freeimage_src\source\libpng\win32\release\libpng.tlog\lib-link.read.1.tlog
d:\include\freeimage_src\source\libpng\win32\release\libpng.tlog\lib-link.write.1.tlog
d:\include\freeimage_src\source\libpng\win32\release\libpng.tlog\lib.command.1.tlog
