Build started 20.03.2016 15:53:57.
     1>Project "C:\usr\code\FreeImage_src_vs13\Source\LibJXR\LibJXR.2013.vcxproj" on node 4 (Build target(s)).
     1>ClCompile:
         C:\Program Files (x86)\Microsoft Visual Studio 12.0\VC\bin\x86_amd64\CL.exe /c /I./image/sys /I./jxrgluelib /nologo /W3 /WX- /Ox /Ob1 /Oi /GL /D WIN32 /D NDEBUG /D _LIB /D DISABLE_PERF_MEASUREMENT /D _MBCS /Gm- /EHsc /MT /GS /Gy /fp:precise /Zc:wchar_t /Zc:forScope /Fo".\x64\Release\\" /Fd".\x64\Release\vc120.pdb" /Gd /TC /errorReport:prompt image\decode\decode.c image\decode\JXRTranscode.c image\decode\postprocess.c image\decode\segdec.c image\decode\strdec.c image\decode\strdec_x86.c image\decode\strInvTransform.c image\decode\strPredQuantDec.c image\encode\encode.c image\encode\segenc.c image\encode\strenc.c image\encode\strenc_x86.c image\encode\strFwdTransform.c image\encode\strPredQuantEnc.c image\sys\adapthuff.c image\sys\image.c image\sys\strcodec.c image\sys\strPredQuant.c image\sys\strTransform.c jxrgluelib\JXRGlue.c jxrgluelib\JXRGlueJxr.c jxrgluelib\JXRGluePFC.c jxrgluelib\JXRMeta.c
         decode.c
         JXRTranscode.c
         postprocess.c
         segdec.c
         strdec.c
         strdec_x86.c
         strInvTransform.c
         strPredQuantDec.c
         encode.c
         segenc.c
         strenc.c
         strenc_x86.c
         strFwdTransform.c
         strPredQuantEnc.c
         adapthuff.c
         image.c
         strcodec.c
         strPredQuant.c
         strTransform.c
         JXRGlue.c
         Compiling...
         JXRGlueJxr.c
         JXRGluePFC.c
         JXRMeta.c
       Lib:
         C:\Program Files (x86)\Microsoft Visual Studio 12.0\VC\bin\x86_amd64\Lib.exe /OUT:".\x64\Release\LibJXR.lib" /NOLOGO /MACHINE:X64 /LTCG .\x64\Release\decode.obj
         .\x64\Release\JXRTranscode.obj
         .\x64\Release\postprocess.obj
         .\x64\Release\segdec.obj
         .\x64\Release\strdec.obj
         .\x64\Release\strdec_x86.obj
         .\x64\Release\strInvTransform.obj
         .\x64\Release\strPredQuantDec.obj
         .\x64\Release\encode.obj
         .\x64\Release\segenc.obj
         .\x64\Release\strenc.obj
         .\x64\Release\strenc_x86.obj
         .\x64\Release\strFwdTransform.obj
         .\x64\Release\strPredQuantEnc.obj
         .\x64\Release\adapthuff.obj
         .\x64\Release\image.obj
         .\x64\Release\strcodec.obj
         .\x64\Release\strPredQuant.obj
         .\x64\Release\strTransform.obj
         .\x64\Release\JXRGlue.obj
         .\x64\Release\JXRGlueJxr.obj
         .\x64\Release\JXRGluePFC.obj
         .\x64\Release\JXRMeta.obj
         LibJXR.2013.vcxproj -> C:\usr\code\FreeImage_src_vs13\Source\LibJXR\.\x64\Release\LibJXR.lib
     1>Done Building Project "C:\usr\code\FreeImage_src_vs13\Source\LibJXR\LibJXR.2013.vcxproj" (Build target(s)).

Build succeeded.

Time Elapsed 00:00:16.63
