c:\usr\code\freeimage_src\source\libjxr\x64\release\jxrglue.obj
c:\usr\code\freeimage_src\source\libjxr\x64\release\strtransform.obj
c:\usr\code\freeimage_src\source\libjxr\x64\release\strpredquant.obj
c:\usr\code\freeimage_src\source\libjxr\x64\release\strcodec.obj
c:\usr\code\freeimage_src\source\libjxr\x64\release\image.obj
c:\usr\code\freeimage_src\source\libjxr\x64\release\adapthuff.obj
c:\usr\code\freeimage_src\source\libjxr\x64\release\strpredquantenc.obj
c:\usr\code\freeimage_src\source\libjxr\x64\release\strfwdtransform.obj
c:\usr\code\freeimage_src\source\libjxr\x64\release\strenc_x86.obj
c:\usr\code\freeimage_src\source\libjxr\x64\release\strenc.obj
c:\usr\code\freeimage_src\source\libjxr\x64\release\segenc.obj
c:\usr\code\freeimage_src\source\libjxr\x64\release\encode.obj
c:\usr\code\freeimage_src\source\libjxr\x64\release\strpredquantdec.obj
c:\usr\code\freeimage_src\source\libjxr\x64\release\strinvtransform.obj
c:\usr\code\freeimage_src\source\libjxr\x64\release\strdec_x86.obj
c:\usr\code\freeimage_src\source\libjxr\x64\release\strdec.obj
c:\usr\code\freeimage_src\source\libjxr\x64\release\segdec.obj
c:\usr\code\freeimage_src\source\libjxr\x64\release\postprocess.obj
c:\usr\code\freeimage_src\source\libjxr\x64\release\jxrtranscode.obj
c:\usr\code\freeimage_src\source\libjxr\x64\release\decode.obj
c:\usr\code\freeimage_src\source\libjxr\x64\release\jxrmeta.obj
c:\usr\code\freeimage_src\source\libjxr\x64\release\jxrgluepfc.obj
c:\usr\code\freeimage_src\source\libjxr\x64\release\jxrgluejxr.obj
c:\usr\code\freeimage_src\source\libjxr\x64\release\vc120.pdb
c:\usr\code\freeimage_src\source\libjxr\x64\release\libjxr.lib
c:\usr\code\freeimage_src\source\libjxr\.\x64\release\libjxr.lib
c:\usr\code\freeimage_src\source\libjxr\x64\release\libjxr.tlog\cl.command.1.tlog
c:\usr\code\freeimage_src\source\libjxr\x64\release\libjxr.tlog\cl.read.1.tlog
c:\usr\code\freeimage_src\source\libjxr\x64\release\libjxr.tlog\cl.write.1.tlog
c:\usr\code\freeimage_src\source\libjxr\x64\release\libjxr.tlog\lib-link.read.1.tlog
c:\usr\code\freeimage_src\source\libjxr\x64\release\libjxr.tlog\lib-link.write.1.tlog
c:\usr\code\freeimage_src\source\libjxr\x64\release\libjxr.tlog\lib.command.1.tlog
