c:\usr\code\freeimage_src\source\zlib\x64\release\zutil.obj
c:\usr\code\freeimage_src\source\zlib\x64\release\uncompr.obj
c:\usr\code\freeimage_src\source\zlib\x64\release\trees.obj
c:\usr\code\freeimage_src\source\zlib\x64\release\inftrees.obj
c:\usr\code\freeimage_src\source\zlib\x64\release\inflate.obj
c:\usr\code\freeimage_src\source\zlib\x64\release\inffast.obj
c:\usr\code\freeimage_src\source\zlib\x64\release\infback.obj
c:\usr\code\freeimage_src\source\zlib\x64\release\gzwrite.obj
c:\usr\code\freeimage_src\source\zlib\x64\release\gzread.obj
c:\usr\code\freeimage_src\source\zlib\x64\release\gzlib.obj
c:\usr\code\freeimage_src\source\zlib\x64\release\gzclose.obj
c:\usr\code\freeimage_src\source\zlib\x64\release\deflate.obj
c:\usr\code\freeimage_src\source\zlib\x64\release\crc32.obj
c:\usr\code\freeimage_src\source\zlib\x64\release\compress.obj
c:\usr\code\freeimage_src\source\zlib\x64\release\adler32.obj
c:\usr\code\freeimage_src\source\zlib\x64\release\vc120.pdb
c:\usr\code\freeimage_src\source\zlib\x64\release\zlib.lib
c:\usr\code\freeimage_src\source\zlib\.\x64\release\zlib.lib
c:\usr\code\freeimage_src\source\zlib\x64\release\zlib.tlog\cl.command.1.tlog
c:\usr\code\freeimage_src\source\zlib\x64\release\zlib.tlog\cl.read.1.tlog
c:\usr\code\freeimage_src\source\zlib\x64\release\zlib.tlog\cl.write.1.tlog
c:\usr\code\freeimage_src\source\zlib\x64\release\zlib.tlog\lib-link.read.1.tlog
c:\usr\code\freeimage_src\source\zlib\x64\release\zlib.tlog\lib-link.write.1.tlog
c:\usr\code\freeimage_src\source\zlib\x64\release\zlib.tlog\lib.command.1.tlog
