d:\include\freeimage_src\source\libopenjpeg\win32\release\tgt.obj
d:\include\freeimage_src\source\libopenjpeg\win32\release\tcd.obj
d:\include\freeimage_src\source\libopenjpeg\win32\release\t2.obj
d:\include\freeimage_src\source\libopenjpeg\win32\release\t1.obj
d:\include\freeimage_src\source\libopenjpeg\win32\release\raw.obj
d:\include\freeimage_src\source\libopenjpeg\win32\release\pi.obj
d:\include\freeimage_src\source\libopenjpeg\win32\release\openjpeg.obj
d:\include\freeimage_src\source\libopenjpeg\win32\release\mqc.obj
d:\include\freeimage_src\source\libopenjpeg\win32\release\mct.obj
d:\include\freeimage_src\source\libopenjpeg\win32\release\jp2.obj
d:\include\freeimage_src\source\libopenjpeg\win32\release\j2k.obj
d:\include\freeimage_src\source\libopenjpeg\win32\release\image.obj
d:\include\freeimage_src\source\libopenjpeg\win32\release\event.obj
d:\include\freeimage_src\source\libopenjpeg\win32\release\dwt.obj
d:\include\freeimage_src\source\libopenjpeg\win32\release\cio.obj
d:\include\freeimage_src\source\libopenjpeg\win32\release\bio.obj
d:\include\freeimage_src\source\libopenjpeg\win32\release\opj_clock.obj
d:\include\freeimage_src\source\libopenjpeg\win32\release\invert.obj
d:\include\freeimage_src\source\libopenjpeg\win32\release\function_list.obj
d:\include\freeimage_src\source\libopenjpeg\win32\release\libopenjpeg.lib
d:\include\freeimage_src\source\libopenjpeg\.\win32\release\libopenjpeg.lib
d:\include\freeimage_src\source\libopenjpeg\win32\release\libopenjpeg.tlog\cl.command.1.tlog
d:\include\freeimage_src\source\libopenjpeg\win32\release\libopenjpeg.tlog\cl.read.1.tlog
d:\include\freeimage_src\source\libopenjpeg\win32\release\libopenjpeg.tlog\cl.write.1.tlog
d:\include\freeimage_src\source\libopenjpeg\win32\release\libopenjpeg.tlog\lib-link.read.1.tlog
d:\include\freeimage_src\source\libopenjpeg\win32\release\libopenjpeg.tlog\lib-link.write.1.tlog
d:\include\freeimage_src\source\libopenjpeg\win32\release\libopenjpeg.tlog\lib.command.1.tlog
