c:\usr\code\freeimage_src\x64\release\pluginhdr.obj
c:\usr\code\freeimage_src\x64\release\plugingif.obj
c:\usr\code\freeimage_src\x64\release\pluging3.obj
c:\usr\code\freeimage_src\x64\release\pluginexr.obj
c:\usr\code\freeimage_src\x64\release\plugindds.obj
c:\usr\code\freeimage_src\x64\release\plugincut.obj
c:\usr\code\freeimage_src\x64\release\pluginbmp.obj
c:\usr\code\freeimage_src\x64\release\plugin.obj
c:\usr\code\freeimage_src\x64\release\mnghelper.obj
c:\usr\code\freeimage_src\x64\release\j2khelper.obj
c:\usr\code\freeimage_src\x64\release\pixelaccess.obj
c:\usr\code\freeimage_src\x64\release\memoryio.obj
c:\usr\code\freeimage_src\x64\release\lfpquantizer.obj
c:\usr\code\freeimage_src\x64\release\gettype.obj
c:\usr\code\freeimage_src\x64\release\freeimageio.obj
c:\usr\code\freeimage_src\x64\release\freeimage.obj
c:\usr\code\freeimage_src\x64\release\conversionrgbaf.obj
c:\usr\code\freeimage_src\x64\release\conversionrgba16.obj
c:\usr\code\freeimage_src\x64\release\colorlookup.obj
c:\usr\code\freeimage_src\x64\release\bitmapaccess.obj
c:\usr\code\freeimage_src\x64\release\plugintarga.obj
c:\usr\code\freeimage_src\x64\release\pluginsgi.obj
c:\usr\code\freeimage_src\x64\release\pluginraw.obj
c:\usr\code\freeimage_src\x64\release\pluginras.obj
c:\usr\code\freeimage_src\x64\release\pluginpsd.obj
c:\usr\code\freeimage_src\x64\release\pluginpnm.obj
c:\usr\code\freeimage_src\x64\release\pluginpng.obj
c:\usr\code\freeimage_src\x64\release\pluginpict.obj
c:\usr\code\freeimage_src\x64\release\pluginpfm.obj
c:\usr\code\freeimage_src\x64\release\pluginpcx.obj
c:\usr\code\freeimage_src\x64\release\pluginpcd.obj
c:\usr\code\freeimage_src\x64\release\pluginmng.obj
c:\usr\code\freeimage_src\x64\release\pluginkoala.obj
c:\usr\code\freeimage_src\x64\release\pluginjxr.obj
c:\usr\code\freeimage_src\x64\release\pluginjpeg.obj
c:\usr\code\freeimage_src\x64\release\pluginjp2.obj
c:\usr\code\freeimage_src\x64\release\pluginjng.obj
c:\usr\code\freeimage_src\x64\release\pluginj2k.obj
c:\usr\code\freeimage_src\x64\release\pluginiff.obj
c:\usr\code\freeimage_src\x64\release\pluginico.obj
c:\usr\code\freeimage_src\x64\release\halftoning.obj
c:\usr\code\freeimage_src\x64\release\conversionuint16.obj
c:\usr\code\freeimage_src\x64\release\conversiontype.obj
c:\usr\code\freeimage_src\x64\release\conversionrgbf.obj
c:\usr\code\freeimage_src\x64\release\conversionrgb16.obj
c:\usr\code\freeimage_src\x64\release\conversionfloat.obj
c:\usr\code\freeimage_src\x64\release\conversion8.obj
c:\usr\code\freeimage_src\x64\release\conversion4.obj
c:\usr\code\freeimage_src\x64\release\conversion32.obj
c:\usr\code\freeimage_src\x64\release\conversion24.obj
c:\usr\code\freeimage_src\x64\release\conversion16_565.obj
c:\usr\code\freeimage_src\x64\release\conversion16_555.obj
c:\usr\code\freeimage_src\x64\release\conversion.obj
c:\usr\code\freeimage_src\x64\release\tifflogluv.obj
c:\usr\code\freeimage_src\x64\release\psdparser.obj
c:\usr\code\freeimage_src\x64\release\pluginxpm.obj
c:\usr\code\freeimage_src\x64\release\pluginxbm.obj
c:\usr\code\freeimage_src\x64\release\pluginwebp.obj
c:\usr\code\freeimage_src\x64\release\pluginwbmp.obj
c:\usr\code\freeimage_src\x64\release\plugintiff.obj
c:\usr\code\freeimage_src\x64\release\background.obj
c:\usr\code\freeimage_src\x64\release\xtiff.obj
c:\usr\code\freeimage_src\x64\release\taglib.obj
c:\usr\code\freeimage_src\x64\release\tagconversion.obj
c:\usr\code\freeimage_src\x64\release\iptc.obj
c:\usr\code\freeimage_src\x64\release\freeimagetag.obj
c:\usr\code\freeimage_src\x64\release\firational.obj
c:\usr\code\freeimage_src\x64\release\exif.obj
c:\usr\code\freeimage_src\x64\release\zlibinterface.obj
c:\usr\code\freeimage_src\x64\release\multipage.obj
c:\usr\code\freeimage_src\x64\release\cachefile.obj
c:\usr\code\freeimage_src\x64\release\deprecationmgr.obj
c:\usr\code\freeimage_src\x64\release\deprecated.obj
c:\usr\code\freeimage_src\x64\release\wuquantizer.obj
c:\usr\code\freeimage_src\x64\release\nnquantizer.obj
c:\usr\code\freeimage_src\x64\release\tonemapping.obj
c:\usr\code\freeimage_src\x64\release\tmoreinhard05.obj
c:\usr\code\freeimage_src\x64\release\tmofattal02.obj
c:\usr\code\freeimage_src\x64\release\tmodrago03.obj
c:\usr\code\freeimage_src\x64\release\tmocolorconvert.obj
c:\usr\code\freeimage_src\x64\release\resize.obj
c:\usr\code\freeimage_src\x64\release\rescale.obj
c:\usr\code\freeimage_src\x64\release\multigridpoissonsolver.obj
c:\usr\code\freeimage_src\x64\release\jpegtransform.obj
c:\usr\code\freeimage_src\x64\release\flip.obj
c:\usr\code\freeimage_src\x64\release\display.obj
c:\usr\code\freeimage_src\x64\release\copypaste.obj
c:\usr\code\freeimage_src\x64\release\colors.obj
c:\usr\code\freeimage_src\x64\release\classicrotate.obj
c:\usr\code\freeimage_src\x64\release\channels.obj
c:\usr\code\freeimage_src\x64\release\bsplinerotate.obj
c:\usr\code\freeimage_src\x64\release\vc120.pdb
c:\usr\code\freeimage_src\x64\release\freeimagec.obj
c:\usr\code\freeimage_src\x64\release\freeimage.lib
c:\usr\code\freeimage_src\x64\release\freeimage.exp
c:\usr\code\freeimage_src\x64\release\freeimage.dll
c:\usr\code\freeimage_src\x64\release\freeimage.res
c:\usr\code\freeimage_src\.\x64\release\freeimage.dll
c:\usr\code\freeimage_src\x64\release\freeimage.tlog\cl.command.1.tlog
c:\usr\code\freeimage_src\x64\release\freeimage.tlog\cl.read.1.tlog
c:\usr\code\freeimage_src\x64\release\freeimage.tlog\cl.write.1.tlog
c:\usr\code\freeimage_src\x64\release\freeimage.tlog\freeimage.write.1u.tlog
c:\usr\code\freeimage_src\x64\release\freeimage.tlog\link.command.1.tlog
c:\usr\code\freeimage_src\x64\release\freeimage.tlog\link.read.1.tlog
c:\usr\code\freeimage_src\x64\release\freeimage.tlog\link.write.1.tlog
c:\usr\code\freeimage_src\x64\release\freeimage.tlog\rc.command.1.tlog
c:\usr\code\freeimage_src\x64\release\freeimage.tlog\rc.read.1.tlog
c:\usr\code\freeimage_src\x64\release\freeimage.tlog\rc.write.1.tlog
