d:\include\freeimage_src\source\libopenjpeg\win32\debug\libopenjpeg.pdb
d:\include\freeimage_src\source\libopenjpeg\win32\debug\libopenjpeg.idb
d:\include\freeimage_src\source\libopenjpeg\win32\debug\tgt.obj
d:\include\freeimage_src\source\libopenjpeg\win32\debug\tcd.obj
d:\include\freeimage_src\source\libopenjpeg\win32\debug\t2.obj
d:\include\freeimage_src\source\libopenjpeg\win32\debug\t1.obj
d:\include\freeimage_src\source\libopenjpeg\win32\debug\raw.obj
d:\include\freeimage_src\source\libopenjpeg\win32\debug\pi.obj
d:\include\freeimage_src\source\libopenjpeg\win32\debug\opj_clock.obj
d:\include\freeimage_src\source\libopenjpeg\win32\debug\openjpeg.obj
d:\include\freeimage_src\source\libopenjpeg\win32\debug\mqc.obj
d:\include\freeimage_src\source\libopenjpeg\win32\debug\mct.obj
d:\include\freeimage_src\source\libopenjpeg\win32\debug\jp2.obj
d:\include\freeimage_src\source\libopenjpeg\win32\debug\j2k.obj
d:\include\freeimage_src\source\libopenjpeg\win32\debug\invert.obj
d:\include\freeimage_src\source\libopenjpeg\win32\debug\image.obj
d:\include\freeimage_src\source\libopenjpeg\win32\debug\function_list.obj
d:\include\freeimage_src\source\libopenjpeg\win32\debug\event.obj
d:\include\freeimage_src\source\libopenjpeg\win32\debug\dwt.obj
d:\include\freeimage_src\source\libopenjpeg\win32\debug\cio.obj
d:\include\freeimage_src\source\libopenjpeg\win32\debug\bio.obj
c:\usr\code\freeimage_src\source\libopenjpeg\win32\debug\vc120.pdb
c:\usr\code\freeimage_src\source\libopenjpeg\win32\debug\vc120.idb
c:\usr\code\freeimage_src\source\libopenjpeg\win32\debug\tgt.obj
c:\usr\code\freeimage_src\source\libopenjpeg\win32\debug\tcd.obj
c:\usr\code\freeimage_src\source\libopenjpeg\win32\debug\t2.obj
c:\usr\code\freeimage_src\source\libopenjpeg\win32\debug\t1.obj
c:\usr\code\freeimage_src\source\libopenjpeg\win32\debug\raw.obj
c:\usr\code\freeimage_src\source\libopenjpeg\win32\debug\pi.obj
c:\usr\code\freeimage_src\source\libopenjpeg\win32\debug\opj_clock.obj
c:\usr\code\freeimage_src\source\libopenjpeg\win32\debug\openjpeg.obj
c:\usr\code\freeimage_src\source\libopenjpeg\win32\debug\mqc.obj
c:\usr\code\freeimage_src\source\libopenjpeg\win32\debug\mct.obj
c:\usr\code\freeimage_src\source\libopenjpeg\win32\debug\jp2.obj
c:\usr\code\freeimage_src\source\libopenjpeg\win32\debug\j2k.obj
c:\usr\code\freeimage_src\source\libopenjpeg\win32\debug\invert.obj
c:\usr\code\freeimage_src\source\libopenjpeg\win32\debug\image.obj
c:\usr\code\freeimage_src\source\libopenjpeg\win32\debug\function_list.obj
c:\usr\code\freeimage_src\source\libopenjpeg\win32\debug\event.obj
c:\usr\code\freeimage_src\source\libopenjpeg\win32\debug\dwt.obj
c:\usr\code\freeimage_src\source\libopenjpeg\win32\debug\cio.obj
c:\usr\code\freeimage_src\source\libopenjpeg\win32\debug\bio.obj
d:\include\freeimage_src\source\libopenjpeg\win32\debug\libopenjpeg.lib
c:\usr\code\freeimage_src\source\libopenjpeg\win32\debug\libopenjpeg.lib
c:\usr\code\freeimage_src\source\libopenjpeg\win32\debug\libopenjpeg.idb
c:\usr\code\freeimage_src\source\libopenjpeg\win32\debug\libopenjpeg.pdb
c:\usr\code\freeimage_src\source\libopenjpeg\.\win32\debug\libopenjpeg.lib
c:\usr\code\freeimage_src\source\libopenjpeg\win32\debug\libopenjpeg.tlog\cl.command.1.tlog
c:\usr\code\freeimage_src\source\libopenjpeg\win32\debug\libopenjpeg.tlog\cl.read.1.tlog
c:\usr\code\freeimage_src\source\libopenjpeg\win32\debug\libopenjpeg.tlog\cl.write.1.tlog
c:\usr\code\freeimage_src\source\libopenjpeg\win32\debug\libopenjpeg.tlog\lib-link.read.1.tlog
c:\usr\code\freeimage_src\source\libopenjpeg\win32\debug\libopenjpeg.tlog\lib-link.write.1.tlog
c:\usr\code\freeimage_src\source\libopenjpeg\win32\debug\libopenjpeg.tlog\lib.command.1.tlog
