d:\include\freeimage_src\source\openexr\win32\debug\openexr.pdb
d:\include\freeimage_src\source\openexr\win32\debug\openexr.idb
d:\include\freeimage_src\source\openexr\win32\debug\imfdeepscanlineinputpart.obj
d:\include\freeimage_src\source\openexr\win32\debug\imfdeepscanlineinputfile.obj
d:\include\freeimage_src\source\openexr\win32\debug\imfdeepimagestateattribute.obj
d:\include\freeimage_src\source\openexr\win32\debug\imfdeepframebuffer.obj
d:\include\freeimage_src\source\openexr\win32\debug\imfdeepcompositing.obj
d:\include\freeimage_src\source\openexr\win32\debug\imfcrgbafile.obj
d:\include\freeimage_src\source\openexr\win32\debug\imfconvert.obj
d:\include\freeimage_src\source\openexr\win32\debug\imfcompressor.obj
d:\include\freeimage_src\source\openexr\win32\debug\imfcompressionattribute.obj
d:\include\freeimage_src\source\openexr\win32\debug\imfcompositedeepscanline.obj
d:\include\freeimage_src\source\openexr\win32\debug\imfchromaticitiesattribute.obj
d:\include\freeimage_src\source\openexr\win32\debug\imfchromaticities.obj
d:\include\freeimage_src\source\openexr\win32\debug\imfchannellistattribute.obj
d:\include\freeimage_src\source\openexr\win32\debug\imfchannellist.obj
d:\include\freeimage_src\source\openexr\win32\debug\imfboxattribute.obj
d:\include\freeimage_src\source\openexr\win32\debug\imfb44compressor.obj
d:\include\freeimage_src\source\openexr\win32\debug\imfattribute.obj
d:\include\freeimage_src\source\openexr\win32\debug\imfacesfile.obj
d:\include\freeimage_src\source\openexr\win32\debug\b44explogtable.obj
d:\include\freeimage_src\source\openexr\win32\debug\iexmathfpu.obj
d:\include\freeimage_src\source\openexr\win32\debug\imfinputfile.obj
d:\include\freeimage_src\source\openexr\win32\debug\imfhuf.obj
d:\include\freeimage_src\source\openexr\win32\debug\imfheader.obj
d:\include\freeimage_src\source\openexr\win32\debug\imfgenericoutputfile.obj
d:\include\freeimage_src\source\openexr\win32\debug\imfgenericinputfile.obj
d:\include\freeimage_src\source\openexr\win32\debug\imfframespersecond.obj
d:\include\freeimage_src\source\openexr\win32\debug\imfframebuffer.obj
d:\include\freeimage_src\source\openexr\win32\debug\imffloatvectorattribute.obj
d:\include\freeimage_src\source\openexr\win32\debug\imffloatattribute.obj
d:\include\freeimage_src\source\openexr\win32\debug\imffasthuf.obj
d:\include\freeimage_src\source\openexr\win32\debug\imfenvmapattribute.obj
d:\include\freeimage_src\source\openexr\win32\debug\imfenvmap.obj
d:\include\freeimage_src\source\openexr\win32\debug\imfdwacompressor.obj
d:\include\freeimage_src\source\openexr\win32\debug\imfdoubleattribute.obj
d:\include\freeimage_src\source\openexr\win32\debug\imfdeeptiledoutputpart.obj
d:\include\freeimage_src\source\openexr\win32\debug\imfdeeptiledoutputfile.obj
d:\include\freeimage_src\source\openexr\win32\debug\imfdeeptiledinputpart.obj
d:\include\freeimage_src\source\openexr\win32\debug\imfdeeptiledinputfile.obj
d:\include\freeimage_src\source\openexr\win32\debug\imfdeepscanlineoutputpart.obj
d:\include\freeimage_src\source\openexr\win32\debug\imfdeepscanlineoutputfile.obj
d:\include\freeimage_src\source\openexr\win32\debug\imfpreviewimage.obj
d:\include\freeimage_src\source\openexr\win32\debug\imfpizcompressor.obj
d:\include\freeimage_src\source\openexr\win32\debug\imfparttype.obj
d:\include\freeimage_src\source\openexr\win32\debug\imfoutputpartdata.obj
d:\include\freeimage_src\source\openexr\win32\debug\imfoutputpart.obj
d:\include\freeimage_src\source\openexr\win32\debug\imfoutputfile.obj
d:\include\freeimage_src\source\openexr\win32\debug\imfopaqueattribute.obj
d:\include\freeimage_src\source\openexr\win32\debug\imfmultiview.obj
d:\include\freeimage_src\source\openexr\win32\debug\imfmultipartoutputfile.obj
d:\include\freeimage_src\source\openexr\win32\debug\imfmultipartinputfile.obj
d:\include\freeimage_src\source\openexr\win32\debug\imfmisc.obj
d:\include\freeimage_src\source\openexr\win32\debug\imfmatrixattribute.obj
d:\include\freeimage_src\source\openexr\win32\debug\imflut.obj
d:\include\freeimage_src\source\openexr\win32\debug\imflineorderattribute.obj
d:\include\freeimage_src\source\openexr\win32\debug\imfkeycodeattribute.obj
d:\include\freeimage_src\source\openexr\win32\debug\imfkeycode.obj
d:\include\freeimage_src\source\openexr\win32\debug\imfio.obj
d:\include\freeimage_src\source\openexr\win32\debug\imfintattribute.obj
d:\include\freeimage_src\source\openexr\win32\debug\imfinputpartdata.obj
d:\include\freeimage_src\source\openexr\win32\debug\imfinputpart.obj
d:\include\freeimage_src\source\openexr\win32\debug\imftiledmisc.obj
d:\include\freeimage_src\source\openexr\win32\debug\imftiledinputpart.obj
d:\include\freeimage_src\source\openexr\win32\debug\imftiledinputfile.obj
d:\include\freeimage_src\source\openexr\win32\debug\imftiledescriptionattribute.obj
d:\include\freeimage_src\source\openexr\win32\debug\imfthreading.obj
d:\include\freeimage_src\source\openexr\win32\debug\imftestfile.obj
d:\include\freeimage_src\source\openexr\win32\debug\imfsystemspecific.obj
d:\include\freeimage_src\source\openexr\win32\debug\imfstringvectorattribute.obj
d:\include\freeimage_src\source\openexr\win32\debug\imfstringattribute.obj
d:\include\freeimage_src\source\openexr\win32\debug\imfstdio.obj
d:\include\freeimage_src\source\openexr\win32\debug\imfstandardattributes.obj
d:\include\freeimage_src\source\openexr\win32\debug\imfscanlineinputfile.obj
d:\include\freeimage_src\source\openexr\win32\debug\imfrlecompressor.obj
d:\include\freeimage_src\source\openexr\win32\debug\imfrle.obj
d:\include\freeimage_src\source\openexr\win32\debug\imfrgbayca.obj
d:\include\freeimage_src\source\openexr\win32\debug\imfrgbafile.obj
d:\include\freeimage_src\source\openexr\win32\debug\imfrationalattribute.obj
d:\include\freeimage_src\source\openexr\win32\debug\imfrational.obj
d:\include\freeimage_src\source\openexr\win32\debug\imfpxr24compressor.obj
d:\include\freeimage_src\source\openexr\win32\debug\imfpreviewimageattribute.obj
d:\include\freeimage_src\source\openexr\win32\debug\iexthrowerrnoexc.obj
d:\include\freeimage_src\source\openexr\win32\debug\iexbaseexc.obj
d:\include\freeimage_src\source\openexr\win32\debug\imathvec.obj
d:\include\freeimage_src\source\openexr\win32\debug\imathshear.obj
d:\include\freeimage_src\source\openexr\win32\debug\imathrandom.obj
d:\include\freeimage_src\source\openexr\win32\debug\imathmatrixalgo.obj
d:\include\freeimage_src\source\openexr\win32\debug\imathfun.obj
d:\include\freeimage_src\source\openexr\win32\debug\imathcoloralgo.obj
d:\include\freeimage_src\source\openexr\win32\debug\imathbox.obj
d:\include\freeimage_src\source\openexr\win32\debug\imfzipcompressor.obj
d:\include\freeimage_src\source\openexr\win32\debug\imfzip.obj
d:\include\freeimage_src\source\openexr\win32\debug\imfwav.obj
d:\include\freeimage_src\source\openexr\win32\debug\imfversion.obj
d:\include\freeimage_src\source\openexr\win32\debug\imfvecattribute.obj
d:\include\freeimage_src\source\openexr\win32\debug\imftimecodeattribute.obj
d:\include\freeimage_src\source\openexr\win32\debug\imftimecode.obj
d:\include\freeimage_src\source\openexr\win32\debug\imftileoffsets.obj
d:\include\freeimage_src\source\openexr\win32\debug\imftiledrgbafile.obj
d:\include\freeimage_src\source\openexr\win32\debug\imftiledoutputpart.obj
d:\include\freeimage_src\source\openexr\win32\debug\imftiledoutputfile.obj
d:\include\freeimage_src\source\openexr\win32\debug\iexmathfloatexc.obj
d:\include\freeimage_src\source\openexr\win32\debug\ilmthreadsemaphore.obj
d:\include\freeimage_src\source\openexr\win32\debug\ilmthreadpool.obj
d:\include\freeimage_src\source\openexr\win32\debug\ilmthreadmutex.obj
d:\include\freeimage_src\source\openexr\win32\debug\ilmthread.obj
d:\include\freeimage_src\source\openexr\win32\debug\half.obj
c:\usr\code\freeimage_src\source\openexr\win32\debug\vc120.pdb
c:\usr\code\freeimage_src\source\openexr\win32\debug\vc120.idb
c:\usr\code\freeimage_src\source\openexr\win32\debug\imfdeepscanlineinputpart.obj
c:\usr\code\freeimage_src\source\openexr\win32\debug\imfdeepscanlineinputfile.obj
c:\usr\code\freeimage_src\source\openexr\win32\debug\imfdeepimagestateattribute.obj
c:\usr\code\freeimage_src\source\openexr\win32\debug\imfdeepframebuffer.obj
c:\usr\code\freeimage_src\source\openexr\win32\debug\imfdeepcompositing.obj
c:\usr\code\freeimage_src\source\openexr\win32\debug\imfcrgbafile.obj
c:\usr\code\freeimage_src\source\openexr\win32\debug\imfconvert.obj
c:\usr\code\freeimage_src\source\openexr\win32\debug\imfcompressor.obj
c:\usr\code\freeimage_src\source\openexr\win32\debug\imfcompressionattribute.obj
c:\usr\code\freeimage_src\source\openexr\win32\debug\imfcompositedeepscanline.obj
c:\usr\code\freeimage_src\source\openexr\win32\debug\imfchromaticitiesattribute.obj
c:\usr\code\freeimage_src\source\openexr\win32\debug\imfchromaticities.obj
c:\usr\code\freeimage_src\source\openexr\win32\debug\imfchannellistattribute.obj
c:\usr\code\freeimage_src\source\openexr\win32\debug\imfchannellist.obj
c:\usr\code\freeimage_src\source\openexr\win32\debug\imfboxattribute.obj
c:\usr\code\freeimage_src\source\openexr\win32\debug\imfb44compressor.obj
c:\usr\code\freeimage_src\source\openexr\win32\debug\imfattribute.obj
c:\usr\code\freeimage_src\source\openexr\win32\debug\imfacesfile.obj
c:\usr\code\freeimage_src\source\openexr\win32\debug\b44explogtable.obj
c:\usr\code\freeimage_src\source\openexr\win32\debug\iexmathfpu.obj
c:\usr\code\freeimage_src\source\openexr\win32\debug\imfinputfile.obj
c:\usr\code\freeimage_src\source\openexr\win32\debug\imfhuf.obj
c:\usr\code\freeimage_src\source\openexr\win32\debug\imfheader.obj
c:\usr\code\freeimage_src\source\openexr\win32\debug\imfgenericoutputfile.obj
c:\usr\code\freeimage_src\source\openexr\win32\debug\imfgenericinputfile.obj
c:\usr\code\freeimage_src\source\openexr\win32\debug\imfframespersecond.obj
c:\usr\code\freeimage_src\source\openexr\win32\debug\imfframebuffer.obj
c:\usr\code\freeimage_src\source\openexr\win32\debug\imffloatvectorattribute.obj
c:\usr\code\freeimage_src\source\openexr\win32\debug\imffloatattribute.obj
c:\usr\code\freeimage_src\source\openexr\win32\debug\imffasthuf.obj
c:\usr\code\freeimage_src\source\openexr\win32\debug\imfenvmapattribute.obj
c:\usr\code\freeimage_src\source\openexr\win32\debug\imfenvmap.obj
c:\usr\code\freeimage_src\source\openexr\win32\debug\imfdwacompressor.obj
c:\usr\code\freeimage_src\source\openexr\win32\debug\imfdoubleattribute.obj
c:\usr\code\freeimage_src\source\openexr\win32\debug\imfdeeptiledoutputpart.obj
c:\usr\code\freeimage_src\source\openexr\win32\debug\imfdeeptiledoutputfile.obj
c:\usr\code\freeimage_src\source\openexr\win32\debug\imfdeeptiledinputpart.obj
c:\usr\code\freeimage_src\source\openexr\win32\debug\imfdeeptiledinputfile.obj
c:\usr\code\freeimage_src\source\openexr\win32\debug\imfdeepscanlineoutputpart.obj
c:\usr\code\freeimage_src\source\openexr\win32\debug\imfdeepscanlineoutputfile.obj
c:\usr\code\freeimage_src\source\openexr\win32\debug\imfpreviewimage.obj
c:\usr\code\freeimage_src\source\openexr\win32\debug\imfpizcompressor.obj
c:\usr\code\freeimage_src\source\openexr\win32\debug\imfparttype.obj
c:\usr\code\freeimage_src\source\openexr\win32\debug\imfoutputpartdata.obj
c:\usr\code\freeimage_src\source\openexr\win32\debug\imfoutputpart.obj
c:\usr\code\freeimage_src\source\openexr\win32\debug\imfoutputfile.obj
c:\usr\code\freeimage_src\source\openexr\win32\debug\imfopaqueattribute.obj
c:\usr\code\freeimage_src\source\openexr\win32\debug\imfmultiview.obj
c:\usr\code\freeimage_src\source\openexr\win32\debug\imfmultipartoutputfile.obj
c:\usr\code\freeimage_src\source\openexr\win32\debug\imfmultipartinputfile.obj
c:\usr\code\freeimage_src\source\openexr\win32\debug\imfmisc.obj
c:\usr\code\freeimage_src\source\openexr\win32\debug\imfmatrixattribute.obj
c:\usr\code\freeimage_src\source\openexr\win32\debug\imflut.obj
c:\usr\code\freeimage_src\source\openexr\win32\debug\imflineorderattribute.obj
c:\usr\code\freeimage_src\source\openexr\win32\debug\imfkeycodeattribute.obj
c:\usr\code\freeimage_src\source\openexr\win32\debug\imfkeycode.obj
c:\usr\code\freeimage_src\source\openexr\win32\debug\imfio.obj
c:\usr\code\freeimage_src\source\openexr\win32\debug\imfintattribute.obj
c:\usr\code\freeimage_src\source\openexr\win32\debug\imfinputpartdata.obj
c:\usr\code\freeimage_src\source\openexr\win32\debug\imfinputpart.obj
c:\usr\code\freeimage_src\source\openexr\win32\debug\imftiledmisc.obj
c:\usr\code\freeimage_src\source\openexr\win32\debug\imftiledinputpart.obj
c:\usr\code\freeimage_src\source\openexr\win32\debug\imftiledinputfile.obj
c:\usr\code\freeimage_src\source\openexr\win32\debug\imftiledescriptionattribute.obj
c:\usr\code\freeimage_src\source\openexr\win32\debug\imfthreading.obj
c:\usr\code\freeimage_src\source\openexr\win32\debug\imftestfile.obj
c:\usr\code\freeimage_src\source\openexr\win32\debug\imfsystemspecific.obj
c:\usr\code\freeimage_src\source\openexr\win32\debug\imfstringvectorattribute.obj
c:\usr\code\freeimage_src\source\openexr\win32\debug\imfstringattribute.obj
c:\usr\code\freeimage_src\source\openexr\win32\debug\imfstdio.obj
c:\usr\code\freeimage_src\source\openexr\win32\debug\imfstandardattributes.obj
c:\usr\code\freeimage_src\source\openexr\win32\debug\imfscanlineinputfile.obj
c:\usr\code\freeimage_src\source\openexr\win32\debug\imfrlecompressor.obj
c:\usr\code\freeimage_src\source\openexr\win32\debug\imfrle.obj
c:\usr\code\freeimage_src\source\openexr\win32\debug\imfrgbayca.obj
c:\usr\code\freeimage_src\source\openexr\win32\debug\imfrgbafile.obj
c:\usr\code\freeimage_src\source\openexr\win32\debug\imfrationalattribute.obj
c:\usr\code\freeimage_src\source\openexr\win32\debug\imfrational.obj
c:\usr\code\freeimage_src\source\openexr\win32\debug\imfpxr24compressor.obj
c:\usr\code\freeimage_src\source\openexr\win32\debug\imfpreviewimageattribute.obj
c:\usr\code\freeimage_src\source\openexr\win32\debug\iexthrowerrnoexc.obj
c:\usr\code\freeimage_src\source\openexr\win32\debug\iexbaseexc.obj
c:\usr\code\freeimage_src\source\openexr\win32\debug\imathvec.obj
c:\usr\code\freeimage_src\source\openexr\win32\debug\imathshear.obj
c:\usr\code\freeimage_src\source\openexr\win32\debug\imathrandom.obj
c:\usr\code\freeimage_src\source\openexr\win32\debug\imathmatrixalgo.obj
c:\usr\code\freeimage_src\source\openexr\win32\debug\imathfun.obj
c:\usr\code\freeimage_src\source\openexr\win32\debug\imathcoloralgo.obj
c:\usr\code\freeimage_src\source\openexr\win32\debug\imathbox.obj
c:\usr\code\freeimage_src\source\openexr\win32\debug\imfzipcompressor.obj
c:\usr\code\freeimage_src\source\openexr\win32\debug\imfzip.obj
c:\usr\code\freeimage_src\source\openexr\win32\debug\imfwav.obj
c:\usr\code\freeimage_src\source\openexr\win32\debug\imfversion.obj
c:\usr\code\freeimage_src\source\openexr\win32\debug\imfvecattribute.obj
c:\usr\code\freeimage_src\source\openexr\win32\debug\imftimecodeattribute.obj
c:\usr\code\freeimage_src\source\openexr\win32\debug\imftimecode.obj
c:\usr\code\freeimage_src\source\openexr\win32\debug\imftileoffsets.obj
c:\usr\code\freeimage_src\source\openexr\win32\debug\imftiledrgbafile.obj
c:\usr\code\freeimage_src\source\openexr\win32\debug\imftiledoutputpart.obj
c:\usr\code\freeimage_src\source\openexr\win32\debug\imftiledoutputfile.obj
c:\usr\code\freeimage_src\source\openexr\win32\debug\iexmathfloatexc.obj
c:\usr\code\freeimage_src\source\openexr\win32\debug\ilmthreadsemaphore.obj
c:\usr\code\freeimage_src\source\openexr\win32\debug\ilmthreadpool.obj
c:\usr\code\freeimage_src\source\openexr\win32\debug\ilmthreadmutex.obj
c:\usr\code\freeimage_src\source\openexr\win32\debug\ilmthread.obj
c:\usr\code\freeimage_src\source\openexr\win32\debug\half.obj
d:\include\freeimage_src\source\openexr\win32\debug\openexr.lib
c:\usr\code\freeimage_src\source\openexr\win32\debug\openexr.lib
c:\usr\code\freeimage_src\source\openexr\win32\debug\openexr.idb
c:\usr\code\freeimage_src\source\openexr\win32\debug\openexr.pdb
c:\usr\code\freeimage_src\source\openexr\.\win32\debug\openexr.lib
c:\usr\code\freeimage_src\source\openexr\win32\debug\openexr.tlog\cl.command.1.tlog
c:\usr\code\freeimage_src\source\openexr\win32\debug\openexr.tlog\cl.read.1.tlog
c:\usr\code\freeimage_src\source\openexr\win32\debug\openexr.tlog\cl.write.1.tlog
c:\usr\code\freeimage_src\source\openexr\win32\debug\openexr.tlog\lib-link.read.1.tlog
c:\usr\code\freeimage_src\source\openexr\win32\debug\openexr.tlog\lib-link.write.1.tlog
c:\usr\code\freeimage_src\source\openexr\win32\debug\openexr.tlog\lib.command.1.tlog
