Build started 06.12.2015 23:13:45.
     1>Project "D:\include\FreeImage_src\FreeImage.2013.vcxproj" on node 2 (Build target(s)).
     1>Link:
         C:\Program Files (x86)\Microsoft Visual Studio 14.0\VC\bin\x86_amd64\link.exe /ERRORREPORT:PROMPT /OUT:".\x64\Debug\FreeImaged.dll" /NOLOGO /MANIFEST:NO /Debug /PDB:".\x64\Debug\FreeImaged.pdb" /OPT:REF /IGNOREIDL /TLBID:1 /DYNAMICBASE:NO /IMPLIB:".\x64\Debug\FreeImaged.lib" /MACHINE:X64 /SAFESEH:NO /DLL .\x64\Debug\FreeImage.res
         .\x64\Debug\BitmapAccess.obj
         .\x64\Debug\ColorLookup.obj
         .\x64\Debug\ConversionRGBA16.obj
         .\x64\Debug\ConversionRGBAF.obj
         .\x64\Debug\FreeImage.obj
         .\x64\Debug\FreeImageC.obj
         .\x64\Debug\FreeImageIO.obj
         .\x64\Debug\GetType.obj
         .\x64\Debug\LFPQuantizer.obj
         .\x64\Debug\MemoryIO.obj
         .\x64\Debug\PixelAccess.obj
         .\x64\Debug\J2KHelper.obj
         .\x64\Debug\MNGHelper.obj
         .\x64\Debug\Plugin.obj
         .\x64\Debug\PluginBMP.obj
         .\x64\Debug\PluginCUT.obj
         .\x64\Debug\PluginDDS.obj
         .\x64\Debug\PluginEXR.obj
         .\x64\Debug\PluginG3.obj
         .\x64\Debug\PluginGIF.obj
         .\x64\Debug\PluginHDR.obj
         .\x64\Debug\PluginICO.obj
         .\x64\Debug\PluginIFF.obj
         .\x64\Debug\PluginJ2K.obj
         .\x64\Debug\PluginJNG.obj
         .\x64\Debug\PluginJP2.obj
         .\x64\Debug\PluginJPEG.obj
         .\x64\Debug\PluginJXR.obj
         .\x64\Debug\PluginKOALA.obj
         .\x64\Debug\PluginMNG.obj
         .\x64\Debug\PluginPCD.obj
         .\x64\Debug\PluginPCX.obj
         .\x64\Debug\PluginPFM.obj
         .\x64\Debug\PluginPICT.obj
         .\x64\Debug\PluginPNG.obj
         .\x64\Debug\PluginPNM.obj
         .\x64\Debug\PluginPSD.obj
         .\x64\Debug\PluginRAS.obj
         .\x64\Debug\PluginRAW.obj
         .\x64\Debug\PluginSGI.obj
         .\x64\Debug\PluginTARGA.obj
         .\x64\Debug\PluginTIFF.obj
         .\x64\Debug\PluginWBMP.obj
         .\x64\Debug\PluginWebP.obj
         .\x64\Debug\PluginXBM.obj
         .\x64\Debug\PluginXPM.obj
         .\x64\Debug\PSDParser.obj
         .\x64\Debug\TIFFLogLuv.obj
         .\x64\Debug\Conversion.obj
         .\x64\Debug\Conversion16_555.obj
         .\x64\Debug\Conversion16_565.obj
         .\x64\Debug\Conversion24.obj
         .\x64\Debug\Conversion32.obj
         .\x64\Debug\Conversion4.obj
         .\x64\Debug\Conversion8.obj
         .\x64\Debug\ConversionFloat.obj
         .\x64\Debug\ConversionRGB16.obj
         .\x64\Debug\ConversionRGBF.obj
         .\x64\Debug\ConversionType.obj
         .\x64\Debug\ConversionUINT16.obj
         .\x64\Debug\Halftoning.obj
         .\x64\Debug\tmoColorConvert.obj
         .\x64\Debug\tmoDrago03.obj
         .\x64\Debug\tmoFattal02.obj
         .\x64\Debug\tmoReinhard05.obj
         .\x64\Debug\ToneMapping.obj
         .\x64\Debug\NNQuantizer.obj
         .\x64\Debug\WuQuantizer.obj
         .\x64\Debug\Deprecated.obj
         .\x64\Debug\DeprecationMgr.obj
         .\x64\Debug\CacheFile.obj
         .\x64\Debug\MultiPage.obj
         .\x64\Debug\ZLibInterface.obj
         .\x64\Debug\Exif.obj
         .\x64\Debug\FIRational.obj
         .\x64\Debug\FreeImageTag.obj
         .\x64\Debug\IPTC.obj
         .\x64\Debug\TagConversion.obj
         .\x64\Debug\TagLib.obj
         .\x64\Debug\XTIFF.obj
         .\x64\Debug\Background.obj
         .\x64\Debug\BSplineRotate.obj
         .\x64\Debug\Channels.obj
         .\x64\Debug\ClassicRotate.obj
         .\x64\Debug\Colors.obj
         .\x64\Debug\CopyPaste.obj
         .\x64\Debug\Display.obj
         .\x64\Debug\Flip.obj
         .\x64\Debug\JPEGTransform.obj
         .\x64\Debug\MultigridPoissonSolver.obj
         .\x64\Debug\Rescale.obj
         .\x64\Debug\Resize.obj
         D:\include\FreeImage_src\Source\LibJPEG\x64\Debug\LibJPEG.lib
         D:\include\FreeImage_src\Source\LibJXR\x64\Debug\LibJXR.lib
         D:\include\FreeImage_src\Source\LibOpenJPEG\x64\Debug\LibOpenJPEG.lib
         D:\include\FreeImage_src\Source\ZLib\x64\Debug\ZLib.lib
         D:\include\FreeImage_src\Source\LibPNG\x64\Debug\LibPNG.lib
         D:\include\FreeImage_src\Source\LibRawLite\x64\Debug\LibRaw.lib
         D:\include\FreeImage_src\Source\LibTIFF4\x64\Debug\LibTIFF4.lib
         D:\include\FreeImage_src\Source\LibWebP\x64\Debug\LibWebP.lib
         D:\include\FreeImage_src\Source\OpenEXR\x64\Debug\OpenEXR.lib
            Creating library .\x64\Debug\FreeImaged.lib and object .\x64\Debug\FreeImaged.exp
         FreeImage.2013.vcxproj -> D:\include\FreeImage_src\.\x64\Debug\FreeImaged.dll
       PostBuildEvent:
         mkdir Dist\x64
         copy .\x64\Debug\FreeImaged.dll Dist\x64
         copy .\x64\Debug\FreeImaged.lib Dist\x64
         copy Source\FreeImage.h Dist\x64
         
         :VCEnd
         Подпапка или файл Dist\x64 уже существует.
         Скопировано файлов:         1.
         Скопировано файлов:         1.
         Скопировано файлов:         1.
     1>Done Building Project "D:\include\FreeImage_src\FreeImage.2013.vcxproj" (Build target(s)).

Build succeeded.

Time Elapsed 00:00:05.03
