Build started 20.03.2016 15:53:54.
     1>Project "C:\usr\code\FreeImage_src_vs13\Source\OpenEXR\OpenEXR.2013.vcxproj" on node 3 (Build target(s)).
     1>ClCompile:
         C:\Program Files (x86)\Microsoft Visual Studio 12.0\VC\bin\x86_amd64\CL.exe /c /I./ /I./IlmImf /I./Imath /I./IexMath /I./Iex /I./Half /I./IlmThread /I../ZLib /nologo /W3 /WX- /O1 /Ob1 /Oi /Ot /Oy /D WIN32 /D NDEBUG /D _LIB /D _CRT_SECURE_NO_DEPRECATE /D _VC80_UPGRADE=0x0710 /D _MBCS /GF /Gm- /EHsc /MT /GS /Gy- /fp:precise /Zc:wchar_t /Zc:forScope /GR /Fo".\x64\Release\\" /Fd".\x64\Release\vc120.pdb" /Gd /TP /wd4800 /errorReport:prompt IexMath\IexMathFpu.cpp IlmImf\b44ExpLogTable.cpp IlmImf\ImfAcesFile.cpp IlmImf\ImfAttribute.cpp IlmImf\ImfB44Compressor.cpp IlmImf\ImfBoxAttribute.cpp IlmImf\ImfChannelList.cpp IlmImf\ImfChannelListAttribute.cpp IlmImf\ImfChromaticities.cpp IlmImf\ImfChromaticitiesAttribute.cpp IlmImf\ImfCompositeDeepScanLine.cpp IlmImf\ImfCompressionAttribute.cpp IlmImf\ImfCompressor.cpp IlmImf\ImfConvert.cpp IlmImf\ImfCRgbaFile.cpp IlmImf\ImfDeepCompositing.cpp IlmImf\ImfDeepFrameBuffer.cpp IlmImf\ImfDeepImageStateAttribute.cpp IlmImf\ImfDeepScanLineInputFile.cpp IlmImf\ImfDeepScanLineInputPart.cpp IlmImf\ImfDeepScanLineOutputFile.cpp IlmImf\ImfDeepScanLineOutputPart.cpp IlmImf\ImfDeepTiledInputFile.cpp IlmImf\ImfDeepTiledInputPart.cpp IlmImf\ImfDeepTiledOutputFile.cpp IlmImf\ImfDeepTiledOutputPart.cpp IlmImf\ImfDoubleAttribute.cpp IlmImf\ImfDwaCompressor.cpp IlmImf\ImfEnvmap.cpp IlmImf\ImfEnvmapAttribute.cpp IlmImf\ImfFastHuf.cpp IlmImf\ImfFloatAttribute.cpp IlmImf\ImfFloatVectorAttribute.cpp IlmImf\ImfFrameBuffer.cpp IlmImf\ImfFramesPerSecond.cpp IlmImf\ImfGenericInputFile.cpp IlmImf\ImfGenericOutputFile.cpp IlmImf\ImfHeader.cpp IlmImf\ImfHuf.cpp IlmImf\ImfInputFile.cpp IlmImf\ImfInputPart.cpp IlmImf\ImfInputPartData.cpp IlmImf\ImfIntAttribute.cpp IlmImf\ImfIO.cpp IlmImf\ImfKeyCode.cpp IlmImf\ImfKeyCodeAttribute.cpp IlmImf\ImfLineOrderAttribute.cpp IlmImf\ImfLut.cpp IlmImf\ImfMatrixAttribute.cpp IlmImf\ImfMisc.cpp IlmImf\ImfMultiPartInputFile.cpp IlmImf\ImfMultiPartOutputFile.cpp IlmImf\ImfMultiView.cpp IlmImf\ImfOpaqueAttribute.cpp IlmImf\ImfOutputFile.cpp IlmImf\ImfOutputPart.cpp IlmImf\ImfOutputPartData.cpp IlmImf\ImfPartType.cpp IlmImf\ImfPizCompressor.cpp IlmImf\ImfPreviewImage.cpp IlmImf\ImfPreviewImageAttribute.cpp IlmImf\ImfPxr24Compressor.cpp IlmImf\ImfRational.cpp IlmImf\ImfRationalAttribute.cpp IlmImf\ImfRgbaFile.cpp IlmImf\ImfRgbaYca.cpp IlmImf\ImfRle.cpp IlmImf\ImfRleCompressor.cpp IlmImf\ImfScanLineInputFile.cpp IlmImf\ImfStandardAttributes.cpp IlmImf\ImfStdIO.cpp IlmImf\ImfStringAttribute.cpp IlmImf\ImfStringVectorAttribute.cpp IlmImf\ImfSystemSpecific.cpp IlmImf\ImfTestFile.cpp IlmImf\ImfThreading.cpp IlmImf\ImfTileDescriptionAttribute.cpp IlmImf\ImfTiledInputFile.cpp IlmImf\ImfTiledInputPart.cpp IlmImf\ImfTiledMisc.cpp IlmImf\ImfTiledOutputFile.cpp IlmImf\ImfTiledOutputPart.cpp IlmImf\ImfTiledRgbaFile.cpp IlmImf\ImfTileOffsets.cpp IlmImf\ImfTimeCode.cpp IlmImf\ImfTimeCodeAttribute.cpp IlmImf\ImfVecAttribute.cpp IlmImf\ImfVersion.cpp IlmImf\ImfWav.cpp IlmImf\ImfZip.cpp IlmImf\ImfZipCompressor.cpp Imath\ImathBox.cpp Imath\ImathColorAlgo.cpp Imath\ImathFun.cpp Imath\ImathMatrixAlgo.cpp Imath\ImathRandom.cpp Imath\ImathShear.cpp Imath\ImathVec.cpp Iex\IexBaseExc.cpp Iex\IexThrowErrnoExc.cpp Half\half.cpp IlmThread\IlmThread.cpp IlmThread\IlmThreadMutex.cpp IlmThread\IlmThreadPool.cpp IlmThread\IlmThreadSemaphore.cpp IexMath\IexMathFloatExc.cpp
         IexMathFpu.cpp
         b44ExpLogTable.cpp
         ImfAcesFile.cpp
     1>IlmImf\ImfAcesFile.cpp(59): warning C4305: 'argument' : truncation from 'double' to 'float'
     1>IlmImf\ImfAcesFile.cpp(426): warning C4305: 'argument' : truncation from 'double' to 'float'
     1>IlmImf\ImfAcesFile.cpp(432): warning C4305: 'argument' : truncation from 'double' to 'float'
         ImfAttribute.cpp
         ImfB44Compressor.cpp
     1>IlmImf\ImfB44Compressor.cpp(486): warning C4267: 'initializing' : conversion from 'size_t' to 'int', possible loss of data
     1>IlmImf\ImfB44Compressor.cpp(862): warning C4244: 'return' : conversion from '__int64' to 'int', possible loss of data
     1>IlmImf\ImfB44Compressor.cpp(1068): warning C4244: 'return' : conversion from '__int64' to 'int', possible loss of data
         ImfBoxAttribute.cpp
         ImfChannelList.cpp
         ImfChannelListAttribute.cpp
         ImfChromaticities.cpp
         ImfChromaticitiesAttribute.cpp
         ImfCompositeDeepScanLine.cpp
     1>IlmImf\ImfCompositeDeepScanLine.cpp(279): warning C4267: 'argument' : conversion from 'size_t' to 'int', possible loss of data
     1>IlmImf\ImfCompositeDeepScanLine.cpp(375): warning C4267: 'argument' : conversion from 'size_t' to 'int', possible loss of data
         ImfCompressionAttribute.cpp
         ImfCompressor.cpp
     1>IlmImf\ImfCompressor.cpp(165): warning C4267: 'argument' : conversion from 'size_t' to 'int', possible loss of data
     1>IlmImf\ImfCompressor.cpp(170): warning C4267: 'argument' : conversion from 'size_t' to 'int', possible loss of data
     1>IlmImf\ImfCompressor.cpp(216): warning C4267: 'argument' : conversion from 'size_t' to 'int', possible loss of data
         ImfConvert.cpp
         ImfCRgbaFile.cpp
         ImfDeepCompositing.cpp
     1>IlmImf\ImfDeepCompositing.cpp(84): warning C4244: '+=' : conversion from 'double' to 'float', possible loss of data
         ImfDeepFrameBuffer.cpp
     1>IlmImf\ImfDeepFrameBuffer.cpp(57): warning C4267: 'initializing' : conversion from 'size_t' to 'int', possible loss of data
         ImfDeepImageStateAttribute.cpp
         ImfDeepScanLineInputFile.cpp
     1>IlmImf\ImfDeepScanLineInputFile.cpp(343): warning C4244: 'argument' : conversion from 'Imath_2_2::Int64' to 'int', possible loss of data
     1>IlmImf\ImfDeepScanLineInputFile.cpp(504): warning C4244: 'argument' : conversion from 'Imath_2_2::Int64' to 'int', possible loss of data
     1>IlmImf\ImfDeepScanLineInputFile.cpp(511): warning C4244: 'argument' : conversion from 'Imath_2_2::Int64' to 'int', possible loss of data
     1>IlmImf\ImfDeepScanLineInputFile.cpp(518): warning C4244: 'argument' : conversion from 'Imath_2_2::Int64' to 'int', possible loss of data
     1>IlmImf\ImfDeepScanLineInputFile.cpp(636): warning C4244: 'argument' : conversion from 'Imath_2_2::Int64' to 'int', possible loss of data
     1>IlmImf\ImfDeepScanLineInputFile.cpp(1148): warning C4267: '=' : conversion from 'size_t' to 'int', possible loss of data
     1>IlmImf\ImfDeepScanLineInputFile.cpp(1149): warning C4267: '=' : conversion from 'size_t' to 'int', possible loss of data
     1>IlmImf\ImfDeepScanLineInputFile.cpp(1471): warning C4244: 'argument' : conversion from 'Imath_2_2::Int64' to 'int', possible loss of data
     1>IlmImf\ImfDeepScanLineInputFile.cpp(1516): warning C4244: 'argument' : conversion from 'Imath_2_2::Int64' to 'int', possible loss of data
     1>IlmImf\ImfDeepScanLineInputFile.cpp(1549): warning C4267: 'initializing' : conversion from 'size_t' to 'int', possible loss of data
     1>IlmImf\ImfDeepScanLineInputFile.cpp(1550): warning C4267: 'initializing' : conversion from 'size_t' to 'int', possible loss of data
     1>IlmImf\ImfDeepScanLineInputFile.cpp(1722): warning C4244: 'argument' : conversion from 'Imath_2_2::Int64' to 'int', possible loss of data
     1>IlmImf\ImfDeepScanLineInputFile.cpp(1727): warning C4267: 'initializing' : conversion from 'size_t' to 'int', possible loss of data
     1>IlmImf\ImfDeepScanLineInputFile.cpp(1728): warning C4267: 'initializing' : conversion from 'size_t' to 'int', possible loss of data
     1>IlmImf\ImfDeepScanLineInputFile.cpp(1833): warning C4244: 'argument' : conversion from 'Imath_2_2::Int64' to 'int', possible loss of data
     1>IlmImf\ImfDeepScanLineInputFile.cpp(1851): warning C4244: 'argument' : conversion from 'Imath_2_2::Int64' to 'int', possible loss of data
         ImfDeepScanLineInputPart.cpp
         Generating Code...
         Compiling...
         ImfDeepScanLineOutputFile.cpp
     1>IlmImf\ImfDeepScanLineOutputFile.cpp(378): warning C4244: 'argument' : conversion from 'Imath_2_2::Int64' to 'int', possible loss of data
     1>IlmImf\ImfDeepScanLineOutputFile.cpp(384): warning C4244: 'argument' : conversion from 'Imath_2_2::Int64' to 'int', possible loss of data
     1>IlmImf\ImfDeepScanLineOutputFile.cpp(605): warning C4267: 'argument' : conversion from 'size_t' to 'long', possible loss of data
     1>IlmImf\ImfDeepScanLineOutputFile.cpp(696): warning C4244: 'argument' : conversion from 'Imath_2_2::Int64' to 'long', possible loss of data
     1>IlmImf\ImfDeepScanLineOutputFile.cpp(736): warning C4244: 'argument' : conversion from 'Imath_2_2::Int64' to 'int', possible loss of data
     1>IlmImf\ImfDeepScanLineOutputFile.cpp(769): warning C4244: 'argument' : conversion from 'Imath_2_2::Int64' to 'int', possible loss of data
     1>IlmImf\ImfDeepScanLineOutputFile.cpp(786): warning C4244: 'argument' : conversion from 'Imath_2_2::Int64' to 'int', possible loss of data
     1>IlmImf\ImfDeepScanLineOutputFile.cpp(974): warning C4244: 'argument' : conversion from 'Imath_2_2::Int64' to 'long', possible loss of data
     1>IlmImf\ImfDeepScanLineOutputFile.cpp(1096): warning C4267: '=' : conversion from 'size_t' to 'int', possible loss of data
     1>IlmImf\ImfDeepScanLineOutputFile.cpp(1097): warning C4267: '=' : conversion from 'size_t' to 'int', possible loss of data
         ImfDeepScanLineOutputPart.cpp
         ImfDeepTiledInputFile.cpp
     1>IlmImf\ImfDeepTiledInputFile.cpp(327): warning C4244: 'argument' : conversion from 'ptrdiff_t' to 'int', possible loss of data
     1>IlmImf\ImfDeepTiledInputFile.cpp(418): warning C4244: 'argument' : conversion from 'Imath_2_2::Int64' to 'int', possible loss of data
     1>IlmImf\ImfDeepTiledInputFile.cpp(438): warning C4244: 'argument' : conversion from 'Imath_2_2::Int64' to 'int', possible loss of data
     1>IlmImf\ImfDeepTiledInputFile.cpp(445): warning C4244: 'argument' : conversion from 'Imath_2_2::Int64' to 'int', possible loss of data
     1>IlmImf\ImfDeepTiledInputFile.cpp(493): warning C4244: 'argument' : conversion from 'Imath_2_2::Int64' to 'int', possible loss of data
     1>IlmImf\ImfDeepTiledInputFile.cpp(499): warning C4244: 'argument' : conversion from 'Imath_2_2::Int64' to 'int', possible loss of data
     1>IlmImf\ImfDeepTiledInputFile.cpp(632): warning C4244: 'argument' : conversion from 'Imath_2_2::Int64' to 'int', possible loss of data
     1>IlmImf\ImfDeepTiledInputFile.cpp(1021): warning C4244: 'argument' : conversion from 'Imath_2_2::Int64' to 'long', possible loss of data
     1>IlmImf\ImfDeepTiledInputFile.cpp(1495): warning C4244: 'argument' : conversion from 'Imath_2_2::Int64' to 'int', possible loss of data
     1>IlmImf\ImfDeepTiledInputFile.cpp(1844): warning C4244: 'argument' : conversion from 'Imath_2_2::Int64' to 'int', possible loss of data
     1>IlmImf\ImfDeepTiledInputFile.cpp(1857): warning C4244: 'argument' : conversion from 'Imath_2_2::Int64' to 'int', possible loss of data
         ImfDeepTiledInputPart.cpp
         ImfDeepTiledOutputFile.cpp
     1>IlmImf\ImfDeepTiledOutputFile.cpp(554): warning C4244: 'argument' : conversion from 'Imath_2_2::Int64' to 'int', possible loss of data
     1>IlmImf\ImfDeepTiledOutputFile.cpp(560): warning C4244: 'argument' : conversion from 'Imath_2_2::Int64' to 'int', possible loss of data
     1>IlmImf\ImfDeepTiledOutputFile.cpp(690): warning C4244: 'argument' : conversion from 'Imath_2_2::Int64' to 'int', possible loss of data
     1>IlmImf\ImfDeepTiledOutputFile.cpp(874): warning C4244: 'argument' : conversion from 'Imath_2_2::Int64' to 'long', possible loss of data
     1>IlmImf\ImfDeepTiledOutputFile.cpp(972): warning C4244: 'argument' : conversion from 'Imath_2_2::Int64' to 'int', possible loss of data
     1>IlmImf\ImfDeepTiledOutputFile.cpp(1011): warning C4244: 'argument' : conversion from 'Imath_2_2::Int64' to 'int', possible loss of data
     1>IlmImf\ImfDeepTiledOutputFile.cpp(1243): warning C4244: 'argument' : conversion from 'Imath_2_2::Int64' to 'long', possible loss of data
     1>IlmImf\ImfDeepTiledOutputFile.cpp(1362): warning C4267: '=' : conversion from 'size_t' to 'int', possible loss of data
     1>IlmImf\ImfDeepTiledOutputFile.cpp(1363): warning C4267: '=' : conversion from 'size_t' to 'int', possible loss of data
     1>IlmImf\ImfDeepTiledOutputFile.cpp(1712): warning C4267: 'initializing' : conversion from 'size_t' to 'int', possible loss of data
         ImfDeepTiledOutputPart.cpp
         ImfDoubleAttribute.cpp
         ImfDwaCompressor.cpp
     1>IlmImf\ImfDwaCompressor.cpp(702): warning C4267: 'initializing' : conversion from 'size_t' to 'int', possible loss of data
     1>IlmImf\ImfDwaCompressor.cpp(756): warning C4018: '<' : signed/unsigned mismatch
     1>IlmImf\ImfDwaCompressor.cpp(785): warning C4018: '<' : signed/unsigned mismatch
     1>IlmImf\ImfDwaCompressor.cpp(941): warning C4018: '<' : signed/unsigned mismatch
     1>IlmImf\ImfDwaCompressor.cpp(1139): warning C4018: '<' : signed/unsigned mismatch
     1>IlmImf\ImfDwaCompressor.cpp(1914): warning C4267: '+=' : conversion from 'size_t' to 'unsigned short', possible loss of data
     1>IlmImf\ImfDwaCompressor.cpp(2423): warning C4267: '-=' : conversion from 'size_t' to 'unsigned short', possible loss of data
     1>IlmImf\ImfDwaCompressor.cpp(2993): warning C4267: '+=' : conversion from 'size_t' to 'int', possible loss of data
         ImfEnvmap.cpp
         ImfEnvmapAttribute.cpp
         ImfFastHuf.cpp
     1>IlmImf\ImfFastHuf.cpp(154): warning C4244: 'initializing' : conversion from 'Imath_2_2::Int64' to 'int', possible loss of data
     1>IlmImf\ImfFastHuf.cpp(167): warning C4244: 'initializing' : conversion from 'Imath_2_2::Int64' to 'int', possible loss of data
     1>IlmImf\ImfFastHuf.cpp(183): warning C4244: '=' : conversion from 'Imath_2_2::Int64' to 'unsigned char', possible loss of data
     1>IlmImf\ImfFastHuf.cpp(186): warning C4244: '=' : conversion from 'Imath_2_2::Int64' to 'unsigned char', possible loss of data
     1>IlmImf\ImfFastHuf.cpp(193): warning C4267: '+=' : conversion from 'size_t' to 'int', possible loss of data
     1>IlmImf\ImfFastHuf.cpp(256): warning C4244: 'initializing' : conversion from 'const unsigned __int64' to 'int', possible loss of data
         ImfFloatAttribute.cpp
         ImfFloatVectorAttribute.cpp
     1>IlmImf\ImfFloatVectorAttribute.cpp(64): warning C4267: 'initializing' : conversion from 'size_t' to 'int', possible loss of data
         ImfFrameBuffer.cpp
         ImfFramesPerSecond.cpp
         ImfGenericInputFile.cpp
         ImfGenericOutputFile.cpp
         ImfHeader.cpp
         ImfHuf.cpp
     1>IlmImf\ImfHuf.cpp(171): warning C4244: '=' : conversion from 'Imath_2_2::Int64' to 'char', possible loss of data
     1>IlmImf\ImfHuf.cpp(250): warning C4244: 'initializing' : conversion from 'Imath_2_2::Int64' to 'int', possible loss of data
     1>IlmImf\ImfHuf.cpp(375): warning C4244: 'initializing' : conversion from '__int64' to 'int', possible loss of data
     1>IlmImf\ImfHuf.cpp(379): warning C4244: 'initializing' : conversion from '__int64' to 'int', possible loss of data
     1>IlmImf\ImfHuf.cpp(481): warning C4244: 'initializing' : conversion from 'Imath_2_2::Int64' to 'int', possible loss of data
     1>IlmImf\ImfHuf.cpp(550): warning C4244: 'initializing' : conversion from 'Imath_2_2::Int64' to 'int', possible loss of data
     1>IlmImf\ImfHuf.cpp(562): warning C4244: 'initializing' : conversion from 'Imath_2_2::Int64' to 'int', possible loss of data
     1>IlmImf\ImfHuf.cpp(621): warning C4244: 'initializing' : conversion from 'Imath_2_2::Int64' to 'int', possible loss of data
     1>IlmImf\ImfHuf.cpp(724): warning C4244: 'argument' : conversion from 'Imath_2_2::Int64' to 'int', possible loss of data
     1>IlmImf\ImfHuf.cpp(804): warning C4244: 'return' : conversion from '__int64' to 'int', possible loss of data
     1>IlmImf\ImfHuf.cpp(898): warning C4244: 'initializing' : conversion from 'Imath_2_2::Int64' to 'unsigned char', possible loss of data
     1>IlmImf\ImfHuf.cpp(913): warning C4244: 'initializing' : conversion from 'Imath_2_2::Int64' to 'int', possible loss of data
     1>IlmImf\ImfHuf.cpp(928): warning C4244: 'initializing' : conversion from 'Imath_2_2::Int64' to 'unsigned char', possible loss of data
     1>IlmImf\ImfHuf.cpp(955): warning C4244: 'initializing' : conversion from 'Imath_2_2::Int64' to 'unsigned char', possible loss of data
     1>IlmImf\ImfHuf.cpp(1031): warning C4244: 'initializing' : conversion from '__int64' to 'int', possible loss of data
     1>IlmImf\ImfHuf.cpp(1043): warning C4244: 'return' : conversion from '__int64' to 'int', possible loss of data
     1>IlmImf\ImfHuf.cpp(1079): warning C4244: 'argument' : conversion from '__int64' to 'int', possible loss of data
     1>IlmImf\ImfHuf.cpp(1093): warning C4244: 'argument' : conversion from '__int64' to 'int', possible loss of data
         ImfInputFile.cpp
         Generating Code...
         Compiling...
         ImfInputPart.cpp
         ImfInputPartData.cpp
         ImfIntAttribute.cpp
         ImfIO.cpp
         ImfKeyCode.cpp
         ImfKeyCodeAttribute.cpp
         ImfLineOrderAttribute.cpp
         ImfLut.cpp
     1>IlmImf\ImfLut.cpp(156): warning C4244: 'initializing' : conversion from 'double' to 'const float', possible loss of data
     1>IlmImf\ImfLut.cpp(174): warning C4244: 'argument' : conversion from 'double' to 'float', possible loss of data
         ImfMatrixAttribute.cpp
         ImfMisc.cpp
     1>IlmImf\ImfMisc.cpp(240): warning C4267: 'argument' : conversion from 'size_t' to 'int', possible loss of data
     1>IlmImf\ImfMisc.cpp(313): warning C4244: 'argument' : conversion from 'double' to 'float', possible loss of data
     1>IlmImf\ImfMisc.cpp(558): warning C4267: 'initializing' : conversion from 'size_t' to 'int', possible loss of data
     1>IlmImf\ImfMisc.cpp(694): warning C4244: 'argument' : conversion from 'ptrdiff_t' to 'int', possible loss of data
     1>IlmImf\ImfMisc.cpp(708): warning C4244: 'argument' : conversion from 'double' to 'float', possible loss of data
     1>IlmImf\ImfMisc.cpp(720): warning C4244: 'argument' : conversion from 'ptrdiff_t' to 'int', possible loss of data
     1>IlmImf\ImfMisc.cpp(746): warning C4244: 'argument' : conversion from 'ptrdiff_t' to 'int', possible loss of data
     1>IlmImf\ImfMisc.cpp(788): warning C4244: 'argument' : conversion from 'ptrdiff_t' to 'int', possible loss of data
     1>IlmImf\ImfMisc.cpp(813): warning C4244: 'argument' : conversion from 'ptrdiff_t' to 'int', possible loss of data
     1>IlmImf\ImfMisc.cpp(840): warning C4244: 'argument' : conversion from 'ptrdiff_t' to 'int', possible loss of data
     1>IlmImf\ImfMisc.cpp(876): warning C4244: 'argument' : conversion from 'ptrdiff_t' to 'int', possible loss of data
     1>IlmImf\ImfMisc.cpp(903): warning C4244: 'argument' : conversion from 'ptrdiff_t' to 'int', possible loss of data
     1>IlmImf\ImfMisc.cpp(928): warning C4244: 'argument' : conversion from 'ptrdiff_t' to 'int', possible loss of data
     1>IlmImf\ImfMisc.cpp(963): warning C4244: 'argument' : conversion from 'ptrdiff_t' to 'int', possible loss of data
     1>IlmImf\ImfMisc.cpp(989): warning C4244: 'argument' : conversion from 'ptrdiff_t' to 'int', possible loss of data
     1>IlmImf\ImfMisc.cpp(1017): warning C4244: 'argument' : conversion from 'ptrdiff_t' to 'int', possible loss of data
     1>IlmImf\ImfMisc.cpp(1066): warning C4244: 'argument' : conversion from 'ptrdiff_t' to 'int', possible loss of data
     1>IlmImf\ImfMisc.cpp(1094): warning C4244: 'argument' : conversion from 'ptrdiff_t' to 'int', possible loss of data
     1>IlmImf\ImfMisc.cpp(1121): warning C4244: 'argument' : conversion from 'ptrdiff_t' to 'int', possible loss of data
     1>IlmImf\ImfMisc.cpp(1162): warning C4244: 'argument' : conversion from 'ptrdiff_t' to 'int', possible loss of data
     1>IlmImf\ImfMisc.cpp(1193): warning C4244: 'argument' : conversion from 'ptrdiff_t' to 'int', possible loss of data
     1>IlmImf\ImfMisc.cpp(1219): warning C4244: 'argument' : conversion from 'ptrdiff_t' to 'int', possible loss of data
     1>IlmImf\ImfMisc.cpp(1259): warning C4244: 'argument' : conversion from 'ptrdiff_t' to 'int', possible loss of data
     1>IlmImf\ImfMisc.cpp(1290): warning C4244: 'argument' : conversion from 'ptrdiff_t' to 'int', possible loss of data
     1>IlmImf\ImfMisc.cpp(1317): warning C4244: 'argument' : conversion from 'ptrdiff_t' to 'int', possible loss of data
     1>IlmImf\ImfMisc.cpp(1357): warning C4267: 'argument' : conversion from 'size_t' to 'int', possible loss of data
     1>IlmImf\ImfMisc.cpp(1362): warning C4267: 'argument' : conversion from 'size_t' to 'int', possible loss of data
     1>IlmImf\ImfMisc.cpp(1367): warning C4267: 'argument' : conversion from 'size_t' to 'int', possible loss of data
     1>IlmImf\ImfMisc.cpp(1559): warning C4244: 'argument' : conversion from 'ptrdiff_t' to 'int', possible loss of data
     1>IlmImf\ImfMisc.cpp(1580): warning C4244: 'argument' : conversion from 'ptrdiff_t' to 'int', possible loss of data
     1>IlmImf\ImfMisc.cpp(1600): warning C4244: 'argument' : conversion from 'ptrdiff_t' to 'int', possible loss of data
     1>IlmImf\ImfMisc.cpp(1634): warning C4244: 'argument' : conversion from 'ptrdiff_t' to 'int', possible loss of data
     1>IlmImf\ImfMisc.cpp(1657): warning C4244: 'argument' : conversion from 'ptrdiff_t' to 'int', possible loss of data
     1>IlmImf\ImfMisc.cpp(1678): warning C4244: 'argument' : conversion from 'ptrdiff_t' to 'int', possible loss of data
         ImfMultiPartInputFile.cpp
     1>IlmImf\ImfMultiPartInputFile.cpp(427): warning C4267: 'argument' : conversion from 'size_t' to 'int', possible loss of data
         ImfMultiPartOutputFile.cpp
     1>IlmImf\ImfMultiPartOutputFile.cpp(221): warning C4267: 'argument' : conversion from 'size_t' to 'int', possible loss of data
     1>IlmImf\ImfMultiPartOutputFile.cpp(223): warning C4267: 'argument' : conversion from 'size_t' to 'int', possible loss of data
     1>IlmImf\ImfMultiPartOutputFile.cpp(267): warning C4267: 'argument' : conversion from 'size_t' to 'int', possible loss of data
     1>IlmImf\ImfMultiPartOutputFile.cpp(269): warning C4267: 'argument' : conversion from 'size_t' to 'int', possible loss of data
     1>IlmImf\ImfMultiPartOutputFile.cpp(302): warning C4267: 'return' : conversion from 'size_t' to 'int', possible loss of data
         ImfMultiView.cpp
     1>IlmImf\ImfMultiView.cpp(109): warning C4267: 'return' : conversion from 'size_t' to 'int', possible loss of data
         ImfOpaqueAttribute.cpp
     1>IlmImf\ImfOpaqueAttribute.cpp(54): warning C4267: 'argument' : conversion from 'size_t' to 'long', possible loss of data
     1>IlmImf\ImfOpaqueAttribute.cpp(63): warning C4267: 'argument' : conversion from 'size_t' to 'long', possible loss of data
         ImfOutputFile.cpp
     1>IlmImf\ImfOutputFile.cpp(596): warning C4244: '=' : conversion from '__int64' to 'int', possible loss of data
     1>IlmImf\ImfOutputFile.cpp(815): warning C4267: 'argument' : conversion from 'size_t' to 'long', possible loss of data
         ImfOutputPart.cpp
         ImfOutputPartData.cpp
         ImfPartType.cpp
         ImfPizCompressor.cpp
     1>IlmImf\ImfPizCompressor.cpp(185): warning C4267: 'initializing' : conversion from 'size_t' to 'int', possible loss of data
     1>IlmImf\ImfPizCompressor.cpp(431): warning C4244: 'argument' : conversion from '__int64' to 'int', possible loss of data
     1>IlmImf\ImfPizCompressor.cpp(435): warning C4244: 'argument' : conversion from '__int64' to 'int', possible loss of data
     1>IlmImf\ImfPizCompressor.cpp(476): warning C4244: 'argument' : conversion from '__int64' to 'int', possible loss of data
     1>IlmImf\ImfPizCompressor.cpp(480): warning C4244: 'return' : conversion from '__int64' to 'int', possible loss of data
     1>IlmImf\ImfPizCompressor.cpp(576): warning C4244: 'argument' : conversion from '__int64' to 'int', possible loss of data
     1>IlmImf\ImfPizCompressor.cpp(599): warning C4244: 'argument' : conversion from '__int64' to 'int', possible loss of data
     1>IlmImf\ImfPizCompressor.cpp(663): warning C4244: 'return' : conversion from '__int64' to 'int', possible loss of data
         ImfPreviewImage.cpp
         Generating Code...
         Compiling...
         ImfPreviewImageAttribute.cpp
         ImfPxr24Compressor.cpp
     1>IlmImf\ImfPxr24Compressor.cpp(192): warning C4267: 'initializing' : conversion from 'size_t' to 'int', possible loss of data
     1>IlmImf\ImfPxr24Compressor.cpp(405): warning C4244: 'argument' : conversion from '__int64' to 'uLong', possible loss of data
     1>IlmImf\ImfPxr24Compressor.cpp(550): warning C4244: 'return' : conversion from '__int64' to 'int', possible loss of data
         ImfRational.cpp
         ImfRationalAttribute.cpp
         ImfRgbaFile.cpp
     1>IlmImf\ImfRgbaFile.cpp(180): warning C4334: '<<' : result of 32-bit shift implicitly converted to 64 bits (was 64-bit shift intended?)
     1>IlmImf\ImfRgbaFile.cpp(183): warning C4334: '<<' : result of 32-bit shift implicitly converted to 64 bits (was 64-bit shift intended?)
         ImfRgbaYca.cpp
         ImfRle.cpp
     1>IlmImf\ImfRle.cpp(76): warning C4244: '=' : conversion from '__int64' to 'signed char', possible loss of data
     1>IlmImf\ImfRle.cpp(96): warning C4244: '=' : conversion from '__int64' to 'signed char', possible loss of data
     1>IlmImf\ImfRle.cpp(107): warning C4244: 'return' : conversion from '__int64' to 'int', possible loss of data
     1>IlmImf\ImfRle.cpp(151): warning C4244: 'return' : conversion from '__int64' to 'int', possible loss of data
         ImfRleCompressor.cpp
     1>IlmImf\ImfRleCompressor.cpp(56): warning C4267: 'initializing' : conversion from 'size_t' to 'int', possible loss of data
         ImfScanLineInputFile.cpp
     1>IlmImf\ImfScanLineInputFile.cpp(1468): warning C4244: 'argument' : conversion from 'const double' to 'float', possible loss of data
         ImfStandardAttributes.cpp
         ImfStdIO.cpp
         ImfStringAttribute.cpp
     1>IlmImf\ImfStringAttribute.cpp(62): warning C4267: 'initializing' : conversion from 'size_t' to 'int', possible loss of data
         ImfStringVectorAttribute.cpp
     1>IlmImf\ImfStringVectorAttribute.cpp(62): warning C4267: 'initializing' : conversion from 'size_t' to 'int', possible loss of data
     1>IlmImf\ImfStringVectorAttribute.cpp(66): warning C4267: 'initializing' : conversion from 'size_t' to 'int', possible loss of data
         ImfSystemSpecific.cpp
         ImfTestFile.cpp
         ImfThreading.cpp
         ImfTileDescriptionAttribute.cpp
         ImfTiledInputFile.cpp
     1>IlmImf\ImfTiledInputFile.cpp(523): warning C4267: 'initializing' : conversion from 'size_t' to 'int', possible loss of data
         ImfTiledInputPart.cpp
         ImfTiledMisc.cpp
         Generating Code...
         Compiling...
         ImfTiledOutputFile.cpp
     1>IlmImf\ImfTiledOutputFile.cpp(804): warning C4244: '=' : conversion from '__int64' to 'int', possible loss of data
     1>IlmImf\ImfTiledOutputFile.cpp(1037): warning C4267: 'argument' : conversion from 'size_t' to 'long', possible loss of data
         ImfTiledOutputPart.cpp
         ImfTiledRgbaFile.cpp
         ImfTileOffsets.cpp
     1>IlmImf\ImfTileOffsets.cpp(154): warning C4244: 'argument' : conversion from 'Imath_2_2::Int64' to 'int', possible loss of data
         ImfTimeCode.cpp
         ImfTimeCodeAttribute.cpp
         ImfVecAttribute.cpp
         ImfVersion.cpp
         ImfWav.cpp
         ImfZip.cpp
     1>IlmImf\ImfZip.cpp(146): warning C4267: 'initializing' : conversion from 'size_t' to 'uLongf', possible loss of data
         ImfZipCompressor.cpp
     1>IlmImf\ImfZipCompressor.cpp(62): warning C4267: 'initializing' : conversion from 'size_t' to 'int', possible loss of data
         ImathBox.cpp
         ImathColorAlgo.cpp
         ImathFun.cpp
         ImathMatrixAlgo.cpp
         ImathRandom.cpp
         ImathShear.cpp
         ImathVec.cpp
         IexBaseExc.cpp
         IexThrowErrnoExc.cpp
         Generating Code...
         Compiling...
         half.cpp
         IlmThread.cpp
         IlmThreadMutex.cpp
         IlmThreadPool.cpp
     1>IlmThread\IlmThreadPool.cpp(371): warning C4267: 'return' : conversion from 'size_t' to 'int', possible loss of data
         IlmThreadSemaphore.cpp
         IexMathFloatExc.cpp
         Generating Code...
     1>c:\usr\code\freeimage_src_vs13\source\openexr\ilmthread\ilmthread.cpp(68): warning C4722: 'IlmThread_2_2::Thread::~Thread' : destructor never returns, potential memory leak
       Lib:
         C:\Program Files (x86)\Microsoft Visual Studio 12.0\VC\bin\x86_amd64\Lib.exe /OUT:".\x64\Release\OpenEXR.lib" /NOLOGO /MACHINE:X64 /LTCG .\x64\Release\IexMathFpu.obj
         .\x64\Release\b44ExpLogTable.obj
         .\x64\Release\ImfAcesFile.obj
         .\x64\Release\ImfAttribute.obj
         .\x64\Release\ImfB44Compressor.obj
         .\x64\Release\ImfBoxAttribute.obj
         .\x64\Release\ImfChannelList.obj
         .\x64\Release\ImfChannelListAttribute.obj
         .\x64\Release\ImfChromaticities.obj
         .\x64\Release\ImfChromaticitiesAttribute.obj
         .\x64\Release\ImfCompositeDeepScanLine.obj
         .\x64\Release\ImfCompressionAttribute.obj
         .\x64\Release\ImfCompressor.obj
         .\x64\Release\ImfConvert.obj
         .\x64\Release\ImfCRgbaFile.obj
         .\x64\Release\ImfDeepCompositing.obj
         .\x64\Release\ImfDeepFrameBuffer.obj
         .\x64\Release\ImfDeepImageStateAttribute.obj
         .\x64\Release\ImfDeepScanLineInputFile.obj
         .\x64\Release\ImfDeepScanLineInputPart.obj
         .\x64\Release\ImfDeepScanLineOutputFile.obj
         .\x64\Release\ImfDeepScanLineOutputPart.obj
         .\x64\Release\ImfDeepTiledInputFile.obj
         .\x64\Release\ImfDeepTiledInputPart.obj
         .\x64\Release\ImfDeepTiledOutputFile.obj
         .\x64\Release\ImfDeepTiledOutputPart.obj
         .\x64\Release\ImfDoubleAttribute.obj
         .\x64\Release\ImfDwaCompressor.obj
         .\x64\Release\ImfEnvmap.obj
         .\x64\Release\ImfEnvmapAttribute.obj
         .\x64\Release\ImfFastHuf.obj
         .\x64\Release\ImfFloatAttribute.obj
         .\x64\Release\ImfFloatVectorAttribute.obj
         .\x64\Release\ImfFrameBuffer.obj
         .\x64\Release\ImfFramesPerSecond.obj
         .\x64\Release\ImfGenericInputFile.obj
         .\x64\Release\ImfGenericOutputFile.obj
         .\x64\Release\ImfHeader.obj
         .\x64\Release\ImfHuf.obj
         .\x64\Release\ImfInputFile.obj
         .\x64\Release\ImfInputPart.obj
         .\x64\Release\ImfInputPartData.obj
         .\x64\Release\ImfIntAttribute.obj
         .\x64\Release\ImfIO.obj
         .\x64\Release\ImfKeyCode.obj
         .\x64\Release\ImfKeyCodeAttribute.obj
         .\x64\Release\ImfLineOrderAttribute.obj
         .\x64\Release\ImfLut.obj
         .\x64\Release\ImfMatrixAttribute.obj
         .\x64\Release\ImfMisc.obj
         .\x64\Release\ImfMultiPartInputFile.obj
         .\x64\Release\ImfMultiPartOutputFile.obj
         .\x64\Release\ImfMultiView.obj
         .\x64\Release\ImfOpaqueAttribute.obj
         .\x64\Release\ImfOutputFile.obj
         .\x64\Release\ImfOutputPart.obj
         .\x64\Release\ImfOutputPartData.obj
         .\x64\Release\ImfPartType.obj
         .\x64\Release\ImfPizCompressor.obj
         .\x64\Release\ImfPreviewImage.obj
         .\x64\Release\ImfPreviewImageAttribute.obj
         .\x64\Release\ImfPxr24Compressor.obj
         .\x64\Release\ImfRational.obj
         .\x64\Release\ImfRationalAttribute.obj
         .\x64\Release\ImfRgbaFile.obj
         .\x64\Release\ImfRgbaYca.obj
         .\x64\Release\ImfRle.obj
         .\x64\Release\ImfRleCompressor.obj
         .\x64\Release\ImfScanLineInputFile.obj
         .\x64\Release\ImfStandardAttributes.obj
         .\x64\Release\ImfStdIO.obj
         .\x64\Release\ImfStringAttribute.obj
         .\x64\Release\ImfStringVectorAttribute.obj
         .\x64\Release\ImfSystemSpecific.obj
         .\x64\Release\ImfTestFile.obj
         .\x64\Release\ImfThreading.obj
         .\x64\Release\ImfTileDescriptionAttribute.obj
         .\x64\Release\ImfTiledInputFile.obj
         .\x64\Release\ImfTiledInputPart.obj
         .\x64\Release\ImfTiledMisc.obj
         .\x64\Release\ImfTiledOutputFile.obj
         .\x64\Release\ImfTiledOutputPart.obj
         .\x64\Release\ImfTiledRgbaFile.obj
         .\x64\Release\ImfTileOffsets.obj
         .\x64\Release\ImfTimeCode.obj
         .\x64\Release\ImfTimeCodeAttribute.obj
         .\x64\Release\ImfVecAttribute.obj
         .\x64\Release\ImfVersion.obj
         .\x64\Release\ImfWav.obj
         .\x64\Release\ImfZip.obj
         .\x64\Release\ImfZipCompressor.obj
         .\x64\Release\ImathBox.obj
         .\x64\Release\ImathColorAlgo.obj
         .\x64\Release\ImathFun.obj
         .\x64\Release\ImathMatrixAlgo.obj
         .\x64\Release\ImathRandom.obj
         .\x64\Release\ImathShear.obj
         .\x64\Release\ImathVec.obj
         .\x64\Release\IexBaseExc.obj
         .\x64\Release\IexThrowErrnoExc.obj
         .\x64\Release\half.obj
         .\x64\Release\IlmThread.obj
         .\x64\Release\IlmThreadMutex.obj
         .\x64\Release\IlmThreadPool.obj
         .\x64\Release\IlmThreadSemaphore.obj
         .\x64\Release\IexMathFloatExc.obj
         OpenEXR.2013.vcxproj -> C:\usr\code\FreeImage_src_vs13\Source\OpenEXR\.\x64\Release\OpenEXR.lib
     1>Done Building Project "C:\usr\code\FreeImage_src_vs13\Source\OpenEXR\OpenEXR.2013.vcxproj" (Build target(s)).

Build succeeded.

Time Elapsed 00:02:06.86
