c:\usr\code\freeimage_src\source\openexr\x64\release\imfdeepscanlineinputpart.obj
c:\usr\code\freeimage_src\source\openexr\x64\release\imfdeepscanlineinputfile.obj
c:\usr\code\freeimage_src\source\openexr\x64\release\imfdeepimagestateattribute.obj
c:\usr\code\freeimage_src\source\openexr\x64\release\imfdeepframebuffer.obj
c:\usr\code\freeimage_src\source\openexr\x64\release\imfdeepcompositing.obj
c:\usr\code\freeimage_src\source\openexr\x64\release\imfcrgbafile.obj
c:\usr\code\freeimage_src\source\openexr\x64\release\imfconvert.obj
c:\usr\code\freeimage_src\source\openexr\x64\release\imfcompressor.obj
c:\usr\code\freeimage_src\source\openexr\x64\release\imfcompressionattribute.obj
c:\usr\code\freeimage_src\source\openexr\x64\release\imfcompositedeepscanline.obj
c:\usr\code\freeimage_src\source\openexr\x64\release\imfchromaticitiesattribute.obj
c:\usr\code\freeimage_src\source\openexr\x64\release\imfchromaticities.obj
c:\usr\code\freeimage_src\source\openexr\x64\release\imfchannellistattribute.obj
c:\usr\code\freeimage_src\source\openexr\x64\release\imfchannellist.obj
c:\usr\code\freeimage_src\source\openexr\x64\release\imfboxattribute.obj
c:\usr\code\freeimage_src\source\openexr\x64\release\imfb44compressor.obj
c:\usr\code\freeimage_src\source\openexr\x64\release\imfattribute.obj
c:\usr\code\freeimage_src\source\openexr\x64\release\imfacesfile.obj
c:\usr\code\freeimage_src\source\openexr\x64\release\b44explogtable.obj
c:\usr\code\freeimage_src\source\openexr\x64\release\iexmathfpu.obj
c:\usr\code\freeimage_src\source\openexr\x64\release\imfinputfile.obj
c:\usr\code\freeimage_src\source\openexr\x64\release\imfhuf.obj
c:\usr\code\freeimage_src\source\openexr\x64\release\imfheader.obj
c:\usr\code\freeimage_src\source\openexr\x64\release\imfgenericoutputfile.obj
c:\usr\code\freeimage_src\source\openexr\x64\release\imfgenericinputfile.obj
c:\usr\code\freeimage_src\source\openexr\x64\release\imfframespersecond.obj
c:\usr\code\freeimage_src\source\openexr\x64\release\imfframebuffer.obj
c:\usr\code\freeimage_src\source\openexr\x64\release\imffloatvectorattribute.obj
c:\usr\code\freeimage_src\source\openexr\x64\release\imffloatattribute.obj
c:\usr\code\freeimage_src\source\openexr\x64\release\imffasthuf.obj
c:\usr\code\freeimage_src\source\openexr\x64\release\imfenvmapattribute.obj
c:\usr\code\freeimage_src\source\openexr\x64\release\imfenvmap.obj
c:\usr\code\freeimage_src\source\openexr\x64\release\imfdwacompressor.obj
c:\usr\code\freeimage_src\source\openexr\x64\release\imfdoubleattribute.obj
c:\usr\code\freeimage_src\source\openexr\x64\release\imfdeeptiledoutputpart.obj
c:\usr\code\freeimage_src\source\openexr\x64\release\imfdeeptiledoutputfile.obj
c:\usr\code\freeimage_src\source\openexr\x64\release\imfdeeptiledinputpart.obj
c:\usr\code\freeimage_src\source\openexr\x64\release\imfdeeptiledinputfile.obj
c:\usr\code\freeimage_src\source\openexr\x64\release\imfdeepscanlineoutputpart.obj
c:\usr\code\freeimage_src\source\openexr\x64\release\imfdeepscanlineoutputfile.obj
c:\usr\code\freeimage_src\source\openexr\x64\release\imfpreviewimage.obj
c:\usr\code\freeimage_src\source\openexr\x64\release\imfpizcompressor.obj
c:\usr\code\freeimage_src\source\openexr\x64\release\imfparttype.obj
c:\usr\code\freeimage_src\source\openexr\x64\release\imfoutputpartdata.obj
c:\usr\code\freeimage_src\source\openexr\x64\release\imfoutputpart.obj
c:\usr\code\freeimage_src\source\openexr\x64\release\imfoutputfile.obj
c:\usr\code\freeimage_src\source\openexr\x64\release\imfopaqueattribute.obj
c:\usr\code\freeimage_src\source\openexr\x64\release\imfmultiview.obj
c:\usr\code\freeimage_src\source\openexr\x64\release\imfmultipartoutputfile.obj
c:\usr\code\freeimage_src\source\openexr\x64\release\imfmultipartinputfile.obj
c:\usr\code\freeimage_src\source\openexr\x64\release\imfmisc.obj
c:\usr\code\freeimage_src\source\openexr\x64\release\imfmatrixattribute.obj
c:\usr\code\freeimage_src\source\openexr\x64\release\imflut.obj
c:\usr\code\freeimage_src\source\openexr\x64\release\imflineorderattribute.obj
c:\usr\code\freeimage_src\source\openexr\x64\release\imfkeycodeattribute.obj
c:\usr\code\freeimage_src\source\openexr\x64\release\imfkeycode.obj
c:\usr\code\freeimage_src\source\openexr\x64\release\imfio.obj
c:\usr\code\freeimage_src\source\openexr\x64\release\imfintattribute.obj
c:\usr\code\freeimage_src\source\openexr\x64\release\imfinputpartdata.obj
c:\usr\code\freeimage_src\source\openexr\x64\release\imfinputpart.obj
c:\usr\code\freeimage_src\source\openexr\x64\release\imftiledmisc.obj
c:\usr\code\freeimage_src\source\openexr\x64\release\imftiledinputpart.obj
c:\usr\code\freeimage_src\source\openexr\x64\release\imftiledinputfile.obj
c:\usr\code\freeimage_src\source\openexr\x64\release\imftiledescriptionattribute.obj
c:\usr\code\freeimage_src\source\openexr\x64\release\imfthreading.obj
c:\usr\code\freeimage_src\source\openexr\x64\release\imftestfile.obj
c:\usr\code\freeimage_src\source\openexr\x64\release\imfsystemspecific.obj
c:\usr\code\freeimage_src\source\openexr\x64\release\imfstringvectorattribute.obj
c:\usr\code\freeimage_src\source\openexr\x64\release\imfstringattribute.obj
c:\usr\code\freeimage_src\source\openexr\x64\release\imfstdio.obj
c:\usr\code\freeimage_src\source\openexr\x64\release\imfstandardattributes.obj
c:\usr\code\freeimage_src\source\openexr\x64\release\imfscanlineinputfile.obj
c:\usr\code\freeimage_src\source\openexr\x64\release\imfrlecompressor.obj
c:\usr\code\freeimage_src\source\openexr\x64\release\imfrle.obj
c:\usr\code\freeimage_src\source\openexr\x64\release\imfrgbayca.obj
c:\usr\code\freeimage_src\source\openexr\x64\release\imfrgbafile.obj
c:\usr\code\freeimage_src\source\openexr\x64\release\imfrationalattribute.obj
c:\usr\code\freeimage_src\source\openexr\x64\release\imfrational.obj
c:\usr\code\freeimage_src\source\openexr\x64\release\imfpxr24compressor.obj
c:\usr\code\freeimage_src\source\openexr\x64\release\imfpreviewimageattribute.obj
c:\usr\code\freeimage_src\source\openexr\x64\release\iexthrowerrnoexc.obj
c:\usr\code\freeimage_src\source\openexr\x64\release\iexbaseexc.obj
c:\usr\code\freeimage_src\source\openexr\x64\release\imathvec.obj
c:\usr\code\freeimage_src\source\openexr\x64\release\imathshear.obj
c:\usr\code\freeimage_src\source\openexr\x64\release\imathrandom.obj
c:\usr\code\freeimage_src\source\openexr\x64\release\imathmatrixalgo.obj
c:\usr\code\freeimage_src\source\openexr\x64\release\imathfun.obj
c:\usr\code\freeimage_src\source\openexr\x64\release\imathcoloralgo.obj
c:\usr\code\freeimage_src\source\openexr\x64\release\imathbox.obj
c:\usr\code\freeimage_src\source\openexr\x64\release\imfzipcompressor.obj
c:\usr\code\freeimage_src\source\openexr\x64\release\imfzip.obj
c:\usr\code\freeimage_src\source\openexr\x64\release\imfwav.obj
c:\usr\code\freeimage_src\source\openexr\x64\release\imfversion.obj
c:\usr\code\freeimage_src\source\openexr\x64\release\imfvecattribute.obj
c:\usr\code\freeimage_src\source\openexr\x64\release\imftimecodeattribute.obj
c:\usr\code\freeimage_src\source\openexr\x64\release\imftimecode.obj
c:\usr\code\freeimage_src\source\openexr\x64\release\imftileoffsets.obj
c:\usr\code\freeimage_src\source\openexr\x64\release\imftiledrgbafile.obj
c:\usr\code\freeimage_src\source\openexr\x64\release\imftiledoutputpart.obj
c:\usr\code\freeimage_src\source\openexr\x64\release\imftiledoutputfile.obj
c:\usr\code\freeimage_src\source\openexr\x64\release\iexmathfloatexc.obj
c:\usr\code\freeimage_src\source\openexr\x64\release\ilmthreadsemaphore.obj
c:\usr\code\freeimage_src\source\openexr\x64\release\ilmthreadpool.obj
c:\usr\code\freeimage_src\source\openexr\x64\release\ilmthreadmutex.obj
c:\usr\code\freeimage_src\source\openexr\x64\release\ilmthread.obj
c:\usr\code\freeimage_src\source\openexr\x64\release\half.obj
c:\usr\code\freeimage_src\source\openexr\x64\release\vc120.pdb
c:\usr\code\freeimage_src\source\openexr\x64\release\openexr.lib
c:\usr\code\freeimage_src\source\openexr\.\x64\release\openexr.lib
c:\usr\code\freeimage_src\source\openexr\x64\release\openexr.tlog\cl.command.1.tlog
c:\usr\code\freeimage_src\source\openexr\x64\release\openexr.tlog\cl.read.1.tlog
c:\usr\code\freeimage_src\source\openexr\x64\release\openexr.tlog\cl.write.1.tlog
c:\usr\code\freeimage_src\source\openexr\x64\release\openexr.tlog\lib-link.read.1.tlog
c:\usr\code\freeimage_src\source\openexr\x64\release\openexr.tlog\lib-link.write.1.tlog
c:\usr\code\freeimage_src\source\openexr\x64\release\openexr.tlog\lib.command.1.tlog
