Build started 20.03.2016 15:57:33.
     1>Project "C:\usr\code\FreeImage_src_vs13\Wrapper\FreeImagePlus\FreeImagePlus.2013.vcxproj" on node 4 (Build target(s)).
     1>ClCompile:
         C:\Program Files (x86)\Microsoft Visual Studio 12.0\VC\bin\x86_amd64\CL.exe /c /I. /I../../Source /nologo /W3 /WX- /Ox /Ob1 /Oi /Ot /Oy /D NDEBUG /D WIN32 /D _WINDOWS /D _USRDLL /D FIP_EXPORTS /D _CRT_SECURE_NO_DEPRECATE /D _VC80_UPGRADE=0x0710 /D _WINDLL /D _MBCS /GF /Gm- /EHsc /MT /GS- /fp:precise /Zc:wchar_t /Zc:forScope /Fo".\x64\Release\\" /Fd".\x64\Release\vc120.pdb" /Gd /TP /errorReport:prompt src\fipImage.cpp src\fipMemoryIO.cpp src\fipMetadataFind.cpp src\fipMultiPage.cpp src\fipTag.cpp src\fipWinImage.cpp src\FreeImagePlus.cpp
         fipImage.cpp
         fipMemoryIO.cpp
         fipMetadataFind.cpp
         fipMultiPage.cpp
         fipTag.cpp
         fipWinImage.cpp
         FreeImagePlus.cpp
         Generating Code...
       Link:
         C:\Program Files (x86)\Microsoft Visual Studio 12.0\VC\bin\x86_amd64\link.exe /ERRORREPORT:PROMPT /OUT:".\x64\Release\FreeImagePlus.dll" /INCREMENTAL:NO /NOLOGO kernel32.lib user32.lib gdi32.lib winspool.lib comdlg32.lib advapi32.lib shell32.lib ole32.lib oleaut32.lib uuid.lib odbc32.lib odbccp32.lib /MANIFEST:NO /PDB:".\x64\Release\FreeImagePlus.pdb" /OPT:REF /OPT:ICF /LTCG /TLBID:1 /DYNAMICBASE:NO /IMPLIB:".\x64\Release\FreeImagePlus.lib" /MACHINE:X64 /DLL .\x64\Release\FreeImagePlus.res
         .\x64\Release\fipImage.obj
         .\x64\Release\fipMemoryIO.obj
         .\x64\Release\fipMetadataFind.obj
         .\x64\Release\fipMultiPage.obj
         .\x64\Release\fipTag.obj
         .\x64\Release\fipWinImage.obj
         .\x64\Release\FreeImagePlus.obj
         C:\usr\code\FreeImage_src_vs13\x64\Release\FreeImage.lib
            Creating library .\x64\Release\FreeImagePlus.lib and object .\x64\Release\FreeImagePlus.exp
         LINK : /LTCG specified but no code generation required; remove /LTCG from the link command line to improve linker performance
         FreeImagePlus.2013.vcxproj -> C:\usr\code\FreeImage_src_vs13\Wrapper\FreeImagePlus\.\x64\Release\FreeImagePlus.dll
       PostBuildEvent:
         mkdir dist\x64
         copy .\x64\Release\FreeImagePlus.dll dist\x64
         copy .\x64\Release\FreeImagePlus.lib dist\x64
         copy FreeImagePlus.h dist\x64
         :VCEnd
         Подпапка или файл dist\x64 уже существует.
         Скопировано файлов:         1.
         Скопировано файлов:         1.
         Скопировано файлов:         1.
     1>Done Building Project "C:\usr\code\FreeImage_src_vs13\Wrapper\FreeImagePlus\FreeImagePlus.2013.vcxproj" (Build target(s)).

Build succeeded.

Time Elapsed 00:00:05.53
