c:\usr\code\freeimage_src\wrapper\freeimageplus\x64\release\freeimageplus.obj
c:\usr\code\freeimage_src\wrapper\freeimageplus\x64\release\fipwinimage.obj
c:\usr\code\freeimage_src\wrapper\freeimageplus\x64\release\fiptag.obj
c:\usr\code\freeimage_src\wrapper\freeimageplus\x64\release\fipmultipage.obj
c:\usr\code\freeimage_src\wrapper\freeimageplus\x64\release\fipmetadatafind.obj
c:\usr\code\freeimage_src\wrapper\freeimageplus\x64\release\fipmemoryio.obj
c:\usr\code\freeimage_src\wrapper\freeimageplus\x64\release\fipimage.obj
c:\usr\code\freeimage_src\wrapper\freeimageplus\x64\release\vc120.pdb
c:\usr\code\freeimage_src\wrapper\freeimageplus\x64\release\freeimageplus.lib
c:\usr\code\freeimage_src\wrapper\freeimageplus\x64\release\freeimageplus.exp
c:\usr\code\freeimage_src\wrapper\freeimageplus\x64\release\freeimageplus.dll
c:\usr\code\freeimage_src\wrapper\freeimageplus\x64\release\freeimageplus.res
c:\usr\code\freeimage_src\wrapper\freeimageplus\.\x64\release\freeimageplus.dll
c:\usr\code\freeimage_src\wrapper\freeimageplus\x64\release\freeimageplus.tlog\cl.command.1.tlog
c:\usr\code\freeimage_src\wrapper\freeimageplus\x64\release\freeimageplus.tlog\cl.read.1.tlog
c:\usr\code\freeimage_src\wrapper\freeimageplus\x64\release\freeimageplus.tlog\cl.write.1.tlog
c:\usr\code\freeimage_src\wrapper\freeimageplus\x64\release\freeimageplus.tlog\freeimageplus.write.1u.tlog
c:\usr\code\freeimage_src\wrapper\freeimageplus\x64\release\freeimageplus.tlog\link.command.1.tlog
c:\usr\code\freeimage_src\wrapper\freeimageplus\x64\release\freeimageplus.tlog\link.read.1.tlog
c:\usr\code\freeimage_src\wrapper\freeimageplus\x64\release\freeimageplus.tlog\link.write.1.tlog
c:\usr\code\freeimage_src\wrapper\freeimageplus\x64\release\freeimageplus.tlog\rc.command.1.tlog
c:\usr\code\freeimage_src\wrapper\freeimageplus\x64\release\freeimageplus.tlog\rc.read.1.tlog
c:\usr\code\freeimage_src\wrapper\freeimageplus\x64\release\freeimageplus.tlog\rc.write.1.tlog
