d:\include\freeimage_src\source\libjpeg\win32\debug\libjpeg.pdb
d:\include\freeimage_src\source\libjpeg\win32\debug\libjpeg.idb
d:\include\freeimage_src\source\libjpeg\win32\debug\jdarith.obj
d:\include\freeimage_src\source\libjpeg\win32\debug\jdapistd.obj
d:\include\freeimage_src\source\libjpeg\win32\debug\jdapimin.obj
d:\include\freeimage_src\source\libjpeg\win32\debug\jctrans.obj
d:\include\freeimage_src\source\libjpeg\win32\debug\jcsample.obj
d:\include\freeimage_src\source\libjpeg\win32\debug\jcprepct.obj
d:\include\freeimage_src\source\libjpeg\win32\debug\jcparam.obj
d:\include\freeimage_src\source\libjpeg\win32\debug\jcomapi.obj
d:\include\freeimage_src\source\libjpeg\win32\debug\jcmaster.obj
d:\include\freeimage_src\source\libjpeg\win32\debug\jcmarker.obj
d:\include\freeimage_src\source\libjpeg\win32\debug\jcmainct.obj
d:\include\freeimage_src\source\libjpeg\win32\debug\jcinit.obj
d:\include\freeimage_src\source\libjpeg\win32\debug\jchuff.obj
d:\include\freeimage_src\source\libjpeg\win32\debug\jcdctmgr.obj
d:\include\freeimage_src\source\libjpeg\win32\debug\jccolor.obj
d:\include\freeimage_src\source\libjpeg\win32\debug\jccoefct.obj
d:\include\freeimage_src\source\libjpeg\win32\debug\jcarith.obj
d:\include\freeimage_src\source\libjpeg\win32\debug\jcapistd.obj
d:\include\freeimage_src\source\libjpeg\win32\debug\jcapimin.obj
d:\include\freeimage_src\source\libjpeg\win32\debug\jaricom.obj
d:\include\freeimage_src\source\libjpeg\win32\debug\jidctfst.obj
d:\include\freeimage_src\source\libjpeg\win32\debug\jidctflt.obj
d:\include\freeimage_src\source\libjpeg\win32\debug\jfdctint.obj
d:\include\freeimage_src\source\libjpeg\win32\debug\jfdctfst.obj
d:\include\freeimage_src\source\libjpeg\win32\debug\jfdctflt.obj
d:\include\freeimage_src\source\libjpeg\win32\debug\jerror.obj
d:\include\freeimage_src\source\libjpeg\win32\debug\jdtrans.obj
d:\include\freeimage_src\source\libjpeg\win32\debug\jdsample.obj
d:\include\freeimage_src\source\libjpeg\win32\debug\jdpostct.obj
d:\include\freeimage_src\source\libjpeg\win32\debug\jdmerge.obj
d:\include\freeimage_src\source\libjpeg\win32\debug\jdmaster.obj
d:\include\freeimage_src\source\libjpeg\win32\debug\jdmarker.obj
d:\include\freeimage_src\source\libjpeg\win32\debug\jdmainct.obj
d:\include\freeimage_src\source\libjpeg\win32\debug\jdinput.obj
d:\include\freeimage_src\source\libjpeg\win32\debug\jdhuff.obj
d:\include\freeimage_src\source\libjpeg\win32\debug\jddctmgr.obj
d:\include\freeimage_src\source\libjpeg\win32\debug\jdcolor.obj
d:\include\freeimage_src\source\libjpeg\win32\debug\jdcoefct.obj
d:\include\freeimage_src\source\libjpeg\win32\debug\jdatasrc.obj
d:\include\freeimage_src\source\libjpeg\win32\debug\jdatadst.obj
d:\include\freeimage_src\source\libjpeg\win32\debug\transupp.obj
d:\include\freeimage_src\source\libjpeg\win32\debug\jutils.obj
d:\include\freeimage_src\source\libjpeg\win32\debug\jquant2.obj
d:\include\freeimage_src\source\libjpeg\win32\debug\jquant1.obj
d:\include\freeimage_src\source\libjpeg\win32\debug\jmemnobs.obj
d:\include\freeimage_src\source\libjpeg\win32\debug\jmemmgr.obj
d:\include\freeimage_src\source\libjpeg\win32\debug\jidctint.obj
c:\usr\code\freeimage_src\source\libjpeg\win32\debug\vc120.pdb
c:\usr\code\freeimage_src\source\libjpeg\win32\debug\vc120.idb
c:\usr\code\freeimage_src\source\libjpeg\win32\debug\jdarith.obj
c:\usr\code\freeimage_src\source\libjpeg\win32\debug\jdapistd.obj
c:\usr\code\freeimage_src\source\libjpeg\win32\debug\jdapimin.obj
c:\usr\code\freeimage_src\source\libjpeg\win32\debug\jctrans.obj
c:\usr\code\freeimage_src\source\libjpeg\win32\debug\jcsample.obj
c:\usr\code\freeimage_src\source\libjpeg\win32\debug\jcprepct.obj
c:\usr\code\freeimage_src\source\libjpeg\win32\debug\jcparam.obj
c:\usr\code\freeimage_src\source\libjpeg\win32\debug\jcomapi.obj
c:\usr\code\freeimage_src\source\libjpeg\win32\debug\jcmaster.obj
c:\usr\code\freeimage_src\source\libjpeg\win32\debug\jcmarker.obj
c:\usr\code\freeimage_src\source\libjpeg\win32\debug\jcmainct.obj
c:\usr\code\freeimage_src\source\libjpeg\win32\debug\jcinit.obj
c:\usr\code\freeimage_src\source\libjpeg\win32\debug\jchuff.obj
c:\usr\code\freeimage_src\source\libjpeg\win32\debug\jcdctmgr.obj
c:\usr\code\freeimage_src\source\libjpeg\win32\debug\jccolor.obj
c:\usr\code\freeimage_src\source\libjpeg\win32\debug\jccoefct.obj
c:\usr\code\freeimage_src\source\libjpeg\win32\debug\jcarith.obj
c:\usr\code\freeimage_src\source\libjpeg\win32\debug\jcapistd.obj
c:\usr\code\freeimage_src\source\libjpeg\win32\debug\jcapimin.obj
c:\usr\code\freeimage_src\source\libjpeg\win32\debug\jaricom.obj
c:\usr\code\freeimage_src\source\libjpeg\win32\debug\jidctfst.obj
c:\usr\code\freeimage_src\source\libjpeg\win32\debug\jidctflt.obj
c:\usr\code\freeimage_src\source\libjpeg\win32\debug\jfdctint.obj
c:\usr\code\freeimage_src\source\libjpeg\win32\debug\jfdctfst.obj
c:\usr\code\freeimage_src\source\libjpeg\win32\debug\jfdctflt.obj
c:\usr\code\freeimage_src\source\libjpeg\win32\debug\jerror.obj
c:\usr\code\freeimage_src\source\libjpeg\win32\debug\jdtrans.obj
c:\usr\code\freeimage_src\source\libjpeg\win32\debug\jdsample.obj
c:\usr\code\freeimage_src\source\libjpeg\win32\debug\jdpostct.obj
c:\usr\code\freeimage_src\source\libjpeg\win32\debug\jdmerge.obj
c:\usr\code\freeimage_src\source\libjpeg\win32\debug\jdmaster.obj
c:\usr\code\freeimage_src\source\libjpeg\win32\debug\jdmarker.obj
c:\usr\code\freeimage_src\source\libjpeg\win32\debug\jdmainct.obj
c:\usr\code\freeimage_src\source\libjpeg\win32\debug\jdinput.obj
c:\usr\code\freeimage_src\source\libjpeg\win32\debug\jdhuff.obj
c:\usr\code\freeimage_src\source\libjpeg\win32\debug\jddctmgr.obj
c:\usr\code\freeimage_src\source\libjpeg\win32\debug\jdcolor.obj
c:\usr\code\freeimage_src\source\libjpeg\win32\debug\jdcoefct.obj
c:\usr\code\freeimage_src\source\libjpeg\win32\debug\jdatasrc.obj
c:\usr\code\freeimage_src\source\libjpeg\win32\debug\jdatadst.obj
c:\usr\code\freeimage_src\source\libjpeg\win32\debug\transupp.obj
c:\usr\code\freeimage_src\source\libjpeg\win32\debug\jutils.obj
c:\usr\code\freeimage_src\source\libjpeg\win32\debug\jquant2.obj
c:\usr\code\freeimage_src\source\libjpeg\win32\debug\jquant1.obj
c:\usr\code\freeimage_src\source\libjpeg\win32\debug\jmemnobs.obj
c:\usr\code\freeimage_src\source\libjpeg\win32\debug\jmemmgr.obj
c:\usr\code\freeimage_src\source\libjpeg\win32\debug\jidctint.obj
d:\include\freeimage_src\source\libjpeg\win32\debug\libjpeg.lib
c:\usr\code\freeimage_src\source\libjpeg\win32\debug\libjpeg.lib
c:\usr\code\freeimage_src\source\libjpeg\win32\debug\libjpeg.idb
c:\usr\code\freeimage_src\source\libjpeg\win32\debug\libjpeg.pdb
c:\usr\code\freeimage_src\source\libjpeg\.\win32\debug\libjpeg.lib
c:\usr\code\freeimage_src\source\libjpeg\win32\debug\libjpeg.tlog\cl.command.1.tlog
c:\usr\code\freeimage_src\source\libjpeg\win32\debug\libjpeg.tlog\cl.read.1.tlog
c:\usr\code\freeimage_src\source\libjpeg\win32\debug\libjpeg.tlog\cl.write.1.tlog
c:\usr\code\freeimage_src\source\libjpeg\win32\debug\libjpeg.tlog\lib-link.read.1.tlog
c:\usr\code\freeimage_src\source\libjpeg\win32\debug\libjpeg.tlog\lib-link.write.1.tlog
c:\usr\code\freeimage_src\source\libjpeg\win32\debug\libjpeg.tlog\lib.command.1.tlog
