Build started 06.12.2015 23:11:25.
     1>Project "D:\include\FreeImage_src\Source\LibJXR\LibJXR.2013.vcxproj" on node 4 (Build target(s)).
     1>ClCompile:
         C:\Program Files (x86)\Microsoft Visual Studio 14.0\VC\bin\x86_amd64\CL.exe /c /I./image/sys /I./jxrgluelib /Zi /nologo /W3 /WX- /Od /D WIN32 /D _DEBUG /D _LIB /D DISABLE_PERF_MEASUREMENT /D _MBCS /Gm /EHsc /RTC1 /MTd /GS /fp:precise /Zc:wchar_t /Zc:forScope /Zc:inline /Fo".\x64\Debug\\" /Fd".\x64\Debug\LibJXR.pdb" /Gd /TC /errorReport:prompt image\decode\JXRTranscode.c image\decode\decode.c image\decode\postprocess.c image\decode\segdec.c image\decode\strInvTransform.c image\decode\strPredQuantDec.c image\decode\strdec.c image\decode\strdec_x86.c image\encode\encode.c image\encode\segenc.c image\encode\strFwdTransform.c image\encode\strPredQuantEnc.c image\encode\strenc.c image\encode\strenc_x86.c image\sys\adapthuff.c image\sys\image.c image\sys\strPredQuant.c image\sys\strTransform.c image\sys\strcodec.c jxrgluelib\JXRGlue.c jxrgluelib\JXRGlueJxr.c jxrgluelib\JXRGluePFC.c jxrgluelib\JXRMeta.c
         JXRMeta.c
         JXRGluePFC.c
         JXRGlueJxr.c
         JXRGlue.c
         strcodec.c
         strTransform.c
         strPredQuant.c
         image.c
         adapthuff.c
         strenc_x86.c
         strenc.c
         strPredQuantEnc.c
         strFwdTransform.c
         segenc.c
         encode.c
         strdec_x86.c
         strdec.c
         strPredQuantDec.c
         strInvTransform.c
         segdec.c
         Generating Code...
         Compiling...
         postprocess.c
         decode.c
         JXRTranscode.c
         Generating Code...
       Lib:
         C:\Program Files (x86)\Microsoft Visual Studio 14.0\VC\bin\x86_amd64\Lib.exe /OUT:".\x64\Debug\LibJXR.lib" /NOLOGO /MACHINE:X64 .\x64\Debug\decode.obj
         .\x64\Debug\JXRTranscode.obj
         .\x64\Debug\postprocess.obj
         .\x64\Debug\segdec.obj
         .\x64\Debug\strdec.obj
         .\x64\Debug\strdec_x86.obj
         .\x64\Debug\strInvTransform.obj
         .\x64\Debug\strPredQuantDec.obj
         .\x64\Debug\encode.obj
         .\x64\Debug\segenc.obj
         .\x64\Debug\strenc.obj
         .\x64\Debug\strenc_x86.obj
         .\x64\Debug\strFwdTransform.obj
         .\x64\Debug\strPredQuantEnc.obj
         .\x64\Debug\adapthuff.obj
         .\x64\Debug\image.obj
         .\x64\Debug\strcodec.obj
         .\x64\Debug\strPredQuant.obj
         .\x64\Debug\strTransform.obj
         .\x64\Debug\JXRGlue.obj
         .\x64\Debug\JXRGlueJxr.obj
         .\x64\Debug\JXRGluePFC.obj
         .\x64\Debug\JXRMeta.obj
         LibJXR.2013.vcxproj -> D:\include\FreeImage_src\Source\LibJXR\.\x64\Debug\LibJXR.lib
     1>Done Building Project "D:\include\FreeImage_src\Source\LibJXR\LibJXR.2013.vcxproj" (Build target(s)).

Build succeeded.

Time Elapsed 00:00:08.63
