d:\include\freeimage_src\win32\debug\vc140.pdb
d:\include\freeimage_src\win32\debug\vc140.idb
d:\include\freeimage_src\win32\debug\pluginhdr.obj
d:\include\freeimage_src\win32\debug\plugingif.obj
d:\include\freeimage_src\win32\debug\pluginexr.obj
d:\include\freeimage_src\win32\debug\plugindds.obj
d:\include\freeimage_src\win32\debug\plugincut.obj
d:\include\freeimage_src\win32\debug\pluginbmp.obj
d:\include\freeimage_src\win32\debug\plugin.obj
d:\include\freeimage_src\win32\debug\mnghelper.obj
d:\include\freeimage_src\win32\debug\j2khelper.obj
d:\include\freeimage_src\win32\debug\pixelaccess.obj
d:\include\freeimage_src\win32\debug\memoryio.obj
d:\include\freeimage_src\win32\debug\lfpquantizer.obj
d:\include\freeimage_src\win32\debug\gettype.obj
d:\include\freeimage_src\win32\debug\freeimageio.obj
d:\include\freeimage_src\win32\debug\freeimage.obj
d:\include\freeimage_src\win32\debug\conversionrgbaf.obj
d:\include\freeimage_src\win32\debug\conversionrgba16.obj
d:\include\freeimage_src\win32\debug\colorlookup.obj
d:\include\freeimage_src\win32\debug\bitmapaccess.obj
d:\include\freeimage_src\win32\debug\plugintarga.obj
d:\include\freeimage_src\win32\debug\pluginsgi.obj
d:\include\freeimage_src\win32\debug\pluginraw.obj
d:\include\freeimage_src\win32\debug\pluginras.obj
d:\include\freeimage_src\win32\debug\pluginpsd.obj
d:\include\freeimage_src\win32\debug\pluginpnm.obj
d:\include\freeimage_src\win32\debug\pluginpng.obj
d:\include\freeimage_src\win32\debug\pluginpict.obj
d:\include\freeimage_src\win32\debug\pluginpfm.obj
d:\include\freeimage_src\win32\debug\pluginpcx.obj
d:\include\freeimage_src\win32\debug\pluginpcd.obj
d:\include\freeimage_src\win32\debug\pluginmng.obj
d:\include\freeimage_src\win32\debug\pluginkoala.obj
d:\include\freeimage_src\win32\debug\pluginjxr.obj
d:\include\freeimage_src\win32\debug\pluginjpeg.obj
d:\include\freeimage_src\win32\debug\pluginjp2.obj
d:\include\freeimage_src\win32\debug\pluginjng.obj
d:\include\freeimage_src\win32\debug\pluginj2k.obj
d:\include\freeimage_src\win32\debug\pluginiff.obj
d:\include\freeimage_src\win32\debug\pluginico.obj
d:\include\freeimage_src\win32\debug\halftoning.obj
d:\include\freeimage_src\win32\debug\conversionuint16.obj
d:\include\freeimage_src\win32\debug\conversiontype.obj
d:\include\freeimage_src\win32\debug\conversionrgbf.obj
d:\include\freeimage_src\win32\debug\conversionrgb16.obj
d:\include\freeimage_src\win32\debug\conversionfloat.obj
d:\include\freeimage_src\win32\debug\conversion8.obj
d:\include\freeimage_src\win32\debug\conversion4.obj
d:\include\freeimage_src\win32\debug\conversion32.obj
d:\include\freeimage_src\win32\debug\conversion24.obj
d:\include\freeimage_src\win32\debug\conversion16_565.obj
d:\include\freeimage_src\win32\debug\conversion16_555.obj
d:\include\freeimage_src\win32\debug\conversion.obj
d:\include\freeimage_src\win32\debug\tifflogluv.obj
d:\include\freeimage_src\win32\debug\psdparser.obj
d:\include\freeimage_src\win32\debug\pluginxpm.obj
d:\include\freeimage_src\win32\debug\pluginxbm.obj
d:\include\freeimage_src\win32\debug\pluginwebp.obj
d:\include\freeimage_src\win32\debug\pluginwbmp.obj
d:\include\freeimage_src\win32\debug\plugintiff.obj
d:\include\freeimage_src\win32\debug\background.obj
d:\include\freeimage_src\win32\debug\taglib.obj
d:\include\freeimage_src\win32\debug\tagconversion.obj
d:\include\freeimage_src\win32\debug\iptc.obj
d:\include\freeimage_src\win32\debug\freeimagetag.obj
d:\include\freeimage_src\win32\debug\firational.obj
d:\include\freeimage_src\win32\debug\exif.obj
d:\include\freeimage_src\win32\debug\zlibinterface.obj
d:\include\freeimage_src\win32\debug\multipage.obj
d:\include\freeimage_src\win32\debug\cachefile.obj
d:\include\freeimage_src\win32\debug\deprecationmgr.obj
d:\include\freeimage_src\win32\debug\deprecated.obj
d:\include\freeimage_src\win32\debug\wuquantizer.obj
d:\include\freeimage_src\win32\debug\nnquantizer.obj
d:\include\freeimage_src\win32\debug\tonemapping.obj
d:\include\freeimage_src\win32\debug\tmoreinhard05.obj
d:\include\freeimage_src\win32\debug\tmofattal02.obj
d:\include\freeimage_src\win32\debug\tmodrago03.obj
d:\include\freeimage_src\win32\debug\tmocolorconvert.obj
d:\include\freeimage_src\win32\debug\resize.obj
d:\include\freeimage_src\win32\debug\rescale.obj
d:\include\freeimage_src\win32\debug\multigridpoissonsolver.obj
d:\include\freeimage_src\win32\debug\jpegtransform.obj
d:\include\freeimage_src\win32\debug\flip.obj
d:\include\freeimage_src\win32\debug\display.obj
d:\include\freeimage_src\win32\debug\copypaste.obj
d:\include\freeimage_src\win32\debug\colors.obj
d:\include\freeimage_src\win32\debug\classicrotate.obj
d:\include\freeimage_src\win32\debug\channels.obj
d:\include\freeimage_src\win32\debug\bsplinerotate.obj
d:\include\freeimage_src\win32\debug\xtiff.obj
d:\include\freeimage_src\win32\debug\pluging3.obj
d:\include\freeimage_src\win32\debug\freeimagec.obj
c:\usr\code\freeimage_src\win32\debug\vc120.pdb
c:\usr\code\freeimage_src\win32\debug\vc120.idb
c:\usr\code\freeimage_src\win32\debug\pluginhdr.obj
c:\usr\code\freeimage_src\win32\debug\plugingif.obj
c:\usr\code\freeimage_src\win32\debug\pluging3.obj
c:\usr\code\freeimage_src\win32\debug\pluginexr.obj
c:\usr\code\freeimage_src\win32\debug\plugindds.obj
c:\usr\code\freeimage_src\win32\debug\plugincut.obj
c:\usr\code\freeimage_src\win32\debug\pluginbmp.obj
c:\usr\code\freeimage_src\win32\debug\plugin.obj
c:\usr\code\freeimage_src\win32\debug\mnghelper.obj
c:\usr\code\freeimage_src\win32\debug\j2khelper.obj
c:\usr\code\freeimage_src\win32\debug\pixelaccess.obj
c:\usr\code\freeimage_src\win32\debug\memoryio.obj
c:\usr\code\freeimage_src\win32\debug\lfpquantizer.obj
c:\usr\code\freeimage_src\win32\debug\gettype.obj
c:\usr\code\freeimage_src\win32\debug\freeimageio.obj
c:\usr\code\freeimage_src\win32\debug\freeimage.obj
c:\usr\code\freeimage_src\win32\debug\conversionrgbaf.obj
c:\usr\code\freeimage_src\win32\debug\conversionrgba16.obj
c:\usr\code\freeimage_src\win32\debug\colorlookup.obj
c:\usr\code\freeimage_src\win32\debug\bitmapaccess.obj
c:\usr\code\freeimage_src\win32\debug\plugintarga.obj
c:\usr\code\freeimage_src\win32\debug\pluginsgi.obj
c:\usr\code\freeimage_src\win32\debug\pluginraw.obj
c:\usr\code\freeimage_src\win32\debug\pluginras.obj
c:\usr\code\freeimage_src\win32\debug\pluginpsd.obj
c:\usr\code\freeimage_src\win32\debug\pluginpnm.obj
c:\usr\code\freeimage_src\win32\debug\pluginpng.obj
c:\usr\code\freeimage_src\win32\debug\pluginpict.obj
c:\usr\code\freeimage_src\win32\debug\pluginpfm.obj
c:\usr\code\freeimage_src\win32\debug\pluginpcx.obj
c:\usr\code\freeimage_src\win32\debug\pluginpcd.obj
c:\usr\code\freeimage_src\win32\debug\pluginmng.obj
c:\usr\code\freeimage_src\win32\debug\pluginkoala.obj
c:\usr\code\freeimage_src\win32\debug\pluginjxr.obj
c:\usr\code\freeimage_src\win32\debug\pluginjpeg.obj
c:\usr\code\freeimage_src\win32\debug\pluginjp2.obj
c:\usr\code\freeimage_src\win32\debug\pluginjng.obj
c:\usr\code\freeimage_src\win32\debug\pluginj2k.obj
c:\usr\code\freeimage_src\win32\debug\pluginiff.obj
c:\usr\code\freeimage_src\win32\debug\pluginico.obj
c:\usr\code\freeimage_src\win32\debug\halftoning.obj
c:\usr\code\freeimage_src\win32\debug\conversionuint16.obj
c:\usr\code\freeimage_src\win32\debug\conversiontype.obj
c:\usr\code\freeimage_src\win32\debug\conversionrgbf.obj
c:\usr\code\freeimage_src\win32\debug\conversionrgb16.obj
c:\usr\code\freeimage_src\win32\debug\conversionfloat.obj
c:\usr\code\freeimage_src\win32\debug\conversion8.obj
c:\usr\code\freeimage_src\win32\debug\conversion4.obj
c:\usr\code\freeimage_src\win32\debug\conversion32.obj
c:\usr\code\freeimage_src\win32\debug\conversion24.obj
c:\usr\code\freeimage_src\win32\debug\conversion16_565.obj
c:\usr\code\freeimage_src\win32\debug\conversion16_555.obj
c:\usr\code\freeimage_src\win32\debug\conversion.obj
c:\usr\code\freeimage_src\win32\debug\tifflogluv.obj
c:\usr\code\freeimage_src\win32\debug\psdparser.obj
c:\usr\code\freeimage_src\win32\debug\pluginxpm.obj
c:\usr\code\freeimage_src\win32\debug\pluginxbm.obj
c:\usr\code\freeimage_src\win32\debug\pluginwebp.obj
c:\usr\code\freeimage_src\win32\debug\pluginwbmp.obj
c:\usr\code\freeimage_src\win32\debug\plugintiff.obj
c:\usr\code\freeimage_src\win32\debug\background.obj
c:\usr\code\freeimage_src\win32\debug\xtiff.obj
c:\usr\code\freeimage_src\win32\debug\taglib.obj
c:\usr\code\freeimage_src\win32\debug\tagconversion.obj
c:\usr\code\freeimage_src\win32\debug\iptc.obj
c:\usr\code\freeimage_src\win32\debug\freeimagetag.obj
c:\usr\code\freeimage_src\win32\debug\firational.obj
c:\usr\code\freeimage_src\win32\debug\exif.obj
c:\usr\code\freeimage_src\win32\debug\zlibinterface.obj
c:\usr\code\freeimage_src\win32\debug\multipage.obj
c:\usr\code\freeimage_src\win32\debug\cachefile.obj
c:\usr\code\freeimage_src\win32\debug\deprecationmgr.obj
c:\usr\code\freeimage_src\win32\debug\deprecated.obj
c:\usr\code\freeimage_src\win32\debug\wuquantizer.obj
c:\usr\code\freeimage_src\win32\debug\nnquantizer.obj
c:\usr\code\freeimage_src\win32\debug\tonemapping.obj
c:\usr\code\freeimage_src\win32\debug\tmoreinhard05.obj
c:\usr\code\freeimage_src\win32\debug\tmofattal02.obj
c:\usr\code\freeimage_src\win32\debug\tmodrago03.obj
c:\usr\code\freeimage_src\win32\debug\tmocolorconvert.obj
c:\usr\code\freeimage_src\win32\debug\resize.obj
c:\usr\code\freeimage_src\win32\debug\rescale.obj
c:\usr\code\freeimage_src\win32\debug\multigridpoissonsolver.obj
c:\usr\code\freeimage_src\win32\debug\jpegtransform.obj
c:\usr\code\freeimage_src\win32\debug\flip.obj
c:\usr\code\freeimage_src\win32\debug\display.obj
c:\usr\code\freeimage_src\win32\debug\copypaste.obj
c:\usr\code\freeimage_src\win32\debug\colors.obj
c:\usr\code\freeimage_src\win32\debug\classicrotate.obj
c:\usr\code\freeimage_src\win32\debug\channels.obj
c:\usr\code\freeimage_src\win32\debug\bsplinerotate.obj
c:\usr\code\freeimage_src\win32\debug\freeimagec.obj
d:\include\freeimage_src\win32\debug\freeimaged.lib
d:\include\freeimage_src\win32\debug\freeimaged.exp
d:\include\freeimage_src\win32\debug\freeimaged.dll
d:\include\freeimage_src\win32\debug\freeimaged.pdb
d:\include\freeimage_src\win32\debug\freeimage.res
c:\usr\code\freeimage_src\win32\debug\freeimage.res
c:\usr\code\freeimage_src\win32\debug\freeimaged.exp
c:\usr\code\freeimage_src\win32\debug\vc140.idb
c:\usr\code\freeimage_src\win32\debug\freeimaged.pdb
c:\usr\code\freeimage_src\win32\debug\vc140.pdb
c:\usr\code\freeimage_src\win32\debug\freeimage.tlog\cl.command.1.tlog
c:\usr\code\freeimage_src\win32\debug\freeimage.tlog\cl.read.1.tlog
c:\usr\code\freeimage_src\win32\debug\freeimage.tlog\cl.write.1.tlog
c:\usr\code\freeimage_src\win32\debug\freeimage.tlog\freeimage.write.1u.tlog
c:\usr\code\freeimage_src\win32\debug\freeimage.tlog\link-cvtres.read.1.tlog
c:\usr\code\freeimage_src\win32\debug\freeimage.tlog\link-cvtres.write.1.tlog
c:\usr\code\freeimage_src\win32\debug\freeimage.tlog\link.command.1.tlog
c:\usr\code\freeimage_src\win32\debug\freeimage.tlog\link.read.1.tlog
c:\usr\code\freeimage_src\win32\debug\freeimage.tlog\link.write.1.tlog
c:\usr\code\freeimage_src\win32\debug\freeimage.tlog\rc.command.1.tlog
c:\usr\code\freeimage_src\win32\debug\freeimage.tlog\rc.read.1.tlog
c:\usr\code\freeimage_src\win32\debug\freeimage.tlog\rc.write.1.tlog
