c:\usr\code\freeimage_src\source\libtiff4\x64\release\tif_lzw.obj
c:\usr\code\freeimage_src\source\libtiff4\x64\release\tif_lzma.obj
c:\usr\code\freeimage_src\source\libtiff4\x64\release\tif_luv.obj
c:\usr\code\freeimage_src\source\libtiff4\x64\release\tif_jpeg.obj
c:\usr\code\freeimage_src\source\libtiff4\x64\release\tif_getimage.obj
c:\usr\code\freeimage_src\source\libtiff4\x64\release\tif_flush.obj
c:\usr\code\freeimage_src\source\libtiff4\x64\release\tif_fax3sm.obj
c:\usr\code\freeimage_src\source\libtiff4\x64\release\tif_fax3.obj
c:\usr\code\freeimage_src\source\libtiff4\x64\release\tif_extension.obj
c:\usr\code\freeimage_src\source\libtiff4\x64\release\tif_error.obj
c:\usr\code\freeimage_src\source\libtiff4\x64\release\tif_dumpmode.obj
c:\usr\code\freeimage_src\source\libtiff4\x64\release\tif_dirwrite.obj
c:\usr\code\freeimage_src\source\libtiff4\x64\release\tif_dirread.obj
c:\usr\code\freeimage_src\source\libtiff4\x64\release\tif_dirinfo.obj
c:\usr\code\freeimage_src\source\libtiff4\x64\release\tif_dir.obj
c:\usr\code\freeimage_src\source\libtiff4\x64\release\tif_compress.obj
c:\usr\code\freeimage_src\source\libtiff4\x64\release\tif_color.obj
c:\usr\code\freeimage_src\source\libtiff4\x64\release\tif_codec.obj
c:\usr\code\freeimage_src\source\libtiff4\x64\release\tif_close.obj
c:\usr\code\freeimage_src\source\libtiff4\x64\release\tif_aux.obj
c:\usr\code\freeimage_src\source\libtiff4\x64\release\tif_zip.obj
c:\usr\code\freeimage_src\source\libtiff4\x64\release\tif_write.obj
c:\usr\code\freeimage_src\source\libtiff4\x64\release\tif_warning.obj
c:\usr\code\freeimage_src\source\libtiff4\x64\release\tif_version.obj
c:\usr\code\freeimage_src\source\libtiff4\x64\release\tif_tile.obj
c:\usr\code\freeimage_src\source\libtiff4\x64\release\tif_thunder.obj
c:\usr\code\freeimage_src\source\libtiff4\x64\release\tif_swab.obj
c:\usr\code\freeimage_src\source\libtiff4\x64\release\tif_strip.obj
c:\usr\code\freeimage_src\source\libtiff4\x64\release\tif_read.obj
c:\usr\code\freeimage_src\source\libtiff4\x64\release\tif_print.obj
c:\usr\code\freeimage_src\source\libtiff4\x64\release\tif_predict.obj
c:\usr\code\freeimage_src\source\libtiff4\x64\release\tif_pixarlog.obj
c:\usr\code\freeimage_src\source\libtiff4\x64\release\tif_packbits.obj
c:\usr\code\freeimage_src\source\libtiff4\x64\release\tif_open.obj
c:\usr\code\freeimage_src\source\libtiff4\x64\release\tif_ojpeg.obj
c:\usr\code\freeimage_src\source\libtiff4\x64\release\tif_next.obj
c:\usr\code\freeimage_src\source\libtiff4\x64\release\vc120.pdb
c:\usr\code\freeimage_src\source\libtiff4\x64\release\libtiff4.lib
c:\usr\code\freeimage_src\source\libtiff4\.\x64\release\libtiff4.lib
c:\usr\code\freeimage_src\source\libtiff4\x64\release\libtiff4.tlog\cl.command.1.tlog
c:\usr\code\freeimage_src\source\libtiff4\x64\release\libtiff4.tlog\cl.read.1.tlog
c:\usr\code\freeimage_src\source\libtiff4\x64\release\libtiff4.tlog\cl.write.1.tlog
c:\usr\code\freeimage_src\source\libtiff4\x64\release\libtiff4.tlog\lib-link.read.1.tlog
c:\usr\code\freeimage_src\source\libtiff4\x64\release\libtiff4.tlog\lib-link.write.1.tlog
c:\usr\code\freeimage_src\source\libtiff4\x64\release\libtiff4.tlog\lib.command.1.tlog
