d:\include\freeimage_src\source\libwebp\win32\debug\libwebp.pdb
d:\include\freeimage_src\source\libwebp\win32\debug\dsp.cost_mips_dsp_r2.obj
d:\include\freeimage_src\source\libwebp\win32\debug\dsp.cost_mips32.obj
d:\include\freeimage_src\source\libwebp\win32\debug\dsp.cost.obj
d:\include\freeimage_src\source\libwebp\win32\debug\dsp.argb_sse2.obj
d:\include\freeimage_src\source\libwebp\win32\debug\dsp.argb_mips_dsp_r2.obj
d:\include\freeimage_src\source\libwebp\win32\debug\dsp.argb.obj
d:\include\freeimage_src\source\libwebp\win32\debug\dsp.alpha_processing_sse2.obj
d:\include\freeimage_src\source\libwebp\win32\debug\dsp.alpha_processing_mips_dsp_r2.obj
d:\include\freeimage_src\source\libwebp\win32\debug\dsp.alpha_processing.obj
d:\include\freeimage_src\source\libwebp\win32\debug\demux.demux.obj
d:\include\freeimage_src\source\libwebp\win32\debug\dec.webp.obj
d:\include\freeimage_src\source\libwebp\win32\debug\dec.vp8l.obj
d:\include\freeimage_src\source\libwebp\win32\debug\dec.vp8.obj
d:\include\freeimage_src\source\libwebp\win32\debug\dec.tree.obj
d:\include\freeimage_src\source\libwebp\win32\debug\dec.quant.obj
d:\include\freeimage_src\source\libwebp\win32\debug\dec.io.obj
d:\include\freeimage_src\source\libwebp\win32\debug\dec.idec.obj
d:\include\freeimage_src\source\libwebp\win32\debug\dec.frame.obj
d:\include\freeimage_src\source\libwebp\win32\debug\dec.buffer.obj
d:\include\freeimage_src\source\libwebp\win32\debug\dec.alpha.obj
d:\include\freeimage_src\source\libwebp\win32\debug\dsp.lossless_mips_dsp_r2.obj
d:\include\freeimage_src\source\libwebp\win32\debug\dsp.lossless_mips32.obj
d:\include\freeimage_src\source\libwebp\win32\debug\dsp.lossless.obj
d:\include\freeimage_src\source\libwebp\win32\debug\dsp.filters_sse2.obj
d:\include\freeimage_src\source\libwebp\win32\debug\dsp.filters_mips_dsp_r2.obj
d:\include\freeimage_src\source\libwebp\win32\debug\dsp.filters.obj
d:\include\freeimage_src\source\libwebp\win32\debug\dsp.enc_sse2.obj
d:\include\freeimage_src\source\libwebp\win32\debug\dsp.enc_neon.obj
d:\include\freeimage_src\source\libwebp\win32\debug\dsp.enc_mips_dsp_r2.obj
d:\include\freeimage_src\source\libwebp\win32\debug\dsp.enc_mips32.obj
d:\include\freeimage_src\source\libwebp\win32\debug\dsp.enc_avx2.obj
d:\include\freeimage_src\source\libwebp\win32\debug\dsp.enc.obj
d:\include\freeimage_src\source\libwebp\win32\debug\dsp.dec_sse2.obj
d:\include\freeimage_src\source\libwebp\win32\debug\dsp.dec_neon.obj
d:\include\freeimage_src\source\libwebp\win32\debug\dsp.dec_mips_dsp_r2.obj
d:\include\freeimage_src\source\libwebp\win32\debug\dsp.dec_mips32.obj
d:\include\freeimage_src\source\libwebp\win32\debug\dsp.dec_clip_tables.obj
d:\include\freeimage_src\source\libwebp\win32\debug\dsp.dec.obj
d:\include\freeimage_src\source\libwebp\win32\debug\dsp.cpu.obj
d:\include\freeimage_src\source\libwebp\win32\debug\dsp.cost_sse2.obj
d:\include\freeimage_src\source\libwebp\win32\debug\enc.frame.obj
d:\include\freeimage_src\source\libwebp\win32\debug\enc.filter.obj
d:\include\freeimage_src\source\libwebp\win32\debug\enc.cost.obj
d:\include\freeimage_src\source\libwebp\win32\debug\enc.config.obj
d:\include\freeimage_src\source\libwebp\win32\debug\enc.backward_references.obj
d:\include\freeimage_src\source\libwebp\win32\debug\enc.analysis.obj
d:\include\freeimage_src\source\libwebp\win32\debug\enc.alpha.obj
d:\include\freeimage_src\source\libwebp\win32\debug\dsp.yuv_sse2.obj
d:\include\freeimage_src\source\libwebp\win32\debug\dsp.yuv_mips_dsp_r2.obj
d:\include\freeimage_src\source\libwebp\win32\debug\dsp.yuv_mips32.obj
d:\include\freeimage_src\source\libwebp\win32\debug\dsp.yuv.obj
d:\include\freeimage_src\source\libwebp\win32\debug\dsp.upsampling_sse2.obj
d:\include\freeimage_src\source\libwebp\win32\debug\dsp.upsampling_neon.obj
d:\include\freeimage_src\source\libwebp\win32\debug\dsp.upsampling_mips_dsp_r2.obj
d:\include\freeimage_src\source\libwebp\win32\debug\dsp.upsampling.obj
d:\include\freeimage_src\source\libwebp\win32\debug\dsp.rescaler_mips_dsp_r2.obj
d:\include\freeimage_src\source\libwebp\win32\debug\dsp.rescaler_mips32.obj
d:\include\freeimage_src\source\libwebp\win32\debug\dsp.rescaler.obj
d:\include\freeimage_src\source\libwebp\win32\debug\dsp.lossless_sse2.obj
d:\include\freeimage_src\source\libwebp\win32\debug\dsp.lossless_neon.obj
d:\include\freeimage_src\source\libwebp\win32\debug\utils.bit_writer.obj
d:\include\freeimage_src\source\libwebp\win32\debug\utils.bit_reader.obj
d:\include\freeimage_src\source\libwebp\win32\debug\mux.muxread.obj
d:\include\freeimage_src\source\libwebp\win32\debug\mux.muxinternal.obj
d:\include\freeimage_src\source\libwebp\win32\debug\mux.muxedit.obj
d:\include\freeimage_src\source\libwebp\win32\debug\mux.anim_encode.obj
d:\include\freeimage_src\source\libwebp\win32\debug\enc.webpenc.obj
d:\include\freeimage_src\source\libwebp\win32\debug\enc.vp8l.obj
d:\include\freeimage_src\source\libwebp\win32\debug\enc.tree.obj
d:\include\freeimage_src\source\libwebp\win32\debug\enc.token.obj
d:\include\freeimage_src\source\libwebp\win32\debug\enc.syntax.obj
d:\include\freeimage_src\source\libwebp\win32\debug\enc.quant.obj
d:\include\freeimage_src\source\libwebp\win32\debug\enc.picture_tools.obj
d:\include\freeimage_src\source\libwebp\win32\debug\enc.picture_rescale.obj
d:\include\freeimage_src\source\libwebp\win32\debug\enc.picture_psnr.obj
d:\include\freeimage_src\source\libwebp\win32\debug\enc.picture_csp.obj
d:\include\freeimage_src\source\libwebp\win32\debug\enc.picture.obj
d:\include\freeimage_src\source\libwebp\win32\debug\enc.near_lossless.obj
d:\include\freeimage_src\source\libwebp\win32\debug\enc.iterator.obj
d:\include\freeimage_src\source\libwebp\win32\debug\enc.histogram.obj
d:\include\freeimage_src\source\libwebp\win32\debug\utils.utils.obj
d:\include\freeimage_src\source\libwebp\win32\debug\utils.thread.obj
d:\include\freeimage_src\source\libwebp\win32\debug\utils.rescaler.obj
d:\include\freeimage_src\source\libwebp\win32\debug\utils.random.obj
d:\include\freeimage_src\source\libwebp\win32\debug\utils.quant_levels_dec.obj
d:\include\freeimage_src\source\libwebp\win32\debug\utils.quant_levels.obj
d:\include\freeimage_src\source\libwebp\win32\debug\utils.huffman_encode.obj
d:\include\freeimage_src\source\libwebp\win32\debug\utils.huffman.obj
d:\include\freeimage_src\source\libwebp\win32\debug\utils.filters.obj
d:\include\freeimage_src\source\libwebp\win32\debug\utils.color_cache.obj
c:\usr\code\freeimage_src\source\libwebp\win32\debug\vc120.pdb
c:\usr\code\freeimage_src\source\libwebp\win32\debug\dsp.cost_mips_dsp_r2.obj
c:\usr\code\freeimage_src\source\libwebp\win32\debug\dsp.cost_mips32.obj
c:\usr\code\freeimage_src\source\libwebp\win32\debug\dsp.cost.obj
c:\usr\code\freeimage_src\source\libwebp\win32\debug\dsp.argb_sse2.obj
c:\usr\code\freeimage_src\source\libwebp\win32\debug\dsp.argb_mips_dsp_r2.obj
c:\usr\code\freeimage_src\source\libwebp\win32\debug\dsp.argb.obj
c:\usr\code\freeimage_src\source\libwebp\win32\debug\dsp.alpha_processing_sse2.obj
c:\usr\code\freeimage_src\source\libwebp\win32\debug\dsp.alpha_processing_mips_dsp_r2.obj
c:\usr\code\freeimage_src\source\libwebp\win32\debug\dsp.alpha_processing.obj
c:\usr\code\freeimage_src\source\libwebp\win32\debug\demux.demux.obj
c:\usr\code\freeimage_src\source\libwebp\win32\debug\dec.webp.obj
c:\usr\code\freeimage_src\source\libwebp\win32\debug\dec.vp8l.obj
c:\usr\code\freeimage_src\source\libwebp\win32\debug\dec.vp8.obj
c:\usr\code\freeimage_src\source\libwebp\win32\debug\dec.tree.obj
c:\usr\code\freeimage_src\source\libwebp\win32\debug\dec.quant.obj
c:\usr\code\freeimage_src\source\libwebp\win32\debug\dec.io.obj
c:\usr\code\freeimage_src\source\libwebp\win32\debug\dec.idec.obj
c:\usr\code\freeimage_src\source\libwebp\win32\debug\dec.frame.obj
c:\usr\code\freeimage_src\source\libwebp\win32\debug\dec.buffer.obj
c:\usr\code\freeimage_src\source\libwebp\win32\debug\dec.alpha.obj
c:\usr\code\freeimage_src\source\libwebp\win32\debug\dsp.lossless_mips_dsp_r2.obj
c:\usr\code\freeimage_src\source\libwebp\win32\debug\dsp.lossless_mips32.obj
c:\usr\code\freeimage_src\source\libwebp\win32\debug\dsp.lossless.obj
c:\usr\code\freeimage_src\source\libwebp\win32\debug\dsp.filters_sse2.obj
c:\usr\code\freeimage_src\source\libwebp\win32\debug\dsp.filters_mips_dsp_r2.obj
c:\usr\code\freeimage_src\source\libwebp\win32\debug\dsp.filters.obj
c:\usr\code\freeimage_src\source\libwebp\win32\debug\dsp.enc_sse2.obj
c:\usr\code\freeimage_src\source\libwebp\win32\debug\dsp.enc_neon.obj
c:\usr\code\freeimage_src\source\libwebp\win32\debug\dsp.enc_mips_dsp_r2.obj
c:\usr\code\freeimage_src\source\libwebp\win32\debug\dsp.enc_mips32.obj
c:\usr\code\freeimage_src\source\libwebp\win32\debug\dsp.enc_avx2.obj
c:\usr\code\freeimage_src\source\libwebp\win32\debug\dsp.enc.obj
c:\usr\code\freeimage_src\source\libwebp\win32\debug\dsp.dec_sse2.obj
c:\usr\code\freeimage_src\source\libwebp\win32\debug\dsp.dec_neon.obj
c:\usr\code\freeimage_src\source\libwebp\win32\debug\dsp.dec_mips_dsp_r2.obj
c:\usr\code\freeimage_src\source\libwebp\win32\debug\dsp.dec_mips32.obj
c:\usr\code\freeimage_src\source\libwebp\win32\debug\dsp.dec_clip_tables.obj
c:\usr\code\freeimage_src\source\libwebp\win32\debug\dsp.dec.obj
c:\usr\code\freeimage_src\source\libwebp\win32\debug\dsp.cpu.obj
c:\usr\code\freeimage_src\source\libwebp\win32\debug\dsp.cost_sse2.obj
c:\usr\code\freeimage_src\source\libwebp\win32\debug\enc.frame.obj
c:\usr\code\freeimage_src\source\libwebp\win32\debug\enc.filter.obj
c:\usr\code\freeimage_src\source\libwebp\win32\debug\enc.cost.obj
c:\usr\code\freeimage_src\source\libwebp\win32\debug\enc.config.obj
c:\usr\code\freeimage_src\source\libwebp\win32\debug\enc.backward_references.obj
c:\usr\code\freeimage_src\source\libwebp\win32\debug\enc.analysis.obj
c:\usr\code\freeimage_src\source\libwebp\win32\debug\enc.alpha.obj
c:\usr\code\freeimage_src\source\libwebp\win32\debug\dsp.yuv_sse2.obj
c:\usr\code\freeimage_src\source\libwebp\win32\debug\dsp.yuv_mips_dsp_r2.obj
c:\usr\code\freeimage_src\source\libwebp\win32\debug\dsp.yuv_mips32.obj
c:\usr\code\freeimage_src\source\libwebp\win32\debug\dsp.yuv.obj
c:\usr\code\freeimage_src\source\libwebp\win32\debug\dsp.upsampling_sse2.obj
c:\usr\code\freeimage_src\source\libwebp\win32\debug\dsp.upsampling_neon.obj
c:\usr\code\freeimage_src\source\libwebp\win32\debug\dsp.upsampling_mips_dsp_r2.obj
c:\usr\code\freeimage_src\source\libwebp\win32\debug\dsp.upsampling.obj
c:\usr\code\freeimage_src\source\libwebp\win32\debug\dsp.rescaler_mips_dsp_r2.obj
c:\usr\code\freeimage_src\source\libwebp\win32\debug\dsp.rescaler_mips32.obj
c:\usr\code\freeimage_src\source\libwebp\win32\debug\dsp.rescaler.obj
c:\usr\code\freeimage_src\source\libwebp\win32\debug\dsp.lossless_sse2.obj
c:\usr\code\freeimage_src\source\libwebp\win32\debug\dsp.lossless_neon.obj
c:\usr\code\freeimage_src\source\libwebp\win32\debug\utils.bit_writer.obj
c:\usr\code\freeimage_src\source\libwebp\win32\debug\utils.bit_reader.obj
c:\usr\code\freeimage_src\source\libwebp\win32\debug\mux.muxread.obj
c:\usr\code\freeimage_src\source\libwebp\win32\debug\mux.muxinternal.obj
c:\usr\code\freeimage_src\source\libwebp\win32\debug\mux.muxedit.obj
c:\usr\code\freeimage_src\source\libwebp\win32\debug\mux.anim_encode.obj
c:\usr\code\freeimage_src\source\libwebp\win32\debug\enc.webpenc.obj
c:\usr\code\freeimage_src\source\libwebp\win32\debug\enc.vp8l.obj
c:\usr\code\freeimage_src\source\libwebp\win32\debug\enc.tree.obj
c:\usr\code\freeimage_src\source\libwebp\win32\debug\enc.token.obj
c:\usr\code\freeimage_src\source\libwebp\win32\debug\enc.syntax.obj
c:\usr\code\freeimage_src\source\libwebp\win32\debug\enc.quant.obj
c:\usr\code\freeimage_src\source\libwebp\win32\debug\enc.picture_tools.obj
c:\usr\code\freeimage_src\source\libwebp\win32\debug\enc.picture_rescale.obj
c:\usr\code\freeimage_src\source\libwebp\win32\debug\enc.picture_psnr.obj
c:\usr\code\freeimage_src\source\libwebp\win32\debug\enc.picture_csp.obj
c:\usr\code\freeimage_src\source\libwebp\win32\debug\enc.picture.obj
c:\usr\code\freeimage_src\source\libwebp\win32\debug\enc.near_lossless.obj
c:\usr\code\freeimage_src\source\libwebp\win32\debug\enc.iterator.obj
c:\usr\code\freeimage_src\source\libwebp\win32\debug\enc.histogram.obj
c:\usr\code\freeimage_src\source\libwebp\win32\debug\utils.utils.obj
c:\usr\code\freeimage_src\source\libwebp\win32\debug\utils.thread.obj
c:\usr\code\freeimage_src\source\libwebp\win32\debug\utils.rescaler.obj
c:\usr\code\freeimage_src\source\libwebp\win32\debug\utils.random.obj
c:\usr\code\freeimage_src\source\libwebp\win32\debug\utils.quant_levels_dec.obj
c:\usr\code\freeimage_src\source\libwebp\win32\debug\utils.quant_levels.obj
c:\usr\code\freeimage_src\source\libwebp\win32\debug\utils.huffman_encode.obj
c:\usr\code\freeimage_src\source\libwebp\win32\debug\utils.huffman.obj
c:\usr\code\freeimage_src\source\libwebp\win32\debug\utils.filters.obj
c:\usr\code\freeimage_src\source\libwebp\win32\debug\utils.color_cache.obj
d:\include\freeimage_src\source\libwebp\win32\debug\libwebp.lib
c:\usr\code\freeimage_src\source\libwebp\win32\debug\libwebp.lib
c:\usr\code\freeimage_src\source\libwebp\win32\debug\libwebp.pdb
c:\usr\code\freeimage_src\source\libwebp\.\win32\debug\libwebp.lib
c:\usr\code\freeimage_src\source\libwebp\win32\debug\libwebp.tlog\cl.command.1.tlog
c:\usr\code\freeimage_src\source\libwebp\win32\debug\libwebp.tlog\cl.read.1.tlog
c:\usr\code\freeimage_src\source\libwebp\win32\debug\libwebp.tlog\cl.write.1.tlog
c:\usr\code\freeimage_src\source\libwebp\win32\debug\libwebp.tlog\lib-link.read.1.tlog
c:\usr\code\freeimage_src\source\libwebp\win32\debug\libwebp.tlog\lib-link.write.1.tlog
c:\usr\code\freeimage_src\source\libwebp\win32\debug\libwebp.tlog\lib.command.1.tlog
