d:\include\freeimage_src\wrapper\freeimageplus\win32\debug\vc140.pdb
d:\include\freeimage_src\wrapper\freeimageplus\win32\debug\freeimageplus.obj
d:\include\freeimage_src\wrapper\freeimageplus\win32\debug\fipwinimage.obj
d:\include\freeimage_src\wrapper\freeimageplus\win32\debug\fiptag.obj
d:\include\freeimage_src\wrapper\freeimageplus\win32\debug\fipmultipage.obj
d:\include\freeimage_src\wrapper\freeimageplus\win32\debug\fipmetadatafind.obj
d:\include\freeimage_src\wrapper\freeimageplus\win32\debug\fipmemoryio.obj
d:\include\freeimage_src\wrapper\freeimageplus\win32\debug\fipimage.obj
c:\usr\code\freeimage_src\wrapper\freeimageplus\win32\debug\vc120.pdb
c:\usr\code\freeimage_src\wrapper\freeimageplus\win32\debug\freeimageplus.obj
c:\usr\code\freeimage_src\wrapper\freeimageplus\win32\debug\fipwinimage.obj
c:\usr\code\freeimage_src\wrapper\freeimageplus\win32\debug\fiptag.obj
c:\usr\code\freeimage_src\wrapper\freeimageplus\win32\debug\fipmultipage.obj
c:\usr\code\freeimage_src\wrapper\freeimageplus\win32\debug\fipmetadatafind.obj
c:\usr\code\freeimage_src\wrapper\freeimageplus\win32\debug\fipmemoryio.obj
c:\usr\code\freeimage_src\wrapper\freeimageplus\win32\debug\fipimage.obj
d:\include\freeimage_src\wrapper\freeimageplus\win32\debug\freeimageplusd.lib
d:\include\freeimage_src\wrapper\freeimageplus\win32\debug\freeimageplusd.exp
c:\usr\code\freeimage_src\wrapper\freeimageplus\win32\debug\freeimageplusd.lib
c:\usr\code\freeimage_src\wrapper\freeimageplus\win32\debug\freeimageplusd.exp
d:\include\freeimage_src\wrapper\freeimageplus\win32\debug\freeimageplusd.ilk
d:\include\freeimage_src\wrapper\freeimageplus\win32\debug\freeimageplusd.dll
d:\include\freeimage_src\wrapper\freeimageplus\win32\debug\freeimageplusd.pdb
c:\usr\code\freeimage_src\wrapper\freeimageplus\win32\debug\freeimageplusd.ilk
c:\usr\code\freeimage_src\wrapper\freeimageplus\win32\debug\freeimageplusd.dll
c:\usr\code\freeimage_src\wrapper\freeimageplus\win32\debug\freeimageplusd.pdb
d:\include\freeimage_src\wrapper\freeimageplus\win32\debug\freeimageplus.res
c:\usr\code\freeimage_src\wrapper\freeimageplus\win32\debug\freeimageplus.res
c:\usr\code\freeimage_src\wrapper\freeimageplus\win32\debug\vc140.pdb
c:\usr\code\freeimage_src\wrapper\freeimageplus\.\win32\debug\freeimageplusd.dll
c:\usr\code\freeimage_src\wrapper\freeimageplus\win32\debug\freeimageplus.tlog\cl.command.1.tlog
c:\usr\code\freeimage_src\wrapper\freeimageplus\win32\debug\freeimageplus.tlog\cl.read.1.tlog
c:\usr\code\freeimage_src\wrapper\freeimageplus\win32\debug\freeimageplus.tlog\cl.write.1.tlog
c:\usr\code\freeimage_src\wrapper\freeimageplus\win32\debug\freeimageplus.tlog\freeimageplus.write.1u.tlog
c:\usr\code\freeimage_src\wrapper\freeimageplus\win32\debug\freeimageplus.tlog\link.command.1.tlog
c:\usr\code\freeimage_src\wrapper\freeimageplus\win32\debug\freeimageplus.tlog\link.read.1.tlog
c:\usr\code\freeimage_src\wrapper\freeimageplus\win32\debug\freeimageplus.tlog\link.write.1.tlog
c:\usr\code\freeimage_src\wrapper\freeimageplus\win32\debug\freeimageplus.tlog\rc.command.1.tlog
c:\usr\code\freeimage_src\wrapper\freeimageplus\win32\debug\freeimageplus.tlog\rc.read.1.tlog
c:\usr\code\freeimage_src\wrapper\freeimageplus\win32\debug\freeimageplus.tlog\rc.write.1.tlog
