d:\include\freeimage_src\source\libjpeg\win32\release\jdarith.obj
d:\include\freeimage_src\source\libjpeg\win32\release\jdapistd.obj
d:\include\freeimage_src\source\libjpeg\win32\release\jdapimin.obj
d:\include\freeimage_src\source\libjpeg\win32\release\jctrans.obj
d:\include\freeimage_src\source\libjpeg\win32\release\jcsample.obj
d:\include\freeimage_src\source\libjpeg\win32\release\jcprepct.obj
d:\include\freeimage_src\source\libjpeg\win32\release\jcparam.obj
d:\include\freeimage_src\source\libjpeg\win32\release\jcomapi.obj
d:\include\freeimage_src\source\libjpeg\win32\release\jcmaster.obj
d:\include\freeimage_src\source\libjpeg\win32\release\jcmarker.obj
d:\include\freeimage_src\source\libjpeg\win32\release\jcmainct.obj
d:\include\freeimage_src\source\libjpeg\win32\release\jcinit.obj
d:\include\freeimage_src\source\libjpeg\win32\release\jchuff.obj
d:\include\freeimage_src\source\libjpeg\win32\release\jcdctmgr.obj
d:\include\freeimage_src\source\libjpeg\win32\release\jccolor.obj
d:\include\freeimage_src\source\libjpeg\win32\release\jccoefct.obj
d:\include\freeimage_src\source\libjpeg\win32\release\jcarith.obj
d:\include\freeimage_src\source\libjpeg\win32\release\jcapistd.obj
d:\include\freeimage_src\source\libjpeg\win32\release\jcapimin.obj
d:\include\freeimage_src\source\libjpeg\win32\release\jaricom.obj
d:\include\freeimage_src\source\libjpeg\win32\release\jidctfst.obj
d:\include\freeimage_src\source\libjpeg\win32\release\jidctflt.obj
d:\include\freeimage_src\source\libjpeg\win32\release\jfdctint.obj
d:\include\freeimage_src\source\libjpeg\win32\release\jfdctfst.obj
d:\include\freeimage_src\source\libjpeg\win32\release\jfdctflt.obj
d:\include\freeimage_src\source\libjpeg\win32\release\jerror.obj
d:\include\freeimage_src\source\libjpeg\win32\release\jdtrans.obj
d:\include\freeimage_src\source\libjpeg\win32\release\jdsample.obj
d:\include\freeimage_src\source\libjpeg\win32\release\jdpostct.obj
d:\include\freeimage_src\source\libjpeg\win32\release\jdmerge.obj
d:\include\freeimage_src\source\libjpeg\win32\release\jdmaster.obj
d:\include\freeimage_src\source\libjpeg\win32\release\jdmarker.obj
d:\include\freeimage_src\source\libjpeg\win32\release\jdmainct.obj
d:\include\freeimage_src\source\libjpeg\win32\release\jdinput.obj
d:\include\freeimage_src\source\libjpeg\win32\release\jdhuff.obj
d:\include\freeimage_src\source\libjpeg\win32\release\jddctmgr.obj
d:\include\freeimage_src\source\libjpeg\win32\release\jdcolor.obj
d:\include\freeimage_src\source\libjpeg\win32\release\jdcoefct.obj
d:\include\freeimage_src\source\libjpeg\win32\release\jdatasrc.obj
d:\include\freeimage_src\source\libjpeg\win32\release\jdatadst.obj
d:\include\freeimage_src\source\libjpeg\win32\release\transupp.obj
d:\include\freeimage_src\source\libjpeg\win32\release\jutils.obj
d:\include\freeimage_src\source\libjpeg\win32\release\jquant2.obj
d:\include\freeimage_src\source\libjpeg\win32\release\jquant1.obj
d:\include\freeimage_src\source\libjpeg\win32\release\jmemnobs.obj
d:\include\freeimage_src\source\libjpeg\win32\release\jmemmgr.obj
d:\include\freeimage_src\source\libjpeg\win32\release\jidctint.obj
d:\include\freeimage_src\source\libjpeg\win32\release\libjpeg.lib
d:\include\freeimage_src\source\libjpeg\.\win32\release\libjpeg.lib
d:\include\freeimage_src\source\libjpeg\win32\release\libjpeg.tlog\cl.command.1.tlog
d:\include\freeimage_src\source\libjpeg\win32\release\libjpeg.tlog\cl.read.1.tlog
d:\include\freeimage_src\source\libjpeg\win32\release\libjpeg.tlog\cl.write.1.tlog
d:\include\freeimage_src\source\libjpeg\win32\release\libjpeg.tlog\lib-link.read.1.tlog
d:\include\freeimage_src\source\libjpeg\win32\release\libjpeg.tlog\lib-link.write.1.tlog
d:\include\freeimage_src\source\libjpeg\win32\release\libjpeg.tlog\lib.command.1.tlog
