d:\include\freeimage_src\source\libjxr\win32\debug\libjxr.pdb
d:\include\freeimage_src\source\libjxr\win32\debug\libjxr.idb
d:\include\freeimage_src\source\libjxr\win32\debug\segdec.obj
d:\include\freeimage_src\source\libjxr\win32\debug\strdec.obj
d:\include\freeimage_src\source\libjxr\win32\debug\strdec_x86.obj
d:\include\freeimage_src\source\libjxr\win32\debug\strinvtransform.obj
d:\include\freeimage_src\source\libjxr\win32\debug\strpredquantdec.obj
d:\include\freeimage_src\source\libjxr\win32\debug\encode.obj
d:\include\freeimage_src\source\libjxr\win32\debug\segenc.obj
d:\include\freeimage_src\source\libjxr\win32\debug\strenc.obj
d:\include\freeimage_src\source\libjxr\win32\debug\strenc_x86.obj
d:\include\freeimage_src\source\libjxr\win32\debug\strfwdtransform.obj
d:\include\freeimage_src\source\libjxr\win32\debug\strpredquantenc.obj
d:\include\freeimage_src\source\libjxr\win32\debug\adapthuff.obj
d:\include\freeimage_src\source\libjxr\win32\debug\image.obj
d:\include\freeimage_src\source\libjxr\win32\debug\strcodec.obj
d:\include\freeimage_src\source\libjxr\win32\debug\strpredquant.obj
d:\include\freeimage_src\source\libjxr\win32\debug\strtransform.obj
d:\include\freeimage_src\source\libjxr\win32\debug\jxrglue.obj
d:\include\freeimage_src\source\libjxr\win32\debug\jxrgluejxr.obj
d:\include\freeimage_src\source\libjxr\win32\debug\jxrgluepfc.obj
d:\include\freeimage_src\source\libjxr\win32\debug\jxrmeta.obj
d:\include\freeimage_src\source\libjxr\win32\debug\decode.obj
d:\include\freeimage_src\source\libjxr\win32\debug\jxrtranscode.obj
d:\include\freeimage_src\source\libjxr\win32\debug\postprocess.obj
c:\usr\code\freeimage_src\source\libjxr\win32\debug\vc120.pdb
c:\usr\code\freeimage_src\source\libjxr\win32\debug\vc120.idb
c:\usr\code\freeimage_src\source\libjxr\win32\debug\segdec.obj
c:\usr\code\freeimage_src\source\libjxr\win32\debug\strdec.obj
c:\usr\code\freeimage_src\source\libjxr\win32\debug\strdec_x86.obj
c:\usr\code\freeimage_src\source\libjxr\win32\debug\strinvtransform.obj
c:\usr\code\freeimage_src\source\libjxr\win32\debug\strpredquantdec.obj
c:\usr\code\freeimage_src\source\libjxr\win32\debug\encode.obj
c:\usr\code\freeimage_src\source\libjxr\win32\debug\segenc.obj
c:\usr\code\freeimage_src\source\libjxr\win32\debug\strenc.obj
c:\usr\code\freeimage_src\source\libjxr\win32\debug\strenc_x86.obj
c:\usr\code\freeimage_src\source\libjxr\win32\debug\strfwdtransform.obj
c:\usr\code\freeimage_src\source\libjxr\win32\debug\strpredquantenc.obj
c:\usr\code\freeimage_src\source\libjxr\win32\debug\adapthuff.obj
c:\usr\code\freeimage_src\source\libjxr\win32\debug\image.obj
c:\usr\code\freeimage_src\source\libjxr\win32\debug\strcodec.obj
c:\usr\code\freeimage_src\source\libjxr\win32\debug\strpredquant.obj
c:\usr\code\freeimage_src\source\libjxr\win32\debug\strtransform.obj
c:\usr\code\freeimage_src\source\libjxr\win32\debug\jxrglue.obj
c:\usr\code\freeimage_src\source\libjxr\win32\debug\jxrgluejxr.obj
c:\usr\code\freeimage_src\source\libjxr\win32\debug\jxrgluepfc.obj
c:\usr\code\freeimage_src\source\libjxr\win32\debug\jxrmeta.obj
c:\usr\code\freeimage_src\source\libjxr\win32\debug\decode.obj
c:\usr\code\freeimage_src\source\libjxr\win32\debug\jxrtranscode.obj
c:\usr\code\freeimage_src\source\libjxr\win32\debug\postprocess.obj
d:\include\freeimage_src\source\libjxr\win32\debug\libjxr.lib
c:\usr\code\freeimage_src\source\libjxr\win32\debug\libjxr.lib
c:\usr\code\freeimage_src\source\libjxr\win32\debug\libjxr.idb
c:\usr\code\freeimage_src\source\libjxr\win32\debug\libjxr.pdb
c:\usr\code\freeimage_src\source\libjxr\.\win32\debug\libjxr.lib
c:\usr\code\freeimage_src\source\libjxr\win32\debug\libjxr.tlog\cl.command.1.tlog
c:\usr\code\freeimage_src\source\libjxr\win32\debug\libjxr.tlog\cl.read.1.tlog
c:\usr\code\freeimage_src\source\libjxr\win32\debug\libjxr.tlog\cl.write.1.tlog
c:\usr\code\freeimage_src\source\libjxr\win32\debug\libjxr.tlog\lib-link.read.1.tlog
c:\usr\code\freeimage_src\source\libjxr\win32\debug\libjxr.tlog\lib-link.write.1.tlog
c:\usr\code\freeimage_src\source\libjxr\win32\debug\libjxr.tlog\lib.command.1.tlog
