Build started 06.12.2015 23:11:26.
     1>Project "D:\include\FreeImage_src\Source\LibPNG\LibPNG.2013.vcxproj" on node 2 (Build target(s)).
     1>ClCompile:
         C:\Program Files (x86)\Microsoft Visual Studio 14.0\VC\bin\x86_amd64\CL.exe /c /I..\zlib /Zi /nologo /W3 /WX- /Od /D WIN32 /D _DEBUG /D _LIB /D _CRT_SECURE_NO_DEPRECATE /D _VC80_UPGRADE=0x0710 /D _MBCS /GF /Gm- /EHsc /RTC1 /MTd /GS /fp:precise /Zc:wchar_t /Zc:forScope /Zc:inline /Fo".\x64\Debug\\" /Fd".\x64\Debug\LibPNG.pdb" /Gd /TC /errorReport:prompt png.c pngerror.c pngget.c pngmem.c pngpread.c pngread.c pngrio.c pngrtran.c pngrutil.c pngset.c pngtrans.c pngwio.c pngwrite.c pngwtran.c pngwutil.c
         png.c
         pngerror.c
         pngget.c
         pngmem.c
         pngpread.c
         pngread.c
         pngrio.c
         pngrtran.c
         pngrutil.c
         pngset.c
         pngtrans.c
         pngwio.c
         pngwrite.c
         pngwtran.c
         pngwutil.c
         Generating Code...
       Lib:
         C:\Program Files (x86)\Microsoft Visual Studio 14.0\VC\bin\x86_amd64\Lib.exe /OUT:".\x64\Debug\LibPNG.lib" /NOLOGO /MACHINE:X64 .\x64\Debug\png.obj
         .\x64\Debug\pngerror.obj
         .\x64\Debug\pngget.obj
         .\x64\Debug\pngmem.obj
         .\x64\Debug\pngpread.obj
         .\x64\Debug\pngread.obj
         .\x64\Debug\pngrio.obj
         .\x64\Debug\pngrtran.obj
         .\x64\Debug\pngrutil.obj
         .\x64\Debug\pngset.obj
         .\x64\Debug\pngtrans.obj
         .\x64\Debug\pngwio.obj
         .\x64\Debug\pngwrite.obj
         .\x64\Debug\pngwtran.obj
         .\x64\Debug\pngwutil.obj
         LibPNG.2013.vcxproj -> D:\include\FreeImage_src\Source\LibPNG\.\x64\Debug\LibPNG.lib
     1>Done Building Project "D:\include\FreeImage_src\Source\LibPNG\LibPNG.2013.vcxproj" (Build target(s)).

Build succeeded.

Time Elapsed 00:00:06.84
