d:\include\freeimage_src\source\libjxr\win32\release\jxrglue.obj
d:\include\freeimage_src\source\libjxr\win32\release\strtransform.obj
d:\include\freeimage_src\source\libjxr\win32\release\strpredquant.obj
d:\include\freeimage_src\source\libjxr\win32\release\strcodec.obj
d:\include\freeimage_src\source\libjxr\win32\release\image.obj
d:\include\freeimage_src\source\libjxr\win32\release\adapthuff.obj
d:\include\freeimage_src\source\libjxr\win32\release\strpredquantenc.obj
d:\include\freeimage_src\source\libjxr\win32\release\strfwdtransform.obj
d:\include\freeimage_src\source\libjxr\win32\release\strenc_x86.obj
d:\include\freeimage_src\source\libjxr\win32\release\strenc.obj
d:\include\freeimage_src\source\libjxr\win32\release\segenc.obj
d:\include\freeimage_src\source\libjxr\win32\release\encode.obj
d:\include\freeimage_src\source\libjxr\win32\release\strpredquantdec.obj
d:\include\freeimage_src\source\libjxr\win32\release\strinvtransform.obj
d:\include\freeimage_src\source\libjxr\win32\release\strdec_x86.obj
d:\include\freeimage_src\source\libjxr\win32\release\strdec.obj
d:\include\freeimage_src\source\libjxr\win32\release\segdec.obj
d:\include\freeimage_src\source\libjxr\win32\release\postprocess.obj
d:\include\freeimage_src\source\libjxr\win32\release\jxrtranscode.obj
d:\include\freeimage_src\source\libjxr\win32\release\decode.obj
d:\include\freeimage_src\source\libjxr\win32\release\jxrmeta.obj
d:\include\freeimage_src\source\libjxr\win32\release\jxrgluepfc.obj
d:\include\freeimage_src\source\libjxr\win32\release\jxrgluejxr.obj
d:\include\freeimage_src\source\libjxr\win32\release\libjxr.lib
d:\include\freeimage_src\source\libjxr\.\win32\release\libjxr.lib
d:\include\freeimage_src\source\libjxr\win32\release\libjxr.tlog\cl.command.1.tlog
d:\include\freeimage_src\source\libjxr\win32\release\libjxr.tlog\cl.read.1.tlog
d:\include\freeimage_src\source\libjxr\win32\release\libjxr.tlog\cl.write.1.tlog
d:\include\freeimage_src\source\libjxr\win32\release\libjxr.tlog\lib-link.read.1.tlog
d:\include\freeimage_src\source\libjxr\win32\release\libjxr.tlog\lib-link.write.1.tlog
d:\include\freeimage_src\source\libjxr\win32\release\libjxr.tlog\lib.command.1.tlog
