Build started 06.12.2015 23:11:25.
     1>Project "D:\include\FreeImage_src\Source\ZLib\ZLib.2013.vcxproj" on node 3 (Build target(s)).
     1>ClCompile:
         C:\Program Files (x86)\Microsoft Visual Studio 14.0\VC\bin\x86_amd64\CL.exe /c /Zi /nologo /W3 /WX- /Od /D WIN32 /D _DEBUG /D _LIB /D _CRT_SECURE_NO_DEPRECATE /D _CRT_SECURE_NO_WARNINGS /D _SCL_SECURE_NO_WARNINGS /D _VC80_UPGRADE=0x0710 /D _MBCS /GF /Gm- /EHsc /RTC1 /MTd /GS /fp:precise /Zc:wchar_t /Zc:forScope /Zc:inline /Fo".\x64\Debug\\" /Fd".\x64\Debug\ZLib.pdb" /Gd /TC /errorReport:prompt adler32.c compress.c crc32.c deflate.c gzclose.c gzlib.c gzread.c gzwrite.c infback.c inffast.c inflate.c inftrees.c trees.c uncompr.c zutil.c
         adler32.c
         compress.c
         crc32.c
         deflate.c
         gzclose.c
         gzlib.c
     1>gzlib.c(245): warning C4996: 'open': The POSIX name for this item is deprecated. Instead, use the ISO C and C++ conformant name: _open. See online help for details.
         C:\Program Files (x86)\Windows Kits\10\Include\10.0.10150.0\ucrt\corecrt_io.h(514): note: see declaration of 'open'
         gzread.c
     1>gzread.c(30): warning C4996: 'read': The POSIX name for this item is deprecated. Instead, use the ISO C and C++ conformant name: _read. See online help for details.
         C:\Program Files (x86)\Windows Kits\10\Include\10.0.10150.0\ucrt\corecrt_io.h(521): note: see declaration of 'read'
     1>gzread.c(591): warning C4996: 'close': The POSIX name for this item is deprecated. Instead, use the ISO C and C++ conformant name: _close. See online help for details.
         C:\Program Files (x86)\Windows Kits\10\Include\10.0.10150.0\ucrt\corecrt_io.h(457): note: see declaration of 'close'
         gzwrite.c
     1>gzwrite.c(84): warning C4996: 'write': The POSIX name for this item is deprecated. Instead, use the ISO C and C++ conformant name: _write. See online help for details.
         C:\Program Files (x86)\Windows Kits\10\Include\10.0.10150.0\ucrt\corecrt_io.h(556): note: see declaration of 'write'
     1>gzwrite.c(102): warning C4996: 'write': The POSIX name for this item is deprecated. Instead, use the ISO C and C++ conformant name: _write. See online help for details.
         C:\Program Files (x86)\Windows Kits\10\Include\10.0.10150.0\ucrt\corecrt_io.h(556): note: see declaration of 'write'
     1>gzwrite.c(573): warning C4996: 'close': The POSIX name for this item is deprecated. Instead, use the ISO C and C++ conformant name: _close. See online help for details.
         C:\Program Files (x86)\Windows Kits\10\Include\10.0.10150.0\ucrt\corecrt_io.h(457): note: see declaration of 'close'
         infback.c
         inffast.c
         inflate.c
         inftrees.c
         trees.c
         uncompr.c
         zutil.c
         Generating Code...
       Lib:
         C:\Program Files (x86)\Microsoft Visual Studio 14.0\VC\bin\x86_amd64\Lib.exe /OUT:".\x64\Debug\ZLib.lib" /NOLOGO /MACHINE:X64 .\x64\Debug\adler32.obj
         .\x64\Debug\compress.obj
         .\x64\Debug\crc32.obj
         .\x64\Debug\deflate.obj
         .\x64\Debug\gzclose.obj
         .\x64\Debug\gzlib.obj
         .\x64\Debug\gzread.obj
         .\x64\Debug\gzwrite.obj
         .\x64\Debug\infback.obj
         .\x64\Debug\inffast.obj
         .\x64\Debug\inflate.obj
         .\x64\Debug\inftrees.obj
         .\x64\Debug\trees.obj
         .\x64\Debug\uncompr.obj
         .\x64\Debug\zutil.obj
         ZLib.2013.vcxproj -> D:\include\FreeImage_src\Source\ZLib\.\x64\Debug\ZLib.lib
     1>Done Building Project "D:\include\FreeImage_src\Source\ZLib\ZLib.2013.vcxproj" (Build target(s)).

Build succeeded.

Time Elapsed 00:00:01.29
