d:\include\freeimage_src\wrapper\freeimageplus\win32\release\freeimageplus.obj
d:\include\freeimage_src\wrapper\freeimageplus\win32\release\fipwinimage.obj
d:\include\freeimage_src\wrapper\freeimageplus\win32\release\fiptag.obj
d:\include\freeimage_src\wrapper\freeimageplus\win32\release\fipmultipage.obj
d:\include\freeimage_src\wrapper\freeimageplus\win32\release\fipmetadatafind.obj
d:\include\freeimage_src\wrapper\freeimageplus\win32\release\fipmemoryio.obj
d:\include\freeimage_src\wrapper\freeimageplus\win32\release\fipimage.obj
d:\include\freeimage_src\wrapper\freeimageplus\win32\release\freeimageplus.lib
d:\include\freeimage_src\wrapper\freeimageplus\win32\release\freeimageplus.exp
d:\include\freeimage_src\wrapper\freeimageplus\win32\release\freeimageplus.dll
d:\include\freeimage_src\wrapper\freeimageplus\win32\release\freeimageplus.pdb
d:\include\freeimage_src\wrapper\freeimageplus\win32\release\freeimageplus.res
d:\include\freeimage_src\wrapper\freeimageplus\.\win32\release\freeimageplus.dll
d:\include\freeimage_src\wrapper\freeimageplus\win32\release\freeimageplus.tlog\cl.command.1.tlog
d:\include\freeimage_src\wrapper\freeimageplus\win32\release\freeimageplus.tlog\cl.read.1.tlog
d:\include\freeimage_src\wrapper\freeimageplus\win32\release\freeimageplus.tlog\cl.write.1.tlog
d:\include\freeimage_src\wrapper\freeimageplus\win32\release\freeimageplus.tlog\freeimageplus.write.1u.tlog
d:\include\freeimage_src\wrapper\freeimageplus\win32\release\freeimageplus.tlog\link.command.1.tlog
d:\include\freeimage_src\wrapper\freeimageplus\win32\release\freeimageplus.tlog\link.read.1.tlog
d:\include\freeimage_src\wrapper\freeimageplus\win32\release\freeimageplus.tlog\link.write.1.tlog
d:\include\freeimage_src\wrapper\freeimageplus\win32\release\freeimageplus.tlog\rc.command.1.tlog
d:\include\freeimage_src\wrapper\freeimageplus\win32\release\freeimageplus.tlog\rc.read.1.tlog
d:\include\freeimage_src\wrapper\freeimageplus\win32\release\freeimageplus.tlog\rc.write.1.tlog
