d:\include\freeimage_src\source\librawlite\win32\debug\libraw.pdb
d:\include\freeimage_src\source\librawlite\win32\debug\libraw.idb
d:\include\freeimage_src\source\librawlite\win32\debug\dcraw_common.obj
d:\include\freeimage_src\source\librawlite\win32\debug\dcraw_fileio.obj
d:\include\freeimage_src\source\librawlite\win32\debug\demosaic_packs.obj
d:\include\freeimage_src\source\librawlite\win32\debug\libraw_c_api.obj
d:\include\freeimage_src\source\librawlite\win32\debug\libraw_cxx.obj
d:\include\freeimage_src\source\librawlite\win32\debug\libraw_datastream.obj
c:\usr\code\freeimage_src\source\librawlite\win32\debug\vc120.pdb
c:\usr\code\freeimage_src\source\librawlite\win32\debug\vc120.idb
c:\usr\code\freeimage_src\source\librawlite\win32\debug\dcraw_common.obj
c:\usr\code\freeimage_src\source\librawlite\win32\debug\dcraw_fileio.obj
c:\usr\code\freeimage_src\source\librawlite\win32\debug\demosaic_packs.obj
c:\usr\code\freeimage_src\source\librawlite\win32\debug\libraw_c_api.obj
c:\usr\code\freeimage_src\source\librawlite\win32\debug\libraw_datastream.obj
d:\include\freeimage_src\source\librawlite\win32\debug\libraw.lib
c:\usr\code\freeimage_src\source\librawlite\win32\debug\libraw.idb
c:\usr\code\freeimage_src\source\librawlite\win32\debug\libraw.pdb
c:\usr\code\freeimage_src\source\librawlite\.\win32\debug\libraw.lib
c:\usr\code\freeimage_src\source\librawlite\win32\debug\libraw.tlog\cl.command.1.tlog
c:\usr\code\freeimage_src\source\librawlite\win32\debug\libraw.tlog\cl.read.1.tlog
c:\usr\code\freeimage_src\source\librawlite\win32\debug\libraw.tlog\cl.write.1.tlog
c:\usr\code\freeimage_src\source\librawlite\win32\debug\libraw.tlog\lib-link.read.1.tlog
c:\usr\code\freeimage_src\source\librawlite\win32\debug\libraw.tlog\lib-link.write.1.tlog
c:\usr\code\freeimage_src\source\librawlite\win32\debug\libraw.tlog\lib.command.1.tlog
