d:\include\freeimage_src\source\zlib\win32\release\zutil.obj
d:\include\freeimage_src\source\zlib\win32\release\uncompr.obj
d:\include\freeimage_src\source\zlib\win32\release\trees.obj
d:\include\freeimage_src\source\zlib\win32\release\inftrees.obj
d:\include\freeimage_src\source\zlib\win32\release\inflate.obj
d:\include\freeimage_src\source\zlib\win32\release\inffast.obj
d:\include\freeimage_src\source\zlib\win32\release\infback.obj
d:\include\freeimage_src\source\zlib\win32\release\gzwrite.obj
d:\include\freeimage_src\source\zlib\win32\release\gzread.obj
d:\include\freeimage_src\source\zlib\win32\release\gzlib.obj
d:\include\freeimage_src\source\zlib\win32\release\gzclose.obj
d:\include\freeimage_src\source\zlib\win32\release\deflate.obj
d:\include\freeimage_src\source\zlib\win32\release\crc32.obj
d:\include\freeimage_src\source\zlib\win32\release\compress.obj
d:\include\freeimage_src\source\zlib\win32\release\adler32.obj
d:\include\freeimage_src\source\zlib\win32\release\zlib.lib
d:\include\freeimage_src\source\zlib\.\win32\release\zlib.lib
d:\include\freeimage_src\source\zlib\win32\release\zlib.tlog\cl.command.1.tlog
d:\include\freeimage_src\source\zlib\win32\release\zlib.tlog\cl.read.1.tlog
d:\include\freeimage_src\source\zlib\win32\release\zlib.tlog\cl.write.1.tlog
d:\include\freeimage_src\source\zlib\win32\release\zlib.tlog\lib-link.read.1.tlog
d:\include\freeimage_src\source\zlib\win32\release\zlib.tlog\lib-link.write.1.tlog
d:\include\freeimage_src\source\zlib\win32\release\zlib.tlog\lib.command.1.tlog
