d:\include\freeimage_src\source\zlib\win32\debug\zlib.pdb
d:\include\freeimage_src\source\zlib\win32\debug\zlib.idb
d:\include\freeimage_src\source\zlib\win32\debug\zutil.obj
d:\include\freeimage_src\source\zlib\win32\debug\uncompr.obj
d:\include\freeimage_src\source\zlib\win32\debug\trees.obj
d:\include\freeimage_src\source\zlib\win32\debug\inftrees.obj
d:\include\freeimage_src\source\zlib\win32\debug\inflate.obj
d:\include\freeimage_src\source\zlib\win32\debug\inffast.obj
d:\include\freeimage_src\source\zlib\win32\debug\infback.obj
d:\include\freeimage_src\source\zlib\win32\debug\gzwrite.obj
d:\include\freeimage_src\source\zlib\win32\debug\gzread.obj
d:\include\freeimage_src\source\zlib\win32\debug\gzlib.obj
d:\include\freeimage_src\source\zlib\win32\debug\gzclose.obj
d:\include\freeimage_src\source\zlib\win32\debug\deflate.obj
d:\include\freeimage_src\source\zlib\win32\debug\crc32.obj
d:\include\freeimage_src\source\zlib\win32\debug\compress.obj
d:\include\freeimage_src\source\zlib\win32\debug\adler32.obj
c:\usr\code\freeimage_src\source\zlib\win32\debug\vc120.pdb
c:\usr\code\freeimage_src\source\zlib\win32\debug\vc120.idb
c:\usr\code\freeimage_src\source\zlib\win32\debug\zutil.obj
c:\usr\code\freeimage_src\source\zlib\win32\debug\uncompr.obj
c:\usr\code\freeimage_src\source\zlib\win32\debug\trees.obj
c:\usr\code\freeimage_src\source\zlib\win32\debug\inftrees.obj
c:\usr\code\freeimage_src\source\zlib\win32\debug\inflate.obj
c:\usr\code\freeimage_src\source\zlib\win32\debug\inffast.obj
c:\usr\code\freeimage_src\source\zlib\win32\debug\infback.obj
c:\usr\code\freeimage_src\source\zlib\win32\debug\gzwrite.obj
c:\usr\code\freeimage_src\source\zlib\win32\debug\gzread.obj
c:\usr\code\freeimage_src\source\zlib\win32\debug\gzlib.obj
c:\usr\code\freeimage_src\source\zlib\win32\debug\gzclose.obj
c:\usr\code\freeimage_src\source\zlib\win32\debug\deflate.obj
c:\usr\code\freeimage_src\source\zlib\win32\debug\crc32.obj
c:\usr\code\freeimage_src\source\zlib\win32\debug\compress.obj
c:\usr\code\freeimage_src\source\zlib\win32\debug\adler32.obj
d:\include\freeimage_src\source\zlib\win32\debug\zlib.lib
c:\usr\code\freeimage_src\source\zlib\win32\debug\zlib.lib
c:\usr\code\freeimage_src\source\zlib\win32\debug\zlib.idb
c:\usr\code\freeimage_src\source\zlib\win32\debug\zlib.pdb
c:\usr\code\freeimage_src\source\zlib\.\win32\debug\zlib.lib
c:\usr\code\freeimage_src\source\zlib\win32\debug\zlib.tlog\cl.command.1.tlog
c:\usr\code\freeimage_src\source\zlib\win32\debug\zlib.tlog\cl.read.1.tlog
c:\usr\code\freeimage_src\source\zlib\win32\debug\zlib.tlog\cl.write.1.tlog
c:\usr\code\freeimage_src\source\zlib\win32\debug\zlib.tlog\lib-link.read.1.tlog
c:\usr\code\freeimage_src\source\zlib\win32\debug\zlib.tlog\lib-link.write.1.tlog
c:\usr\code\freeimage_src\source\zlib\win32\debug\zlib.tlog\lib.command.1.tlog
