c:\usr\code\freeimage_src\source\libopenjpeg\x64\release\tgt.obj
c:\usr\code\freeimage_src\source\libopenjpeg\x64\release\tcd.obj
c:\usr\code\freeimage_src\source\libopenjpeg\x64\release\t2.obj
c:\usr\code\freeimage_src\source\libopenjpeg\x64\release\t1.obj
c:\usr\code\freeimage_src\source\libopenjpeg\x64\release\raw.obj
c:\usr\code\freeimage_src\source\libopenjpeg\x64\release\pi.obj
c:\usr\code\freeimage_src\source\libopenjpeg\x64\release\openjpeg.obj
c:\usr\code\freeimage_src\source\libopenjpeg\x64\release\mqc.obj
c:\usr\code\freeimage_src\source\libopenjpeg\x64\release\mct.obj
c:\usr\code\freeimage_src\source\libopenjpeg\x64\release\jp2.obj
c:\usr\code\freeimage_src\source\libopenjpeg\x64\release\j2k.obj
c:\usr\code\freeimage_src\source\libopenjpeg\x64\release\image.obj
c:\usr\code\freeimage_src\source\libopenjpeg\x64\release\event.obj
c:\usr\code\freeimage_src\source\libopenjpeg\x64\release\dwt.obj
c:\usr\code\freeimage_src\source\libopenjpeg\x64\release\cio.obj
c:\usr\code\freeimage_src\source\libopenjpeg\x64\release\bio.obj
c:\usr\code\freeimage_src\source\libopenjpeg\x64\release\opj_clock.obj
c:\usr\code\freeimage_src\source\libopenjpeg\x64\release\invert.obj
c:\usr\code\freeimage_src\source\libopenjpeg\x64\release\function_list.obj
c:\usr\code\freeimage_src\source\libopenjpeg\x64\release\vc120.pdb
c:\usr\code\freeimage_src\source\libopenjpeg\x64\release\libopenjpeg.lib
c:\usr\code\freeimage_src\source\libopenjpeg\.\x64\release\libopenjpeg.lib
c:\usr\code\freeimage_src\source\libopenjpeg\x64\release\libopenjpeg.tlog\cl.command.1.tlog
c:\usr\code\freeimage_src\source\libopenjpeg\x64\release\libopenjpeg.tlog\cl.read.1.tlog
c:\usr\code\freeimage_src\source\libopenjpeg\x64\release\libopenjpeg.tlog\cl.write.1.tlog
c:\usr\code\freeimage_src\source\libopenjpeg\x64\release\libopenjpeg.tlog\lib-link.read.1.tlog
c:\usr\code\freeimage_src\source\libopenjpeg\x64\release\libopenjpeg.tlog\lib-link.write.1.tlog
c:\usr\code\freeimage_src\source\libopenjpeg\x64\release\libopenjpeg.tlog\lib.command.1.tlog
