d:\include\freeimage_src\source\openexr\win32\release\imfdeepscanlineinputpart.obj
d:\include\freeimage_src\source\openexr\win32\release\imfdeepscanlineinputfile.obj
d:\include\freeimage_src\source\openexr\win32\release\imfdeepimagestateattribute.obj
d:\include\freeimage_src\source\openexr\win32\release\imfdeepframebuffer.obj
d:\include\freeimage_src\source\openexr\win32\release\imfdeepcompositing.obj
d:\include\freeimage_src\source\openexr\win32\release\imfcrgbafile.obj
d:\include\freeimage_src\source\openexr\win32\release\imfconvert.obj
d:\include\freeimage_src\source\openexr\win32\release\imfcompressor.obj
d:\include\freeimage_src\source\openexr\win32\release\imfcompressionattribute.obj
d:\include\freeimage_src\source\openexr\win32\release\imfcompositedeepscanline.obj
d:\include\freeimage_src\source\openexr\win32\release\imfchromaticitiesattribute.obj
d:\include\freeimage_src\source\openexr\win32\release\imfchromaticities.obj
d:\include\freeimage_src\source\openexr\win32\release\imfchannellistattribute.obj
d:\include\freeimage_src\source\openexr\win32\release\imfchannellist.obj
d:\include\freeimage_src\source\openexr\win32\release\imfboxattribute.obj
d:\include\freeimage_src\source\openexr\win32\release\imfb44compressor.obj
d:\include\freeimage_src\source\openexr\win32\release\imfattribute.obj
d:\include\freeimage_src\source\openexr\win32\release\imfacesfile.obj
d:\include\freeimage_src\source\openexr\win32\release\b44explogtable.obj
d:\include\freeimage_src\source\openexr\win32\release\iexmathfpu.obj
d:\include\freeimage_src\source\openexr\win32\release\imfinputfile.obj
d:\include\freeimage_src\source\openexr\win32\release\imfhuf.obj
d:\include\freeimage_src\source\openexr\win32\release\imfheader.obj
d:\include\freeimage_src\source\openexr\win32\release\imfgenericoutputfile.obj
d:\include\freeimage_src\source\openexr\win32\release\imfgenericinputfile.obj
d:\include\freeimage_src\source\openexr\win32\release\imfframespersecond.obj
d:\include\freeimage_src\source\openexr\win32\release\imfframebuffer.obj
d:\include\freeimage_src\source\openexr\win32\release\imffloatvectorattribute.obj
d:\include\freeimage_src\source\openexr\win32\release\imffloatattribute.obj
d:\include\freeimage_src\source\openexr\win32\release\imffasthuf.obj
d:\include\freeimage_src\source\openexr\win32\release\imfenvmapattribute.obj
d:\include\freeimage_src\source\openexr\win32\release\imfenvmap.obj
d:\include\freeimage_src\source\openexr\win32\release\imfdwacompressor.obj
d:\include\freeimage_src\source\openexr\win32\release\imfdoubleattribute.obj
d:\include\freeimage_src\source\openexr\win32\release\imfdeeptiledoutputpart.obj
d:\include\freeimage_src\source\openexr\win32\release\imfdeeptiledoutputfile.obj
d:\include\freeimage_src\source\openexr\win32\release\imfdeeptiledinputpart.obj
d:\include\freeimage_src\source\openexr\win32\release\imfdeeptiledinputfile.obj
d:\include\freeimage_src\source\openexr\win32\release\imfdeepscanlineoutputpart.obj
d:\include\freeimage_src\source\openexr\win32\release\imfdeepscanlineoutputfile.obj
d:\include\freeimage_src\source\openexr\win32\release\imfpreviewimage.obj
d:\include\freeimage_src\source\openexr\win32\release\imfpizcompressor.obj
d:\include\freeimage_src\source\openexr\win32\release\imfparttype.obj
d:\include\freeimage_src\source\openexr\win32\release\imfoutputpartdata.obj
d:\include\freeimage_src\source\openexr\win32\release\imfoutputpart.obj
d:\include\freeimage_src\source\openexr\win32\release\imfoutputfile.obj
d:\include\freeimage_src\source\openexr\win32\release\imfopaqueattribute.obj
d:\include\freeimage_src\source\openexr\win32\release\imfmultiview.obj
d:\include\freeimage_src\source\openexr\win32\release\imfmultipartoutputfile.obj
d:\include\freeimage_src\source\openexr\win32\release\imfmultipartinputfile.obj
d:\include\freeimage_src\source\openexr\win32\release\imfmisc.obj
d:\include\freeimage_src\source\openexr\win32\release\imfmatrixattribute.obj
d:\include\freeimage_src\source\openexr\win32\release\imflut.obj
d:\include\freeimage_src\source\openexr\win32\release\imflineorderattribute.obj
d:\include\freeimage_src\source\openexr\win32\release\imfkeycodeattribute.obj
d:\include\freeimage_src\source\openexr\win32\release\imfkeycode.obj
d:\include\freeimage_src\source\openexr\win32\release\imfio.obj
d:\include\freeimage_src\source\openexr\win32\release\imfintattribute.obj
d:\include\freeimage_src\source\openexr\win32\release\imfinputpartdata.obj
d:\include\freeimage_src\source\openexr\win32\release\imfinputpart.obj
d:\include\freeimage_src\source\openexr\win32\release\imftiledmisc.obj
d:\include\freeimage_src\source\openexr\win32\release\imftiledinputpart.obj
d:\include\freeimage_src\source\openexr\win32\release\imftiledinputfile.obj
d:\include\freeimage_src\source\openexr\win32\release\imftiledescriptionattribute.obj
d:\include\freeimage_src\source\openexr\win32\release\imfthreading.obj
d:\include\freeimage_src\source\openexr\win32\release\imftestfile.obj
d:\include\freeimage_src\source\openexr\win32\release\imfsystemspecific.obj
d:\include\freeimage_src\source\openexr\win32\release\imfstringvectorattribute.obj
d:\include\freeimage_src\source\openexr\win32\release\imfstringattribute.obj
d:\include\freeimage_src\source\openexr\win32\release\imfstdio.obj
d:\include\freeimage_src\source\openexr\win32\release\imfstandardattributes.obj
d:\include\freeimage_src\source\openexr\win32\release\imfscanlineinputfile.obj
d:\include\freeimage_src\source\openexr\win32\release\imfrlecompressor.obj
d:\include\freeimage_src\source\openexr\win32\release\imfrle.obj
d:\include\freeimage_src\source\openexr\win32\release\imfrgbayca.obj
d:\include\freeimage_src\source\openexr\win32\release\imfrgbafile.obj
d:\include\freeimage_src\source\openexr\win32\release\imfrationalattribute.obj
d:\include\freeimage_src\source\openexr\win32\release\imfrational.obj
d:\include\freeimage_src\source\openexr\win32\release\imfpxr24compressor.obj
d:\include\freeimage_src\source\openexr\win32\release\imfpreviewimageattribute.obj
d:\include\freeimage_src\source\openexr\win32\release\iexthrowerrnoexc.obj
d:\include\freeimage_src\source\openexr\win32\release\iexbaseexc.obj
d:\include\freeimage_src\source\openexr\win32\release\imathvec.obj
d:\include\freeimage_src\source\openexr\win32\release\imathshear.obj
d:\include\freeimage_src\source\openexr\win32\release\imathrandom.obj
d:\include\freeimage_src\source\openexr\win32\release\imathmatrixalgo.obj
d:\include\freeimage_src\source\openexr\win32\release\imathfun.obj
d:\include\freeimage_src\source\openexr\win32\release\imathcoloralgo.obj
d:\include\freeimage_src\source\openexr\win32\release\imathbox.obj
d:\include\freeimage_src\source\openexr\win32\release\imfzipcompressor.obj
d:\include\freeimage_src\source\openexr\win32\release\imfzip.obj
d:\include\freeimage_src\source\openexr\win32\release\imfwav.obj
d:\include\freeimage_src\source\openexr\win32\release\imfversion.obj
d:\include\freeimage_src\source\openexr\win32\release\imfvecattribute.obj
d:\include\freeimage_src\source\openexr\win32\release\imftimecodeattribute.obj
d:\include\freeimage_src\source\openexr\win32\release\imftimecode.obj
d:\include\freeimage_src\source\openexr\win32\release\imftileoffsets.obj
d:\include\freeimage_src\source\openexr\win32\release\imftiledrgbafile.obj
d:\include\freeimage_src\source\openexr\win32\release\imftiledoutputpart.obj
d:\include\freeimage_src\source\openexr\win32\release\imftiledoutputfile.obj
d:\include\freeimage_src\source\openexr\win32\release\iexmathfloatexc.obj
d:\include\freeimage_src\source\openexr\win32\release\ilmthreadsemaphore.obj
d:\include\freeimage_src\source\openexr\win32\release\ilmthreadpool.obj
d:\include\freeimage_src\source\openexr\win32\release\ilmthreadmutex.obj
d:\include\freeimage_src\source\openexr\win32\release\ilmthread.obj
d:\include\freeimage_src\source\openexr\win32\release\half.obj
d:\include\freeimage_src\source\openexr\win32\release\openexr.lib
d:\include\freeimage_src\source\openexr\.\win32\release\openexr.lib
d:\include\freeimage_src\source\openexr\win32\release\openexr.tlog\cl.command.1.tlog
d:\include\freeimage_src\source\openexr\win32\release\openexr.tlog\cl.read.1.tlog
d:\include\freeimage_src\source\openexr\win32\release\openexr.tlog\cl.write.1.tlog
d:\include\freeimage_src\source\openexr\win32\release\openexr.tlog\lib-link.read.1.tlog
d:\include\freeimage_src\source\openexr\win32\release\openexr.tlog\lib-link.write.1.tlog
d:\include\freeimage_src\source\openexr\win32\release\openexr.tlog\lib.command.1.tlog
