d:\include\freeimage_src\win32\release\pluginhdr.obj
d:\include\freeimage_src\win32\release\plugingif.obj
d:\include\freeimage_src\win32\release\pluging3.obj
d:\include\freeimage_src\win32\release\pluginexr.obj
d:\include\freeimage_src\win32\release\plugindds.obj
d:\include\freeimage_src\win32\release\plugincut.obj
d:\include\freeimage_src\win32\release\pluginbmp.obj
d:\include\freeimage_src\win32\release\plugin.obj
d:\include\freeimage_src\win32\release\mnghelper.obj
d:\include\freeimage_src\win32\release\j2khelper.obj
d:\include\freeimage_src\win32\release\pixelaccess.obj
d:\include\freeimage_src\win32\release\memoryio.obj
d:\include\freeimage_src\win32\release\lfpquantizer.obj
d:\include\freeimage_src\win32\release\gettype.obj
d:\include\freeimage_src\win32\release\freeimageio.obj
d:\include\freeimage_src\win32\release\freeimage.obj
d:\include\freeimage_src\win32\release\conversionrgbaf.obj
d:\include\freeimage_src\win32\release\conversionrgba16.obj
d:\include\freeimage_src\win32\release\colorlookup.obj
d:\include\freeimage_src\win32\release\bitmapaccess.obj
d:\include\freeimage_src\win32\release\plugintarga.obj
d:\include\freeimage_src\win32\release\pluginsgi.obj
d:\include\freeimage_src\win32\release\pluginraw.obj
d:\include\freeimage_src\win32\release\pluginras.obj
d:\include\freeimage_src\win32\release\pluginpsd.obj
d:\include\freeimage_src\win32\release\pluginpnm.obj
d:\include\freeimage_src\win32\release\pluginpng.obj
d:\include\freeimage_src\win32\release\pluginpict.obj
d:\include\freeimage_src\win32\release\pluginpfm.obj
d:\include\freeimage_src\win32\release\pluginpcx.obj
d:\include\freeimage_src\win32\release\pluginpcd.obj
d:\include\freeimage_src\win32\release\pluginmng.obj
d:\include\freeimage_src\win32\release\pluginkoala.obj
d:\include\freeimage_src\win32\release\pluginjxr.obj
d:\include\freeimage_src\win32\release\pluginjpeg.obj
d:\include\freeimage_src\win32\release\pluginjp2.obj
d:\include\freeimage_src\win32\release\pluginjng.obj
d:\include\freeimage_src\win32\release\pluginj2k.obj
d:\include\freeimage_src\win32\release\pluginiff.obj
d:\include\freeimage_src\win32\release\pluginico.obj
d:\include\freeimage_src\win32\release\halftoning.obj
d:\include\freeimage_src\win32\release\conversionuint16.obj
d:\include\freeimage_src\win32\release\conversiontype.obj
d:\include\freeimage_src\win32\release\conversionrgbf.obj
d:\include\freeimage_src\win32\release\conversionrgb16.obj
d:\include\freeimage_src\win32\release\conversionfloat.obj
d:\include\freeimage_src\win32\release\conversion8.obj
d:\include\freeimage_src\win32\release\conversion4.obj
d:\include\freeimage_src\win32\release\conversion32.obj
d:\include\freeimage_src\win32\release\conversion24.obj
d:\include\freeimage_src\win32\release\conversion16_565.obj
d:\include\freeimage_src\win32\release\conversion16_555.obj
d:\include\freeimage_src\win32\release\conversion.obj
d:\include\freeimage_src\win32\release\tifflogluv.obj
d:\include\freeimage_src\win32\release\psdparser.obj
d:\include\freeimage_src\win32\release\pluginxpm.obj
d:\include\freeimage_src\win32\release\pluginxbm.obj
d:\include\freeimage_src\win32\release\pluginwebp.obj
d:\include\freeimage_src\win32\release\pluginwbmp.obj
d:\include\freeimage_src\win32\release\plugintiff.obj
d:\include\freeimage_src\win32\release\background.obj
d:\include\freeimage_src\win32\release\xtiff.obj
d:\include\freeimage_src\win32\release\taglib.obj
d:\include\freeimage_src\win32\release\tagconversion.obj
d:\include\freeimage_src\win32\release\iptc.obj
d:\include\freeimage_src\win32\release\freeimagetag.obj
d:\include\freeimage_src\win32\release\firational.obj
d:\include\freeimage_src\win32\release\exif.obj
d:\include\freeimage_src\win32\release\zlibinterface.obj
d:\include\freeimage_src\win32\release\multipage.obj
d:\include\freeimage_src\win32\release\cachefile.obj
d:\include\freeimage_src\win32\release\deprecationmgr.obj
d:\include\freeimage_src\win32\release\deprecated.obj
d:\include\freeimage_src\win32\release\wuquantizer.obj
d:\include\freeimage_src\win32\release\nnquantizer.obj
d:\include\freeimage_src\win32\release\tonemapping.obj
d:\include\freeimage_src\win32\release\tmoreinhard05.obj
d:\include\freeimage_src\win32\release\tmofattal02.obj
d:\include\freeimage_src\win32\release\tmodrago03.obj
d:\include\freeimage_src\win32\release\tmocolorconvert.obj
d:\include\freeimage_src\win32\release\resize.obj
d:\include\freeimage_src\win32\release\rescale.obj
d:\include\freeimage_src\win32\release\multigridpoissonsolver.obj
d:\include\freeimage_src\win32\release\jpegtransform.obj
d:\include\freeimage_src\win32\release\flip.obj
d:\include\freeimage_src\win32\release\display.obj
d:\include\freeimage_src\win32\release\copypaste.obj
d:\include\freeimage_src\win32\release\colors.obj
d:\include\freeimage_src\win32\release\classicrotate.obj
d:\include\freeimage_src\win32\release\channels.obj
d:\include\freeimage_src\win32\release\bsplinerotate.obj
d:\include\freeimage_src\win32\release\freeimagec.obj
d:\include\freeimage_src\win32\release\freeimage.lib
d:\include\freeimage_src\win32\release\freeimage.exp
d:\include\freeimage_src\win32\release\freeimage.dll
d:\include\freeimage_src\win32\release\freeimage.res
d:\include\freeimage_src\win32\release\freeimage.pdb
d:\include\freeimage_src\.\win32\release\freeimage.dll
d:\include\freeimage_src\win32\release\freeimage.tlog\cl.command.1.tlog
d:\include\freeimage_src\win32\release\freeimage.tlog\cl.read.1.tlog
d:\include\freeimage_src\win32\release\freeimage.tlog\cl.write.1.tlog
d:\include\freeimage_src\win32\release\freeimage.tlog\freeimage.write.1u.tlog
d:\include\freeimage_src\win32\release\freeimage.tlog\link.command.1.tlog
d:\include\freeimage_src\win32\release\freeimage.tlog\link.read.1.tlog
d:\include\freeimage_src\win32\release\freeimage.tlog\link.write.1.tlog
d:\include\freeimage_src\win32\release\freeimage.tlog\rc.command.1.tlog
d:\include\freeimage_src\win32\release\freeimage.tlog\rc.read.1.tlog
d:\include\freeimage_src\win32\release\freeimage.tlog\rc.write.1.tlog
