Build started 06.12.2015 23:11:25.
     1>Project "D:\include\FreeImage_src\Source\LibJPEG\LibJPEG.2013.vcxproj" on node 2 (Build target(s)).
     1>ClCompile:
         C:\Program Files (x86)\Microsoft Visual Studio 14.0\VC\bin\x86_amd64\CL.exe /c /I..\zlib /Zi /nologo /W3 /WX- /Od /D WIN32 /D _DEBUG /D _LIB /D _CRT_SECURE_NO_DEPRECATE /D _VC80_UPGRADE=0x0710 /D _MBCS /GF /Gm- /EHsc /RTC1 /MTd /GS /fp:precise /Zc:wchar_t /Zc:forScope /Zc:inline /Fo".\x64\Debug\\" /Fd".\x64\Debug\LibJPEG.pdb" /Gd /TC /errorReport:prompt jaricom.c jcapimin.c jcapistd.c jcarith.c jccoefct.c jccolor.c jcdctmgr.c jchuff.c jcinit.c jcmainct.c jcmarker.c jcmaster.c jcomapi.c jcparam.c jcprepct.c jcsample.c jctrans.c jdapimin.c jdapistd.c jdarith.c jdatadst.c jdatasrc.c jdcoefct.c jdcolor.c jddctmgr.c jdhuff.c jdinput.c jdmainct.c jdmarker.c jdmaster.c jdmerge.c jdpostct.c jdsample.c jdtrans.c jerror.c jfdctflt.c jfdctfst.c jfdctint.c jidctflt.c jidctfst.c jidctint.c jmemmgr.c jmemnobs.c jquant1.c jquant2.c jutils.c transupp.c
         jaricom.c
         jcapimin.c
         jcapistd.c
         jcarith.c
         jccoefct.c
         jccolor.c
         jcdctmgr.c
         jchuff.c
         jcinit.c
         jcmainct.c
         jcmarker.c
         jcmaster.c
         jcomapi.c
         jcparam.c
         jcprepct.c
         jcsample.c
         jctrans.c
         jdapimin.c
         jdapistd.c
         jdarith.c
         Generating Code...
         Compiling...
         jdatadst.c
     1>jdatadst.c(185): warning C4267: '=': conversion from 'size_t' to 'unsigned long', possible loss of data
         jdatasrc.c
         jdcoefct.c
         jdcolor.c
         jddctmgr.c
         jdhuff.c
         jdinput.c
         jdmainct.c
         jdmarker.c
         jdmaster.c
         jdmerge.c
         jdpostct.c
         jdsample.c
         jdtrans.c
         jerror.c
         jfdctflt.c
         jfdctfst.c
         jfdctint.c
         jidctflt.c
         jidctfst.c
         Generating Code...
         Compiling...
         jidctint.c
         jmemmgr.c
     1>jmemmgr.c(307): warning C4267: '+=': conversion from 'size_t' to 'long', possible loss of data
     1>jmemmgr.c(367): warning C4267: '+=': conversion from 'size_t' to 'long', possible loss of data
     1>jmemmgr.c(977): warning C4267: '-=': conversion from 'size_t' to 'long', possible loss of data
     1>jmemmgr.c(991): warning C4267: '-=': conversion from 'size_t' to 'long', possible loss of data
         jmemnobs.c
         jquant1.c
         jquant2.c
         jutils.c
         transupp.c
         Generating Code...
       Lib:
         C:\Program Files (x86)\Microsoft Visual Studio 14.0\VC\bin\x86_amd64\Lib.exe /OUT:".\x64\Debug\LibJPEG.lib" /NOLOGO /MACHINE:X64 .\x64\Debug\jaricom.obj
         .\x64\Debug\jcapimin.obj
         .\x64\Debug\jcapistd.obj
         .\x64\Debug\jcarith.obj
         .\x64\Debug\jccoefct.obj
         .\x64\Debug\jccolor.obj
         .\x64\Debug\jcdctmgr.obj
         .\x64\Debug\jchuff.obj
         .\x64\Debug\jcinit.obj
         .\x64\Debug\jcmainct.obj
         .\x64\Debug\jcmarker.obj
         .\x64\Debug\jcmaster.obj
         .\x64\Debug\jcomapi.obj
         .\x64\Debug\jcparam.obj
         .\x64\Debug\jcprepct.obj
         .\x64\Debug\jcsample.obj
         .\x64\Debug\jctrans.obj
         .\x64\Debug\jdapimin.obj
         .\x64\Debug\jdapistd.obj
         .\x64\Debug\jdarith.obj
         .\x64\Debug\jdatadst.obj
         .\x64\Debug\jdatasrc.obj
         .\x64\Debug\jdcoefct.obj
         .\x64\Debug\jdcolor.obj
         .\x64\Debug\jddctmgr.obj
         .\x64\Debug\jdhuff.obj
         .\x64\Debug\jdinput.obj
         .\x64\Debug\jdmainct.obj
         .\x64\Debug\jdmarker.obj
         .\x64\Debug\jdmaster.obj
         .\x64\Debug\jdmerge.obj
         .\x64\Debug\jdpostct.obj
         .\x64\Debug\jdsample.obj
         .\x64\Debug\jdtrans.obj
         .\x64\Debug\jerror.obj
         .\x64\Debug\jfdctflt.obj
         .\x64\Debug\jfdctfst.obj
         .\x64\Debug\jfdctint.obj
         .\x64\Debug\jidctflt.obj
         .\x64\Debug\jidctfst.obj
         .\x64\Debug\jidctint.obj
         .\x64\Debug\jmemmgr.obj
         .\x64\Debug\jmemnobs.obj
         .\x64\Debug\jquant1.obj
         .\x64\Debug\jquant2.obj
         .\x64\Debug\jutils.obj
         .\x64\Debug\transupp.obj
         LibJPEG.2013.vcxproj -> D:\include\FreeImage_src\Source\LibJPEG\.\x64\Debug\LibJPEG.lib
     1>Done Building Project "D:\include\FreeImage_src\Source\LibJPEG\LibJPEG.2013.vcxproj" (Build target(s)).

Build succeeded.

Time Elapsed 00:00:08.04
