d:\include\freeimage_src\source\libpng\win32\debug\libpng.pdb
d:\include\freeimage_src\source\libpng\win32\debug\libpng.idb
d:\include\freeimage_src\source\libpng\win32\debug\pngwutil.obj
d:\include\freeimage_src\source\libpng\win32\debug\pngwtran.obj
d:\include\freeimage_src\source\libpng\win32\debug\pngwrite.obj
d:\include\freeimage_src\source\libpng\win32\debug\pngwio.obj
d:\include\freeimage_src\source\libpng\win32\debug\pngtrans.obj
d:\include\freeimage_src\source\libpng\win32\debug\pngset.obj
d:\include\freeimage_src\source\libpng\win32\debug\pngrutil.obj
d:\include\freeimage_src\source\libpng\win32\debug\pngrtran.obj
d:\include\freeimage_src\source\libpng\win32\debug\pngrio.obj
d:\include\freeimage_src\source\libpng\win32\debug\pngread.obj
d:\include\freeimage_src\source\libpng\win32\debug\pngpread.obj
d:\include\freeimage_src\source\libpng\win32\debug\pngmem.obj
d:\include\freeimage_src\source\libpng\win32\debug\pngget.obj
d:\include\freeimage_src\source\libpng\win32\debug\pngerror.obj
d:\include\freeimage_src\source\libpng\win32\debug\png.obj
c:\usr\code\freeimage_src\source\libpng\win32\debug\vc120.pdb
c:\usr\code\freeimage_src\source\libpng\win32\debug\vc120.idb
c:\usr\code\freeimage_src\source\libpng\win32\debug\pngwutil.obj
c:\usr\code\freeimage_src\source\libpng\win32\debug\pngwtran.obj
c:\usr\code\freeimage_src\source\libpng\win32\debug\pngwrite.obj
c:\usr\code\freeimage_src\source\libpng\win32\debug\pngwio.obj
c:\usr\code\freeimage_src\source\libpng\win32\debug\pngtrans.obj
c:\usr\code\freeimage_src\source\libpng\win32\debug\pngset.obj
c:\usr\code\freeimage_src\source\libpng\win32\debug\pngrutil.obj
c:\usr\code\freeimage_src\source\libpng\win32\debug\pngrtran.obj
c:\usr\code\freeimage_src\source\libpng\win32\debug\pngrio.obj
c:\usr\code\freeimage_src\source\libpng\win32\debug\pngread.obj
c:\usr\code\freeimage_src\source\libpng\win32\debug\pngpread.obj
c:\usr\code\freeimage_src\source\libpng\win32\debug\pngmem.obj
c:\usr\code\freeimage_src\source\libpng\win32\debug\pngget.obj
c:\usr\code\freeimage_src\source\libpng\win32\debug\pngerror.obj
c:\usr\code\freeimage_src\source\libpng\win32\debug\png.obj
d:\include\freeimage_src\source\libpng\win32\debug\libpng.lib
c:\usr\code\freeimage_src\source\libpng\win32\debug\libpng.lib
c:\usr\code\freeimage_src\source\libpng\win32\debug\libpng.idb
c:\usr\code\freeimage_src\source\libpng\win32\debug\libpng.pdb
c:\usr\code\freeimage_src\source\libpng\.\win32\debug\libpng.lib
c:\usr\code\freeimage_src\source\libpng\win32\debug\libpng.tlog\cl.command.1.tlog
c:\usr\code\freeimage_src\source\libpng\win32\debug\libpng.tlog\cl.read.1.tlog
c:\usr\code\freeimage_src\source\libpng\win32\debug\libpng.tlog\cl.write.1.tlog
c:\usr\code\freeimage_src\source\libpng\win32\debug\libpng.tlog\lib-link.read.1.tlog
c:\usr\code\freeimage_src\source\libpng\win32\debug\libpng.tlog\lib-link.write.1.tlog
c:\usr\code\freeimage_src\source\libpng\win32\debug\libpng.tlog\lib.command.1.tlog
