Build started 20.03.2016 15:53:47.
     1>Project "C:\usr\code\FreeImage_src_vs13\Source\LibWebP\LibWebP.2013.vcxproj" on node 5 (Build target(s)).
     1>ClCompile:
         C:\Program Files (x86)\Microsoft Visual Studio 12.0\VC\bin\x86_amd64\CL.exe /c /nologo /W3 /WX- /Ox /Ob1 /Oi /GL /D WIN32 /D NDEBUG /D _LIB /D _MBCS /GF- /Gm- /MT /GS /Gy- /fp:precise /Zc:wchar_t /Zc:forScope /Fo".\x64\Release\\" /Fd".\x64\Release\vc120.pdb" /Gd /TC /errorReport:prompt src\dec\dec.alpha.c src\dec\dec.buffer.c src\dec\dec.frame.c src\dec\dec.idec.c src\dec\dec.io.c src\dec\dec.quant.c src\dec\dec.tree.c src\dec\dec.vp8.c src\dec\dec.vp8l.c src\dec\dec.webp.c src\demux\demux.demux.c src\dsp\dsp.alpha_processing.c src\dsp\dsp.alpha_processing_mips_dsp_r2.c src\dsp\dsp.alpha_processing_sse2.c src\dsp\dsp.argb.c src\dsp\dsp.argb_mips_dsp_r2.c src\dsp\dsp.argb_sse2.c src\dsp\dsp.cost.c src\dsp\dsp.cost_mips32.c src\dsp\dsp.cost_mips_dsp_r2.c src\dsp\dsp.cost_sse2.c src\dsp\dsp.cpu.c src\dsp\dsp.dec.c src\dsp\dsp.dec_clip_tables.c src\dsp\dsp.dec_mips32.c src\dsp\dsp.dec_mips_dsp_r2.c src\dsp\dsp.dec_neon.c src\dsp\dsp.dec_sse2.c src\dsp\dsp.enc.c src\dsp\dsp.enc_avx2.c src\dsp\dsp.enc_mips32.c src\dsp\dsp.enc_mips_dsp_r2.c src\dsp\dsp.enc_neon.c src\dsp\dsp.enc_sse2.c src\dsp\dsp.filters.c src\dsp\dsp.filters_mips_dsp_r2.c src\dsp\dsp.filters_sse2.c src\dsp\dsp.lossless.c src\dsp\dsp.lossless_mips32.c src\dsp\dsp.lossless_mips_dsp_r2.c src\dsp\dsp.lossless_neon.c src\dsp\dsp.lossless_sse2.c src\dsp\dsp.rescaler.c src\dsp\dsp.rescaler_mips32.c src\dsp\dsp.rescaler_mips_dsp_r2.c src\dsp\dsp.upsampling.c src\dsp\dsp.upsampling_mips_dsp_r2.c src\dsp\dsp.upsampling_neon.c src\dsp\dsp.upsampling_sse2.c src\dsp\dsp.yuv.c src\dsp\dsp.yuv_mips32.c src\dsp\dsp.yuv_mips_dsp_r2.c src\dsp\dsp.yuv_sse2.c src\enc\enc.alpha.c src\enc\enc.analysis.c src\enc\enc.backward_references.c src\enc\enc.config.c src\enc\enc.cost.c src\enc\enc.filter.c src\enc\enc.frame.c src\enc\enc.histogram.c src\enc\enc.iterator.c src\enc\enc.near_lossless.c src\enc\enc.picture.c src\enc\enc.picture_csp.c src\enc\enc.picture_psnr.c src\enc\enc.picture_rescale.c src\enc\enc.picture_tools.c src\enc\enc.quant.c src\enc\enc.syntax.c src\enc\enc.token.c src\enc\enc.tree.c src\enc\enc.vp8l.c src\enc\enc.webpenc.c src\mux\mux.anim_encode.c src\mux\mux.muxedit.c src\mux\mux.muxinternal.c src\mux\mux.muxread.c src\utils\utils.bit_reader.c src\utils\utils.bit_writer.c src\utils\utils.color_cache.c src\utils\utils.filters.c src\utils\utils.huffman.c src\utils\utils.huffman_encode.c src\utils\utils.quant_levels.c src\utils\utils.quant_levels_dec.c src\utils\utils.random.c src\utils\utils.rescaler.c src\utils\utils.thread.c src\utils\utils.utils.c
         dec.alpha.c
         dec.buffer.c
         dec.frame.c
         dec.idec.c
         dec.io.c
         dec.quant.c
         dec.tree.c
         dec.vp8.c
         dec.vp8l.c
         dec.webp.c
         demux.demux.c
         dsp.alpha_processing.c
         dsp.alpha_processing_mips_dsp_r2.c
         dsp.alpha_processing_sse2.c
         dsp.argb.c
         dsp.argb_mips_dsp_r2.c
         dsp.argb_sse2.c
         dsp.cost.c
         dsp.cost_mips32.c
         dsp.cost_mips_dsp_r2.c
         Compiling...
         dsp.cost_sse2.c
         dsp.cpu.c
         dsp.dec.c
         dsp.dec_clip_tables.c
         dsp.dec_mips32.c
         dsp.dec_mips_dsp_r2.c
         dsp.dec_neon.c
         dsp.dec_sse2.c
         dsp.enc.c
         dsp.enc_avx2.c
         dsp.enc_mips32.c
         dsp.enc_mips_dsp_r2.c
         dsp.enc_neon.c
         dsp.enc_sse2.c
         dsp.filters.c
         dsp.filters_mips_dsp_r2.c
         dsp.filters_sse2.c
         dsp.lossless.c
         dsp.lossless_mips32.c
         dsp.lossless_mips_dsp_r2.c
         Compiling...
         dsp.lossless_neon.c
         dsp.lossless_sse2.c
         dsp.rescaler.c
         dsp.rescaler_mips32.c
         dsp.rescaler_mips_dsp_r2.c
         dsp.upsampling.c
         dsp.upsampling_mips_dsp_r2.c
         dsp.upsampling_neon.c
         dsp.upsampling_sse2.c
         dsp.yuv.c
         dsp.yuv_mips32.c
         dsp.yuv_mips_dsp_r2.c
         dsp.yuv_sse2.c
         enc.alpha.c
         enc.analysis.c
         enc.backward_references.c
         enc.config.c
         enc.cost.c
         enc.filter.c
         enc.frame.c
         Compiling...
         enc.histogram.c
         enc.iterator.c
         enc.near_lossless.c
         enc.picture.c
         enc.picture_csp.c
         enc.picture_psnr.c
         enc.picture_rescale.c
         enc.picture_tools.c
         enc.quant.c
         enc.syntax.c
         enc.token.c
         enc.tree.c
         enc.vp8l.c
         enc.webpenc.c
         mux.anim_encode.c
         mux.muxedit.c
         mux.muxinternal.c
         mux.muxread.c
         utils.bit_reader.c
         utils.bit_writer.c
         Compiling...
         utils.color_cache.c
         utils.filters.c
         utils.huffman.c
         utils.huffman_encode.c
         utils.quant_levels.c
         utils.quant_levels_dec.c
         utils.random.c
         utils.rescaler.c
         utils.thread.c
         utils.utils.c
       Lib:
         C:\Program Files (x86)\Microsoft Visual Studio 12.0\VC\bin\x86_amd64\Lib.exe /OUT:".\x64\Release\LibWebP.lib" /NOLOGO /MACHINE:X64 /LTCG .\x64\Release\dec.alpha.obj
         .\x64\Release\dec.buffer.obj
         .\x64\Release\dec.frame.obj
         .\x64\Release\dec.idec.obj
         .\x64\Release\dec.io.obj
         .\x64\Release\dec.quant.obj
         .\x64\Release\dec.tree.obj
         .\x64\Release\dec.vp8.obj
         .\x64\Release\dec.vp8l.obj
         .\x64\Release\dec.webp.obj
         .\x64\Release\demux.demux.obj
         .\x64\Release\dsp.alpha_processing.obj
         .\x64\Release\dsp.alpha_processing_mips_dsp_r2.obj
         .\x64\Release\dsp.alpha_processing_sse2.obj
         .\x64\Release\dsp.argb.obj
         .\x64\Release\dsp.argb_mips_dsp_r2.obj
         .\x64\Release\dsp.argb_sse2.obj
         .\x64\Release\dsp.cost.obj
         .\x64\Release\dsp.cost_mips32.obj
         .\x64\Release\dsp.cost_mips_dsp_r2.obj
         .\x64\Release\dsp.cost_sse2.obj
         .\x64\Release\dsp.cpu.obj
         .\x64\Release\dsp.dec.obj
         .\x64\Release\dsp.dec_clip_tables.obj
         .\x64\Release\dsp.dec_mips32.obj
         .\x64\Release\dsp.dec_mips_dsp_r2.obj
         .\x64\Release\dsp.dec_neon.obj
         .\x64\Release\dsp.dec_sse2.obj
         .\x64\Release\dsp.enc.obj
         .\x64\Release\dsp.enc_avx2.obj
         .\x64\Release\dsp.enc_mips32.obj
         .\x64\Release\dsp.enc_mips_dsp_r2.obj
         .\x64\Release\dsp.enc_neon.obj
         .\x64\Release\dsp.enc_sse2.obj
         .\x64\Release\dsp.filters.obj
         .\x64\Release\dsp.filters_mips_dsp_r2.obj
         .\x64\Release\dsp.filters_sse2.obj
         .\x64\Release\dsp.lossless.obj
         .\x64\Release\dsp.lossless_mips32.obj
         .\x64\Release\dsp.lossless_mips_dsp_r2.obj
         .\x64\Release\dsp.lossless_neon.obj
         .\x64\Release\dsp.lossless_sse2.obj
         .\x64\Release\dsp.rescaler.obj
         .\x64\Release\dsp.rescaler_mips32.obj
         .\x64\Release\dsp.rescaler_mips_dsp_r2.obj
         .\x64\Release\dsp.upsampling.obj
         .\x64\Release\dsp.upsampling_mips_dsp_r2.obj
         .\x64\Release\dsp.upsampling_neon.obj
         .\x64\Release\dsp.upsampling_sse2.obj
         .\x64\Release\dsp.yuv.obj
         .\x64\Release\dsp.yuv_mips32.obj
         .\x64\Release\dsp.yuv_mips_dsp_r2.obj
         .\x64\Release\dsp.yuv_sse2.obj
         .\x64\Release\enc.alpha.obj
         .\x64\Release\enc.analysis.obj
         .\x64\Release\enc.backward_references.obj
         .\x64\Release\enc.config.obj
         .\x64\Release\enc.cost.obj
         .\x64\Release\enc.filter.obj
         .\x64\Release\enc.frame.obj
         .\x64\Release\enc.histogram.obj
         .\x64\Release\enc.iterator.obj
         .\x64\Release\enc.near_lossless.obj
         .\x64\Release\enc.picture.obj
         .\x64\Release\enc.picture_csp.obj
         .\x64\Release\enc.picture_psnr.obj
         .\x64\Release\enc.picture_rescale.obj
         .\x64\Release\enc.picture_tools.obj
         .\x64\Release\enc.quant.obj
         .\x64\Release\enc.syntax.obj
         .\x64\Release\enc.token.obj
         .\x64\Release\enc.tree.obj
         .\x64\Release\enc.vp8l.obj
         .\x64\Release\enc.webpenc.obj
         .\x64\Release\mux.anim_encode.obj
         .\x64\Release\mux.muxedit.obj
         .\x64\Release\mux.muxinternal.obj
         .\x64\Release\mux.muxread.obj
         .\x64\Release\utils.bit_reader.obj
         .\x64\Release\utils.bit_writer.obj
         .\x64\Release\utils.color_cache.obj
         .\x64\Release\utils.filters.obj
         .\x64\Release\utils.huffman.obj
         .\x64\Release\utils.huffman_encode.obj
         .\x64\Release\utils.quant_levels.obj
         .\x64\Release\utils.quant_levels_dec.obj
         .\x64\Release\utils.random.obj
         .\x64\Release\utils.rescaler.obj
         .\x64\Release\utils.thread.obj
         .\x64\Release\utils.utils.obj
         LibWebP.2013.vcxproj -> C:\usr\code\FreeImage_src_vs13\Source\LibWebP\.\x64\Release\LibWebP.lib
     1>Done Building Project "C:\usr\code\FreeImage_src_vs13\Source\LibWebP\LibWebP.2013.vcxproj" (Build target(s)).

Build succeeded.

Time Elapsed 00:00:09.72
