c:\usr\code\freeimage_src\source\libwebp\x64\release\dsp.cost_mips_dsp_r2.obj
c:\usr\code\freeimage_src\source\libwebp\x64\release\dsp.cost_mips32.obj
c:\usr\code\freeimage_src\source\libwebp\x64\release\dsp.cost.obj
c:\usr\code\freeimage_src\source\libwebp\x64\release\dsp.argb_sse2.obj
c:\usr\code\freeimage_src\source\libwebp\x64\release\dsp.argb_mips_dsp_r2.obj
c:\usr\code\freeimage_src\source\libwebp\x64\release\dsp.argb.obj
c:\usr\code\freeimage_src\source\libwebp\x64\release\dsp.alpha_processing_sse2.obj
c:\usr\code\freeimage_src\source\libwebp\x64\release\dsp.alpha_processing_mips_dsp_r2.obj
c:\usr\code\freeimage_src\source\libwebp\x64\release\dsp.alpha_processing.obj
c:\usr\code\freeimage_src\source\libwebp\x64\release\demux.demux.obj
c:\usr\code\freeimage_src\source\libwebp\x64\release\dec.webp.obj
c:\usr\code\freeimage_src\source\libwebp\x64\release\dec.vp8l.obj
c:\usr\code\freeimage_src\source\libwebp\x64\release\dec.vp8.obj
c:\usr\code\freeimage_src\source\libwebp\x64\release\dec.tree.obj
c:\usr\code\freeimage_src\source\libwebp\x64\release\dec.quant.obj
c:\usr\code\freeimage_src\source\libwebp\x64\release\dec.io.obj
c:\usr\code\freeimage_src\source\libwebp\x64\release\dec.idec.obj
c:\usr\code\freeimage_src\source\libwebp\x64\release\dec.frame.obj
c:\usr\code\freeimage_src\source\libwebp\x64\release\dec.buffer.obj
c:\usr\code\freeimage_src\source\libwebp\x64\release\dec.alpha.obj
c:\usr\code\freeimage_src\source\libwebp\x64\release\dsp.lossless_mips_dsp_r2.obj
c:\usr\code\freeimage_src\source\libwebp\x64\release\dsp.lossless_mips32.obj
c:\usr\code\freeimage_src\source\libwebp\x64\release\dsp.lossless.obj
c:\usr\code\freeimage_src\source\libwebp\x64\release\dsp.filters_sse2.obj
c:\usr\code\freeimage_src\source\libwebp\x64\release\dsp.filters_mips_dsp_r2.obj
c:\usr\code\freeimage_src\source\libwebp\x64\release\dsp.filters.obj
c:\usr\code\freeimage_src\source\libwebp\x64\release\dsp.enc_sse2.obj
c:\usr\code\freeimage_src\source\libwebp\x64\release\dsp.enc_neon.obj
c:\usr\code\freeimage_src\source\libwebp\x64\release\dsp.enc_mips_dsp_r2.obj
c:\usr\code\freeimage_src\source\libwebp\x64\release\dsp.enc_mips32.obj
c:\usr\code\freeimage_src\source\libwebp\x64\release\dsp.enc_avx2.obj
c:\usr\code\freeimage_src\source\libwebp\x64\release\dsp.enc.obj
c:\usr\code\freeimage_src\source\libwebp\x64\release\dsp.dec_sse2.obj
c:\usr\code\freeimage_src\source\libwebp\x64\release\dsp.dec_neon.obj
c:\usr\code\freeimage_src\source\libwebp\x64\release\dsp.dec_mips_dsp_r2.obj
c:\usr\code\freeimage_src\source\libwebp\x64\release\dsp.dec_mips32.obj
c:\usr\code\freeimage_src\source\libwebp\x64\release\dsp.dec_clip_tables.obj
c:\usr\code\freeimage_src\source\libwebp\x64\release\dsp.dec.obj
c:\usr\code\freeimage_src\source\libwebp\x64\release\dsp.cpu.obj
c:\usr\code\freeimage_src\source\libwebp\x64\release\dsp.cost_sse2.obj
c:\usr\code\freeimage_src\source\libwebp\x64\release\enc.frame.obj
c:\usr\code\freeimage_src\source\libwebp\x64\release\enc.filter.obj
c:\usr\code\freeimage_src\source\libwebp\x64\release\enc.cost.obj
c:\usr\code\freeimage_src\source\libwebp\x64\release\enc.config.obj
c:\usr\code\freeimage_src\source\libwebp\x64\release\enc.backward_references.obj
c:\usr\code\freeimage_src\source\libwebp\x64\release\enc.analysis.obj
c:\usr\code\freeimage_src\source\libwebp\x64\release\enc.alpha.obj
c:\usr\code\freeimage_src\source\libwebp\x64\release\dsp.yuv_sse2.obj
c:\usr\code\freeimage_src\source\libwebp\x64\release\dsp.yuv_mips_dsp_r2.obj
c:\usr\code\freeimage_src\source\libwebp\x64\release\dsp.yuv_mips32.obj
c:\usr\code\freeimage_src\source\libwebp\x64\release\dsp.yuv.obj
c:\usr\code\freeimage_src\source\libwebp\x64\release\dsp.upsampling_sse2.obj
c:\usr\code\freeimage_src\source\libwebp\x64\release\dsp.upsampling_neon.obj
c:\usr\code\freeimage_src\source\libwebp\x64\release\dsp.upsampling_mips_dsp_r2.obj
c:\usr\code\freeimage_src\source\libwebp\x64\release\dsp.upsampling.obj
c:\usr\code\freeimage_src\source\libwebp\x64\release\dsp.rescaler_mips_dsp_r2.obj
c:\usr\code\freeimage_src\source\libwebp\x64\release\dsp.rescaler_mips32.obj
c:\usr\code\freeimage_src\source\libwebp\x64\release\dsp.rescaler.obj
c:\usr\code\freeimage_src\source\libwebp\x64\release\dsp.lossless_sse2.obj
c:\usr\code\freeimage_src\source\libwebp\x64\release\dsp.lossless_neon.obj
c:\usr\code\freeimage_src\source\libwebp\x64\release\utils.bit_writer.obj
c:\usr\code\freeimage_src\source\libwebp\x64\release\utils.bit_reader.obj
c:\usr\code\freeimage_src\source\libwebp\x64\release\mux.muxread.obj
c:\usr\code\freeimage_src\source\libwebp\x64\release\mux.muxinternal.obj
c:\usr\code\freeimage_src\source\libwebp\x64\release\mux.muxedit.obj
c:\usr\code\freeimage_src\source\libwebp\x64\release\mux.anim_encode.obj
c:\usr\code\freeimage_src\source\libwebp\x64\release\enc.webpenc.obj
c:\usr\code\freeimage_src\source\libwebp\x64\release\enc.vp8l.obj
c:\usr\code\freeimage_src\source\libwebp\x64\release\enc.tree.obj
c:\usr\code\freeimage_src\source\libwebp\x64\release\enc.token.obj
c:\usr\code\freeimage_src\source\libwebp\x64\release\enc.syntax.obj
c:\usr\code\freeimage_src\source\libwebp\x64\release\enc.quant.obj
c:\usr\code\freeimage_src\source\libwebp\x64\release\enc.picture_tools.obj
c:\usr\code\freeimage_src\source\libwebp\x64\release\enc.picture_rescale.obj
c:\usr\code\freeimage_src\source\libwebp\x64\release\enc.picture_psnr.obj
c:\usr\code\freeimage_src\source\libwebp\x64\release\enc.picture_csp.obj
c:\usr\code\freeimage_src\source\libwebp\x64\release\enc.picture.obj
c:\usr\code\freeimage_src\source\libwebp\x64\release\enc.near_lossless.obj
c:\usr\code\freeimage_src\source\libwebp\x64\release\enc.iterator.obj
c:\usr\code\freeimage_src\source\libwebp\x64\release\enc.histogram.obj
c:\usr\code\freeimage_src\source\libwebp\x64\release\utils.utils.obj
c:\usr\code\freeimage_src\source\libwebp\x64\release\utils.thread.obj
c:\usr\code\freeimage_src\source\libwebp\x64\release\utils.rescaler.obj
c:\usr\code\freeimage_src\source\libwebp\x64\release\utils.random.obj
c:\usr\code\freeimage_src\source\libwebp\x64\release\utils.quant_levels_dec.obj
c:\usr\code\freeimage_src\source\libwebp\x64\release\utils.quant_levels.obj
c:\usr\code\freeimage_src\source\libwebp\x64\release\utils.huffman_encode.obj
c:\usr\code\freeimage_src\source\libwebp\x64\release\utils.huffman.obj
c:\usr\code\freeimage_src\source\libwebp\x64\release\utils.filters.obj
c:\usr\code\freeimage_src\source\libwebp\x64\release\utils.color_cache.obj
c:\usr\code\freeimage_src\source\libwebp\x64\release\vc120.pdb
c:\usr\code\freeimage_src\source\libwebp\x64\release\libwebp.lib
c:\usr\code\freeimage_src\source\libwebp\.\x64\release\libwebp.lib
c:\usr\code\freeimage_src\source\libwebp\x64\release\libwebp.tlog\cl.command.1.tlog
c:\usr\code\freeimage_src\source\libwebp\x64\release\libwebp.tlog\cl.read.1.tlog
c:\usr\code\freeimage_src\source\libwebp\x64\release\libwebp.tlog\cl.write.1.tlog
c:\usr\code\freeimage_src\source\libwebp\x64\release\libwebp.tlog\lib-link.read.1.tlog
c:\usr\code\freeimage_src\source\libwebp\x64\release\libwebp.tlog\lib-link.write.1.tlog
c:\usr\code\freeimage_src\source\libwebp\x64\release\libwebp.tlog\lib.command.1.tlog
