c:\usr\code\freeimage_src\source\libpng\x64\release\pngwutil.obj
c:\usr\code\freeimage_src\source\libpng\x64\release\pngwtran.obj
c:\usr\code\freeimage_src\source\libpng\x64\release\pngwrite.obj
c:\usr\code\freeimage_src\source\libpng\x64\release\pngwio.obj
c:\usr\code\freeimage_src\source\libpng\x64\release\pngtrans.obj
c:\usr\code\freeimage_src\source\libpng\x64\release\pngset.obj
c:\usr\code\freeimage_src\source\libpng\x64\release\pngrutil.obj
c:\usr\code\freeimage_src\source\libpng\x64\release\pngrtran.obj
c:\usr\code\freeimage_src\source\libpng\x64\release\pngrio.obj
c:\usr\code\freeimage_src\source\libpng\x64\release\pngread.obj
c:\usr\code\freeimage_src\source\libpng\x64\release\pngpread.obj
c:\usr\code\freeimage_src\source\libpng\x64\release\pngmem.obj
c:\usr\code\freeimage_src\source\libpng\x64\release\pngget.obj
c:\usr\code\freeimage_src\source\libpng\x64\release\pngerror.obj
c:\usr\code\freeimage_src\source\libpng\x64\release\png.obj
c:\usr\code\freeimage_src\source\libpng\x64\release\vc120.pdb
c:\usr\code\freeimage_src\source\libpng\x64\release\libpng.lib
c:\usr\code\freeimage_src\source\libpng\.\x64\release\libpng.lib
c:\usr\code\freeimage_src\source\libpng\x64\release\libpng.tlog\cl.command.1.tlog
c:\usr\code\freeimage_src\source\libpng\x64\release\libpng.tlog\cl.read.1.tlog
c:\usr\code\freeimage_src\source\libpng\x64\release\libpng.tlog\cl.write.1.tlog
c:\usr\code\freeimage_src\source\libpng\x64\release\libpng.tlog\lib-link.read.1.tlog
c:\usr\code\freeimage_src\source\libpng\x64\release\libpng.tlog\lib-link.write.1.tlog
c:\usr\code\freeimage_src\source\libpng\x64\release\libpng.tlog\lib.command.1.tlog
