Build started 20.03.2016 15:53:50.
     1>Project "C:\usr\code\FreeImage_src_vs13\Source\LibPNG\LibPNG.2013.vcxproj" on node 2 (Build target(s)).
     1>ClCompile:
         C:\Program Files (x86)\Microsoft Visual Studio 12.0\VC\bin\x86_amd64\CL.exe /c /I..\zlib /nologo /W3 /WX- /Ox /Ob1 /Oi /Ot /Oy /D WIN32 /D NDEBUG /D _LIB /D _CRT_SECURE_NO_DEPRECATE /D _VC80_UPGRADE=0x0710 /D _MBCS /GF /Gm- /EHsc /MT /GS- /fp:precise /Zc:wchar_t /Zc:forScope /Fo".\x64\Release\\" /Fd".\x64\Release\vc120.pdb" /Gd /TC /errorReport:prompt png.c pngerror.c pngget.c pngmem.c pngpread.c pngread.c pngrio.c pngrtran.c pngrutil.c pngset.c pngtrans.c pngwio.c pngwrite.c pngwtran.c pngwutil.c
         png.c
         pngerror.c
         pngget.c
         pngmem.c
         pngpread.c
         pngread.c
         pngrio.c
         pngrtran.c
         pngrutil.c
         pngset.c
         pngtrans.c
         pngwio.c
         pngwrite.c
         pngwtran.c
         pngwutil.c
         Generating Code...
       Lib:
         C:\Program Files (x86)\Microsoft Visual Studio 12.0\VC\bin\x86_amd64\Lib.exe /OUT:".\x64\Release\LibPNG.lib" /NOLOGO /MACHINE:X64 /LTCG .\x64\Release\png.obj
         .\x64\Release\pngerror.obj
         .\x64\Release\pngget.obj
         .\x64\Release\pngmem.obj
         .\x64\Release\pngpread.obj
         .\x64\Release\pngread.obj
         .\x64\Release\pngrio.obj
         .\x64\Release\pngrtran.obj
         .\x64\Release\pngrutil.obj
         .\x64\Release\pngset.obj
         .\x64\Release\pngtrans.obj
         .\x64\Release\pngwio.obj
         .\x64\Release\pngwrite.obj
         .\x64\Release\pngwtran.obj
         .\x64\Release\pngwutil.obj
         LibPNG.2013.vcxproj -> C:\usr\code\FreeImage_src_vs13\Source\LibPNG\.\x64\Release\LibPNG.lib
     1>Done Building Project "C:\usr\code\FreeImage_src_vs13\Source\LibPNG\LibPNG.2013.vcxproj" (Build target(s)).

Build succeeded.

Time Elapsed 00:00:12.69
